[tools/cot] Fetching CFTC data...
Server listening on port 3001
[push] VAPID keys missing — session scheduler disabled
[brain-scan] disabilitato (BRAIN_SCAN_ENABLED != 'true')
[tools/cot] deafut.txt OK — 7 markets, history: 1 weeks
[tools/cot] OK — 7 live (12wk hist) + 2 fallback, total 9
[2026-06-06 22:25:36.268 +0200] [32mINFO[39m (6896): [36m→ GET /api/healthz[39m
    [35mrequestId[39m: "52b14179-a63f-4cf3-9dab-eb8979f9a07f"
    [35mmethod[39m: "GET"
    [35mpath[39m: "/api/healthz"
    [35mevent[39m: "request.start"
[2026-06-06 22:25:36.277 +0200] [32mINFO[39m (6896): [36m← GET /api/healthz 200 (9ms)[39m
    [35mrequestId[39m: "52b14179-a63f-4cf3-9dab-eb8979f9a07f"
    [35mmethod[39m: "GET"
    [35mpath[39m: "/api/healthz"
    [35mevent[39m: "request.end"
    [35mstatusCode[39m: 200
    [35mdurationMs[39m: 9
[2026-06-06 22:25:36.287 +0200] [32mINFO[39m (6896): [36m→ GET /api/brokers/profiles[39m
    [35mrequestId[39m: "11e06b58-e1ba-4d9e-bcce-e7319144f8f5"
    [35mmethod[39m: "GET"
    [35mpath[39m: "/api/brokers/profiles"
    [35mevent[39m: "request.start"
[2026-06-06 22:25:36.291 +0200] [32mINFO[39m (6896): [36m← GET /api/brokers/profiles 200 (4ms)[39m
    [35mrequestId[39m: "11e06b58-e1ba-4d9e-bcce-e7319144f8f5"
    [35mmethod[39m: "GET"
    [35mpath[39m: "/api/brokers/profiles"
    [35mevent[39m: "request.end"
    [35mstatusCode[39m: 200
    [35mdurationMs[39m: 4
[2026-06-06 22:25:52.702 +0200] [32mINFO[39m (6896): [36m→ GET /api/healthz[39m
    [35mrequestId[39m: "03eed651-697b-4bb1-a180-9cf387c39000"
    [35mmethod[39m: "GET"
    [35mpath[39m: "/api/healthz"
    [35mevent[39m: "request.start"
[2026-06-06 22:25:52.705 +0200] [32mINFO[39m (6896): [36m← GET /api/healthz 200 (3ms)[39m
    [35mrequestId[39m: "03eed651-697b-4bb1-a180-9cf387c39000"
    [35mmethod[39m: "GET"
    [35mpath[39m: "/api/healthz"
    [35mevent[39m: "request.end"
    [35mstatusCode[39m: 200
    [35mdurationMs[39m: 3
[2026-06-06 22:25:52.714 +0200] [32mINFO[39m (6896): [36m→ GET /api/brokers/profiles[39m
    [35mrequestId[39m: "3834556c-b3f8-44f6-bda8-ebbacc9fdf6b"
    [35mmethod[39m: "GET"
    [35mpath[39m: "/api/brokers/profiles"
    [35mevent[39m: "request.start"
[2026-06-06 22:25:52.718 +0200] [32mINFO[39m (6896): [36m← GET /api/brokers/profiles 200 (4ms)[39m
    [35mrequestId[39m: "3834556c-b3f8-44f6-bda8-ebbacc9fdf6b"
    [35mmethod[39m: "GET"
    [35mpath[39m: "/api/brokers/profiles"
    [35mevent[39m: "request.end"
    [35mstatusCode[39m: 200
    [35mdurationMs[39m: 4
[2026-06-06 22:26:04.127 +0200] [32mINFO[39m (6896): [36m→ POST /api/brokers/profiles[39m
    [35mrequestId[39m: "b726b010-e436-4a27-a66f-920814f81ea4"
    [35mmethod[39m: "POST"
    [35mpath[39m: "/api/brokers/profiles"
    [35mevent[39m: "request.start"
[2026-06-06 22:26:04.145 +0200] [32mINFO[39m (6896): [36m← POST /api/brokers/profiles 201 (18ms)[39m
    [35mrequestId[39m: "b726b010-e436-4a27-a66f-920814f81ea4"
    [35mmethod[39m: "POST"
    [35mpath[39m: "/api/brokers/profiles"
    [35mevent[39m: "request.end"
    [35mstatusCode[39m: 201
    [35mdurationMs[39m: 18
[2026-06-06 22:26:04.175 +0200] [32mINFO[39m (6896): [36m→ POST /api/brokers/profiles/40671d29-c495-4856-bbd4-dbf6fc24ab18/connect[39m
    [35mrequestId[39m: "8f9ecd87-78df-46bf-8a19-b6d7e4dee14f"
    [35mmethod[39m: "POST"
    [35mpath[39m: "/api/brokers/profiles/40671d29-c495-4856-bbd4-dbf6fc24ab18/connect"
    [35mevent[39m: "request.start"
[2026-06-06 22:26:04.181 +0200] [32mINFO[39m (6896): [36m← POST /api/brokers/profiles/40671d29-c495-4856-bbd4-dbf6fc24ab18/connect 200 (6ms)[39m
    [35mrequestId[39m: "8f9ecd87-78df-46bf-8a19-b6d7e4dee14f"
    [35mmethod[39m: "POST"
    [35mpath[39m: "/api/brokers/profiles/40671d29-c495-4856-bbd4-dbf6fc24ab18/connect"
    [35mevent[39m: "request.end"
    [35mstatusCode[39m: 200
    [35mdurationMs[39m: 6
[2026-06-06 22:26:04.185 +0200] [32mINFO[39m (6896): [36m→ POST /api/brokers/profiles/40671d29-c495-4856-bbd4-dbf6fc24ab18/orders[39m
    [35mrequestId[39m: "06cda7b9-a020-471c-b042-01ee48bef3b5"
    [35mmethod[39m: "POST"
    [35mpath[39m: "/api/brokers/profiles/40671d29-c495-4856-bbd4-dbf6fc24ab18/orders"
    [35mevent[39m: "request.start"
[2026-06-06 22:26:04.190 +0200] [32mINFO[39m (6896): [36m← POST /api/brokers/profiles/40671d29-c495-4856-bbd4-dbf6fc24ab18/orders 200 (5ms)[39m
    [35mrequestId[39m: "06cda7b9-a020-471c-b042-01ee48bef3b5"
    [35mmethod[39m: "POST"
    [35mpath[39m: "/api/brokers/profiles/40671d29-c495-4856-bbd4-dbf6fc24ab18/orders"
    [35mevent[39m: "request.end"
    [35mstatusCode[39m: 200
    [35mdurationMs[39m: 5
[2026-06-06 22:26:04.191 +0200] [32mINFO[39m (6896): [36m→ GET /api/brokers/profiles/40671d29-c495-4856-bbd4-dbf6fc24ab18/snapshot[39m
    [35mrequestId[39m: "cac44809-2d10-4deb-8ed7-52058c0ac52e"
    [35mmethod[39m: "GET"
    [35mpath[39m: "/api/brokers/profiles/40671d29-c495-4856-bbd4-dbf6fc24ab18/snapshot"
    [35mevent[39m: "request.start"
[2026-06-06 22:26:04.193 +0200] [32mINFO[39m (6896): [36m← GET /api/brokers/profiles/40671d29-c495-4856-bbd4-dbf6fc24ab18/snapshot 200 (2ms)[39m
    [35mrequestId[39m: "cac44809-2d10-4deb-8ed7-52058c0ac52e"
    [35mmethod[39m: "GET"
    [35mpath[39m: "/api/brokers/profiles/40671d29-c495-4856-bbd4-dbf6fc24ab18/snapshot"
    [35mevent[39m: "request.end"
    [35mstatusCode[39m: 200
    [35mdurationMs[39m: 2
[2026-06-06 22:26:13.243 +0200] [32mINFO[39m (6896): [36m→ GET /api/brokers/profiles[39m
    [35mrequestId[39m: "8587f2a3-5afa-4e37-9caa-94aaa3e04a16"
    [35mmethod[39m: "GET"
    [35mpath[39m: "/api/brokers/profiles"
    [35mevent[39m: "request.start"
[2026-06-06 22:26:13.245 +0200] [32mINFO[39m (6896): [36m← GET /api/brokers/profiles 200 (2ms)[39m
    [35mrequestId[39m: "8587f2a3-5afa-4e37-9caa-94aaa3e04a16"
    [35mmethod[39m: "GET"
    [35mpath[39m: "/api/brokers/profiles"
    [35mevent[39m: "request.end"
    [35mstatusCode[39m: 200
    [35mdurationMs[39m: 2
[2026-06-06 22:26:13.290 +0200] [32mINFO[39m (6896): [36m→ DELETE /api/brokers/profiles/40671d29-c495-4856-bbd4-dbf6fc24ab18[39m
    [35mrequestId[39m: "161e8013-bbb3-4c9b-a94c-9607637534f7"
    [35mmethod[39m: "DELETE"
    [35mpath[39m: "/api/brokers/profiles/40671d29-c495-4856-bbd4-dbf6fc24ab18"
    [35mevent[39m: "request.start"
[2026-06-06 22:26:13.296 +0200] [32mINFO[39m (6896): [36m← DELETE /api/brokers/profiles/40671d29-c495-4856-bbd4-dbf6fc24ab18 204 (6ms)[39m
    [35mrequestId[39m: "161e8013-bbb3-4c9b-a94c-9607637534f7"
    [35mmethod[39m: "DELETE"
    [35mpath[39m: "/api/brokers/profiles/40671d29-c495-4856-bbd4-dbf6fc24ab18"
    [35mevent[39m: "request.end"
    [35mstatusCode[39m: 204
    [35mdurationMs[39m: 6
[2026-06-06 22:26:13.307 +0200] [32mINFO[39m (6896): [36m→ GET /api/brokers/profiles[39m
    [35mrequestId[39m: "0876731a-712f-4814-a842-aa8a1c8e9e26"
    [35mmethod[39m: "GET"
    [35mpath[39m: "/api/brokers/profiles"
    [35mevent[39m: "request.start"
[2026-06-06 22:26:13.309 +0200] [32mINFO[39m (6896): [36m← GET /api/brokers/profiles 200 (2ms)[39m
    [35mrequestId[39m: "0876731a-712f-4814-a842-aa8a1c8e9e26"
    [35mmethod[39m: "GET"
    [35mpath[39m: "/api/brokers/profiles"
    [35mevent[39m: "request.end"
    [35mstatusCode[39m: 200
    [35mdurationMs[39m: 2
[2026-06-06 22:31:49.370 +0200] [32mINFO[39m (6896): [36m→ GET /api/chat/unread[39m
    [35mrequestId[39m: "0ff18935-e3c0-4b3a-ab8b-c837af51c1ea"
    [35mmethod[39m: "GET"
    [35mpath[39m: "/api/chat/unread"
    [35mevent[39m: "request.start"
[2026-06-06 22:31:49.960 +0200] [31mERROR[39m (6896): [36m← GET /api/chat/unread 500 (590ms)[39m
    [35mrequestId[39m: "0ff18935-e3c0-4b3a-ab8b-c837af51c1ea"
    [35mmethod[39m: "GET"
    [35mpath[39m: "/api/chat/unread"
    [35muserId[39m: "user_3DrhamMSMhZSyS2DtR356YYgh2A"
    [35mevent[39m: "request.end"
    [35mstatusCode[39m: 500
    [35mdurationMs[39m: 590
[2026-06-06 22:31:50.160 +0200] [32mINFO[39m (6896): [36m→ GET /api/brokers/profiles[39m
    [35mrequestId[39m: "8f9d198c-f0e2-4a8b-ad2b-01cba8b4a8df"
    [35mmethod[39m: "GET"
    [35mpath[39m: "/api/brokers/profiles"
    [35mevent[39m: "request.start"
[2026-06-06 22:31:50.165 +0200] [32mINFO[39m (6896): [36m← GET /api/brokers/profiles 200 (4ms)[39m
    [35mrequestId[39m: "8f9d198c-f0e2-4a8b-ad2b-01cba8b4a8df"
    [35mmethod[39m: "GET"
    [35mpath[39m: "/api/brokers/profiles"
    [35mevent[39m: "request.end"
    [35mstatusCode[39m: 200
    [35mdurationMs[39m: 4
[2026-06-06 22:31:54.972 +0200] [32mINFO[39m (6896): [36m→ GET /api/chat/unread[39m
    [35mrequestId[39m: "6e73f08c-9427-4626-9b5a-cfff80cab180"
    [35mmethod[39m: "GET"
    [35mpath[39m: "/api/chat/unread"
    [35mevent[39m: "request.start"
[2026-06-06 22:31:55.052 +0200] [31mERROR[39m (6896): [36m← GET /api/chat/unread 500 (80ms)[39m
    [35mrequestId[39m: "6e73f08c-9427-4626-9b5a-cfff80cab180"
    [35mmethod[39m: "GET"
    [35mpath[39m: "/api/chat/unread"
    [35muserId[39m: "user_3DrhamMSMhZSyS2DtR356YYgh2A"
    [35mevent[39m: "request.end"
    [35mstatusCode[39m: 500
    [35mdurationMs[39m: 80
[2026-06-06 22:32:00.062 +0200] [32mINFO[39m (6896): [36m→ GET /api/chat/unread[39m
    [35mrequestId[39m: "f3b46655-3d92-4bc3-926e-47386ee7efbf"
    [35mmethod[39m: "GET"
    [35mpath[39m: "/api/chat/unread"
    [35mevent[39m: "request.start"
[2026-06-06 22:32:00.140 +0200] [31mERROR[39m (6896): [36m← GET /api/chat/unread 500 (78ms)[39m
    [35mrequestId[39m: "f3b46655-3d92-4bc3-926e-47386ee7efbf"
    [35mmethod[39m: "GET"
    [35mpath[39m: "/api/chat/unread"
    [35muserId[39m: "user_3DrhamMSMhZSyS2DtR356YYgh2A"
    [35mevent[39m: "request.end"
    [35mstatusCode[39m: 500
    [35mdurationMs[39m: 78
[2026-06-06 22:32:05.160 +0200] [32mINFO[39m (6896): [36m→ GET /api/chat/unread[39m
    [35mrequestId[39m: "b616bc13-75ae-441e-8149-d2177db43012"
    [35mmethod[39m: "GET"
    [35mpath[39m: "/api/chat/unread"
    [35mevent[39m: "request.start"
[2026-06-06 22:32:05.232 +0200] [31mERROR[39m (6896): [36m← GET /api/chat/unread 500 (72ms)[39m
    [35mrequestId[39m: "b616bc13-75ae-441e-8149-d2177db43012"
    [35mmethod[39m: "GET"
    [35mpath[39m: "/api/chat/unread"
    [35muserId[39m: "user_3DrhamMSMhZSyS2DtR356YYgh2A"
    [35mevent[39m: "request.end"
    [35mstatusCode[39m: 500
    [35mdurationMs[39m: 72
[2026-06-06 22:43:33.651 +0200] [32mINFO[39m (6896): [36m→ GET /api/checklist[39m
    [35mrequestId[39m: "97bf113f-c3ec-40ce-8580-08da83f345e9"
    [35mmethod[39m: "GET"
    [35mpath[39m: "/api/checklist"
    [35mevent[39m: "request.start"
[2026-06-06 22:43:33.654 +0200] [32mINFO[39m (6896): [36m→ GET /api/missions[39m
    [35mrequestId[39m: "e1b4653d-75be-474a-87b8-752b4ec046f1"
    [35mmethod[39m: "GET"
    [35mpath[39m: "/api/missions"
    [35mevent[39m: "request.start"
[2026-06-06 22:43:33.655 +0200] [32mINFO[39m (6896): [36m→ GET /api/ideas[39m
    [35mrequestId[39m: "3358d79a-99f2-4464-8df3-c7184a4474ce"
    [35mmethod[39m: "GET"
    [35mpath[39m: "/api/ideas"
    [35mevent[39m: "request.start"
[2026-06-06 22:43:33.656 +0200] [32mINFO[39m (6896): [36m→ GET /api/settings[39m
    [35mrequestId[39m: "2d7b811b-3731-4c5e-9db7-e2a23c500143"
    [35mmethod[39m: "GET"
    [35mpath[39m: "/api/settings"
    [35mevent[39m: "request.start"
[2026-06-06 22:43:33.656 +0200] [32mINFO[39m (6896): [36m→ GET /api/calendar[39m
    [35mrequestId[39m: "756c2c9c-207b-4f72-9a2d-f3ae9379f91d"
    [35mmethod[39m: "GET"
    [35mpath[39m: "/api/calendar"
    [35mevent[39m: "request.start"
[2026-06-06 22:43:33.657 +0200] [32mINFO[39m (6896): [36m→ GET /api/profile[39m
    [35mrequestId[39m: "1a1bfc1d-1e51-4fb6-907f-226dc8999eca"
    [35mmethod[39m: "GET"
    [35mpath[39m: "/api/profile"
    [35mevent[39m: "request.start"
[2026-06-06 22:43:33.668 +0200] [32mINFO[39m (6896): [36m→ GET /api/brokers/profiles[39m
    [35mrequestId[39m: "ee8bdd4e-26f6-4879-8c49-ead0a0b868fe"
    [35mmethod[39m: "GET"
    [35mpath[39m: "/api/brokers/profiles"
    [35mevent[39m: "request.start"
[2026-06-06 22:43:33.670 +0200] [32mINFO[39m (6896): [36m← GET /api/brokers/profiles 304 (2ms)[39m
    [35mrequestId[39m: "ee8bdd4e-26f6-4879-8c49-ead0a0b868fe"
    [35mmethod[39m: "GET"
    [35mpath[39m: "/api/brokers/profiles"
    [35mevent[39m: "request.end"
    [35mstatusCode[39m: 304
    [35mdurationMs[39m: 2
[2026-06-06 22:43:34.183 +0200] [31mERROR[39m (6896): [36m← GET /api/ideas 500 (528ms)[39m
    [35mrequestId[39m: "3358d79a-99f2-4464-8df3-c7184a4474ce"
    [35mmethod[39m: "GET"
    [35mpath[39m: "/api/ideas"
    [35muserId[39m: "user_3DrhamMSMhZSyS2DtR356YYgh2A"
    [35mevent[39m: "request.end"
    [35mstatusCode[39m: 500
    [35mdurationMs[39m: 528
[2026-06-06 22:43:34.189 +0200] [32mINFO[39m (6896): [36m→ GET /api/tools/macro-news?currencies=USD%2CXAU&lang=it[39m
    [35mrequestId[39m: "b3e3b6ec-a24b-4849-bf94-7cb1f7389d54"
    [35mmethod[39m: "GET"
    [35mpath[39m: "/api/tools/macro-news"
    [35mevent[39m: "request.start"
[2026-06-06 22:43:34.203 +0200] [31mERROR[39m (6896): [36m← GET /api/checklist 500 (552ms)[39m
    [35mrequestId[39m: "97bf113f-c3ec-40ce-8580-08da83f345e9"
    [35mmethod[39m: "GET"
    [35mpath[39m: "/api/checklist"
    [35muserId[39m: "user_3DrhamMSMhZSyS2DtR356YYgh2A"
    [35mevent[39m: "request.end"
    [35mstatusCode[39m: 500
    [35mdurationMs[39m: 552
[2026-06-06 22:43:34.204 +0200] [31mERROR[39m (6896): [36m← GET /api/settings 500 (548ms)[39m
    [35mrequestId[39m: "2d7b811b-3731-4c5e-9db7-e2a23c500143"
    [35mmethod[39m: "GET"
    [35mpath[39m: "/api/settings"
    [35muserId[39m: "user_3DrhamMSMhZSyS2DtR356YYgh2A"
    [35mevent[39m: "request.end"
    [35mstatusCode[39m: 500
    [35mdurationMs[39m: 548
[2026-06-06 22:43:34.209 +0200] [31mERROR[39m (6896): [36m← GET /api/profile 500 (552ms)[39m
    [35mrequestId[39m: "1a1bfc1d-1e51-4fb6-907f-226dc8999eca"
    [35mmethod[39m: "GET"
    [35mpath[39m: "/api/profile"
    [35muserId[39m: "user_3DrhamMSMhZSyS2DtR356YYgh2A"
    [35mevent[39m: "request.end"
    [35mstatusCode[39m: 500
    [35mdurationMs[39m: 552
[2026-06-06 22:43:34.209 +0200] [32mINFO[39m (6896): [36m→ GET /api/chat/unread[39m
    [35mrequestId[39m: "8d172c3f-8d10-4e5a-a512-6c0f65896518"
    [35mmethod[39m: "GET"
    [35mpath[39m: "/api/chat/unread"
    [35mevent[39m: "request.start"
[2026-06-06 22:43:34.211 +0200] [32mINFO[39m (6896): [36m→ GET /api/quotes/random[39m
    [35mrequestId[39m: "5c83b839-d4bd-4ec3-879a-67ece8a38bb7"
    [35mmethod[39m: "GET"
    [35mpath[39m: "/api/quotes/random"
    [35mevent[39m: "request.start"
[2026-06-06 22:43:34.218 +0200] [32mINFO[39m (6896): [36m→ GET /api/tools/sentiment[39m
    [35mrequestId[39m: "295e797f-6649-49fa-9643-2d162d7e17a8"
    [35mmethod[39m: "GET"
    [35mpath[39m: "/api/tools/sentiment"
    [35mevent[39m: "request.start"
[2026-06-06 22:43:34.222 +0200] [32mINFO[39m (6896): [36m← GET /api/tools/sentiment 304 (4ms)[39m
    [35mrequestId[39m: "295e797f-6649-49fa-9643-2d162d7e17a8"
    [35mmethod[39m: "GET"
    [35mpath[39m: "/api/tools/sentiment"
    [35muserId[39m: "user_3DrhamMSMhZSyS2DtR356YYgh2A"
    [35mevent[39m: "request.end"
    [35mstatusCode[39m: 304
    [35mdurationMs[39m: 4
[2026-06-06 22:43:34.225 +0200] [31mERROR[39m (6896): [36m← GET /api/missions 500 (571ms)[39m
    [35mrequestId[39m: "e1b4653d-75be-474a-87b8-752b4ec046f1"
    [35mmethod[39m: "GET"
    [35mpath[39m: "/api/missions"
    [35muserId[39m: "user_3DrhamMSMhZSyS2DtR356YYgh2A"
    [35mevent[39m: "request.end"
    [35mstatusCode[39m: 500
    [35mdurationMs[39m: 571
[2026-06-06 22:43:34.228 +0200] [32mINFO[39m (6896): [36m→ GET /api/tools/volatility?pair=EURUSD[39m
    [35mrequestId[39m: "d66b3e1e-03e0-4608-a6b1-feb8e91e2b5d"
    [35mmethod[39m: "GET"
    [35mpath[39m: "/api/tools/volatility"
    [35mevent[39m: "request.start"
[2026-06-06 22:43:34.233 +0200] [32mINFO[39m (6896): [36m→ GET /api/tools/cot[39m
    [35mrequestId[39m: "ef328db7-e196-45e2-b4ea-3df9582bc5ed"
    [35mmethod[39m: "GET"
    [35mpath[39m: "/api/tools/cot"
    [35mevent[39m: "request.start"
[2026-06-06 22:43:34.237 +0200] [32mINFO[39m (6896): [36m← GET /api/tools/cot 200 (4ms)[39m
    [35mrequestId[39m: "ef328db7-e196-45e2-b4ea-3df9582bc5ed"
    [35mmethod[39m: "GET"
    [35mpath[39m: "/api/tools/cot"
    [35muserId[39m: "user_3DrhamMSMhZSyS2DtR356YYgh2A"
    [35mevent[39m: "request.end"
    [35mstatusCode[39m: 200
    [35mdurationMs[39m: 4
[2026-06-06 22:43:34.262 +0200] [31mERROR[39m (6896): [36m← GET /api/chat/unread 500 (53ms)[39m
    [35mrequestId[39m: "8d172c3f-8d10-4e5a-a512-6c0f65896518"
    [35mmethod[39m: "GET"
    [35mpath[39m: "/api/chat/unread"
    [35muserId[39m: "user_3DrhamMSMhZSyS2DtR356YYgh2A"
    [35mevent[39m: "request.end"
    [35mstatusCode[39m: 500
    [35mdurationMs[39m: 53
[2026-06-06 22:43:34.268 +0200] [31mERROR[39m (6896): [36m← GET /api/quotes/random 500 (57ms)[39m
    [35mrequestId[39m: "5c83b839-d4bd-4ec3-879a-67ece8a38bb7"
    [35mmethod[39m: "GET"
    [35mpath[39m: "/api/quotes/random"
    [35muserId[39m: "user_3DrhamMSMhZSyS2DtR356YYgh2A"
    [35mevent[39m: "request.end"
    [35mstatusCode[39m: 500
    [35mdurationMs[39m: 57
[2026-06-06 22:43:34.712 +0200] [32mINFO[39m (6896): [36m← GET /api/tools/volatility?pair=EURUSD 304 (484ms)[39m
    [35mrequestId[39m: "d66b3e1e-03e0-4608-a6b1-feb8e91e2b5d"
    [35mmethod[39m: "GET"
    [35mpath[39m: "/api/tools/volatility"
    [35muserId[39m: "user_3DrhamMSMhZSyS2DtR356YYgh2A"
    [35mevent[39m: "request.end"
    [35mstatusCode[39m: 304
    [35mdurationMs[39m: 484
[2026-06-06 22:43:34.839 +0200] [32mINFO[39m (6896): [36m← GET /api/calendar 200 (1183ms)[39m
    [35mrequestId[39m: "756c2c9c-207b-4f72-9a2d-f3ae9379f91d"
    [35mmethod[39m: "GET"
    [35mpath[39m: "/api/calendar"
    [35muserId[39m: "user_3DrhamMSMhZSyS2DtR356YYgh2A"
    [35mevent[39m: "request.end"
    [35mstatusCode[39m: 200
    [35mdurationMs[39m: 1183
[2026-06-06 22:43:35.878 +0200] [32mINFO[39m (6896): [36m← GET /api/tools/macro-news?currencies=USD%2CXAU&lang=it 200 (1689ms)[39m
    [35mrequestId[39m: "b3e3b6ec-a24b-4849-bf94-7cb1f7389d54"
    [35mmethod[39m: "GET"
    [35mpath[39m: "/api/tools/macro-news"
    [35muserId[39m: "user_3DrhamMSMhZSyS2DtR356YYgh2A"
    [35mevent[39m: "request.end"
    [35mstatusCode[39m: 200
    [35mdurationMs[39m: 1689
[2026-06-06 22:45:51.836 +0200] [32mINFO[39m (6896): [36m→ GET /api/checklist[39m
    [35mrequestId[39m: "bfc96e45-6c7c-4e3e-893a-5115b56a7c88"
    [35mmethod[39m: "GET"
    [35mpath[39m: "/api/checklist"
    [35mevent[39m: "request.start"
[2026-06-06 22:45:51.838 +0200] [32mINFO[39m (6896): [36m→ GET /api/missions[39m
    [35mrequestId[39m: "bf6ba8ad-d463-4722-98da-5731e8c4179f"
    [35mmethod[39m: "GET"
    [35mpath[39m: "/api/missions"
    [35mevent[39m: "request.start"
[2026-06-06 22:45:51.841 +0200] [32mINFO[39m (6896): [36m→ GET /api/settings[39m
    [35mrequestId[39m: "730a0f21-ee1a-41df-8fd4-5dcfcf60c40f"
    [35mmethod[39m: "GET"
    [35mpath[39m: "/api/settings"
    [35mevent[39m: "request.start"
[2026-06-06 22:45:51.842 +0200] [32mINFO[39m (6896): [36m→ GET /api/ideas[39m
    [35mrequestId[39m: "8fa48bef-2210-4c8a-bd0e-aadc30977dec"
    [35mmethod[39m: "GET"
    [35mpath[39m: "/api/ideas"
    [35mevent[39m: "request.start"
[2026-06-06 22:45:51.842 +0200] [32mINFO[39m (6896): [36m→ GET /api/calendar[39m
    [35mrequestId[39m: "8b859a8f-da20-4b04-83da-609072e43b1c"
    [35mmethod[39m: "GET"
    [35mpath[39m: "/api/calendar"
    [35mevent[39m: "request.start"
[2026-06-06 22:45:51.849 +0200] [32mINFO[39m (6896): [36m→ GET /api/profile[39m
    [35mrequestId[39m: "63225a3b-58f3-4485-a690-09f651097b23"
    [35mmethod[39m: "GET"
    [35mpath[39m: "/api/profile"
    [35mevent[39m: "request.start"
[2026-06-06 22:45:51.856 +0200] [32mINFO[39m (6896): [36m← GET /api/calendar 304 (14ms)[39m
    [35mrequestId[39m: "8b859a8f-da20-4b04-83da-609072e43b1c"
    [35mmethod[39m: "GET"
    [35mpath[39m: "/api/calendar"
    [35muserId[39m: "user_3DrhamMSMhZSyS2DtR356YYgh2A"
    [35mevent[39m: "request.end"
    [35mstatusCode[39m: 304
    [35mdurationMs[39m: 14
[2026-06-06 22:45:51.862 +0200] [32mINFO[39m (6896): [36m→ GET /api/chat/unread[39m
    [35mrequestId[39m: "2fed6f75-c123-4799-addf-e971ef7a1c22"
    [35mmethod[39m: "GET"
    [35mpath[39m: "/api/chat/unread"
    [35mevent[39m: "request.start"
[2026-06-06 22:45:51.923 +0200] [32mINFO[39m (6896): [36m→ GET /api/brokers/profiles[39m
    [35mrequestId[39m: "fe838a3e-3c02-4bb4-b9ee-7a96c7f0042f"
    [35mmethod[39m: "GET"
    [35mpath[39m: "/api/brokers/profiles"
    [35mevent[39m: "request.start"
[2026-06-06 22:45:51.948 +0200] [32mINFO[39m (6896): [36m← GET /api/brokers/profiles 304 (25ms)[39m
    [35mrequestId[39m: "fe838a3e-3c02-4bb4-b9ee-7a96c7f0042f"
    [35mmethod[39m: "GET"
    [35mpath[39m: "/api/brokers/profiles"
    [35mevent[39m: "request.end"
    [35mstatusCode[39m: 304
    [35mdurationMs[39m: 25
[2026-06-06 22:45:51.967 +0200] [31mERROR[39m (6896): [36m← GET /api/profile 500 (118ms)[39m
    [35mrequestId[39m: "63225a3b-58f3-4485-a690-09f651097b23"
    [35mmethod[39m: "GET"
    [35mpath[39m: "/api/profile"
    [35muserId[39m: "user_3DrhamMSMhZSyS2DtR356YYgh2A"
    [35mevent[39m: "request.end"
    [35mstatusCode[39m: 500
    [35mdurationMs[39m: 118
[2026-06-06 22:45:51.971 +0200] [31mERROR[39m (6896): [36m← GET /api/ideas 500 (129ms)[39m
    [35mrequestId[39m: "8fa48bef-2210-4c8a-bd0e-aadc30977dec"
    [35mmethod[39m: "GET"
    [35mpath[39m: "/api/ideas"
    [35muserId[39m: "user_3DrhamMSMhZSyS2DtR356YYgh2A"
    [35mevent[39m: "request.end"
    [35mstatusCode[39m: 500
    [35mdurationMs[39m: 129
[2026-06-06 22:45:51.972 +0200] [31mERROR[39m (6896): [36m← GET /api/checklist 500 (136ms)[39m
    [35mrequestId[39m: "bfc96e45-6c7c-4e3e-893a-5115b56a7c88"
    [35mmethod[39m: "GET"
    [35mpath[39m: "/api/checklist"
    [35muserId[39m: "user_3DrhamMSMhZSyS2DtR356YYgh2A"
    [35mevent[39m: "request.end"
    [35mstatusCode[39m: 500
    [35mdurationMs[39m: 136
[2026-06-06 22:45:51.983 +0200] [32mINFO[39m (6896): [36m→ GET /api/quotes/random[39m
    [35mrequestId[39m: "6e02ea67-3815-45c7-a3ca-2682c588b453"
    [35mmethod[39m: "GET"
    [35mpath[39m: "/api/quotes/random"
    [35mevent[39m: "request.start"
[2026-06-06 22:45:51.992 +0200] [31mERROR[39m (6896): [36m← GET /api/settings 500 (151ms)[39m
    [35mrequestId[39m: "730a0f21-ee1a-41df-8fd4-5dcfcf60c40f"
    [35mmethod[39m: "GET"
    [35mpath[39m: "/api/settings"
    [35muserId[39m: "user_3DrhamMSMhZSyS2DtR356YYgh2A"
    [35mevent[39m: "request.end"
    [35mstatusCode[39m: 500
    [35mdurationMs[39m: 151
[2026-06-06 22:45:51.994 +0200] [31mERROR[39m (6896): [36m← GET /api/missions 500 (156ms)[39m
    [35mrequestId[39m: "bf6ba8ad-d463-4722-98da-5731e8c4179f"
    [35mmethod[39m: "GET"
    [35mpath[39m: "/api/missions"
    [35muserId[39m: "user_3DrhamMSMhZSyS2DtR356YYgh2A"
    [35mevent[39m: "request.end"
    [35mstatusCode[39m: 500
    [35mdurationMs[39m: 156
[2026-06-06 22:45:52.022 +0200] [31mERROR[39m (6896): [36m← GET /api/chat/unread 500 (159ms)[39m
    [35mrequestId[39m: "2fed6f75-c123-4799-addf-e971ef7a1c22"
    [35mmethod[39m: "GET"
    [35mpath[39m: "/api/chat/unread"
    [35muserId[39m: "user_3DrhamMSMhZSyS2DtR356YYgh2A"
    [35mevent[39m: "request.end"
    [35mstatusCode[39m: 500
    [35mdurationMs[39m: 159
[2026-06-06 22:45:52.037 +0200] [31mERROR[39m (6896): [36m← GET /api/quotes/random 500 (54ms)[39m
    [35mrequestId[39m: "6e02ea67-3815-45c7-a3ca-2682c588b453"
    [35mmethod[39m: "GET"
    [35mpath[39m: "/api/quotes/random"
    [35muserId[39m: "user_3DrhamMSMhZSyS2DtR356YYgh2A"
    [35mevent[39m: "request.end"
    [35mstatusCode[39m: 500
    [35mdurationMs[39m: 54
[2026-06-06 22:46:01.977 +0200] [32mINFO[39m (6896): [36m→ GET /api/brokers/profiles[39m
    [35mrequestId[39m: "e9854cb6-f5ae-4bcf-9d55-f5d8d679a35a"
    [35mmethod[39m: "GET"
    [35mpath[39m: "/api/brokers/profiles"
    [35mevent[39m: "request.start"
[2026-06-06 22:46:01.979 +0200] [32mINFO[39m (6896): [36m← GET /api/brokers/profiles 304 (2ms)[39m
    [35mrequestId[39m: "e9854cb6-f5ae-4bcf-9d55-f5d8d679a35a"
    [35mmethod[39m: "GET"
    [35mpath[39m: "/api/brokers/profiles"
    [35mevent[39m: "request.end"
    [35mstatusCode[39m: 304
    [35mdurationMs[39m: 2
[2026-06-06 22:46:15.180 +0200] [32mINFO[39m (6896): [36m→ GET /api/brokers/profiles[39m
    [35mrequestId[39m: "452c35d3-d55f-4cd4-b2fa-6ee0d50ebddb"
    [35mmethod[39m: "GET"
    [35mpath[39m: "/api/brokers/profiles"
    [35mevent[39m: "request.start"
[2026-06-06 22:46:15.182 +0200] [32mINFO[39m (6896): [36m← GET /api/brokers/profiles 304 (2ms)[39m
    [35mrequestId[39m: "452c35d3-d55f-4cd4-b2fa-6ee0d50ebddb"
    [35mmethod[39m: "GET"
    [35mpath[39m: "/api/brokers/profiles"
    [35mevent[39m: "request.end"
    [35mstatusCode[39m: 304
    [35mdurationMs[39m: 2
undefined
C:\Users\osman\Desktop\TraderLoadingsLOCALE\artifacts\api-server:
[ERR_PNPM_RECURSIVE_EXEC_FIRST_FAIL] Command failed with exit code 4294967295: tsx ./src/index.ts
