[tools/cot] Fetching CFTC data...
Server listening on port 3001
[push] VAPID keys missing — session scheduler disabled
[brain-scan] disabilitato (BRAIN_SCAN_ENABLED != 'true')
[2026-06-06 21:43:21.826 +0200] [32mINFO[39m (23920): [36m→ GET /api/healthz[39m
    [35mrequestId[39m: "acedbec3-45dc-4022-b11a-bad4013c379a"
    [35mmethod[39m: "GET"
    [35mpath[39m: "/api/healthz"
    [35mevent[39m: "request.start"
[2026-06-06 21:43:21.836 +0200] [32mINFO[39m (23920): [36m← GET /api/healthz 200 (10ms)[39m
    [35mrequestId[39m: "acedbec3-45dc-4022-b11a-bad4013c379a"
    [35mmethod[39m: "GET"
    [35mpath[39m: "/api/healthz"
    [35mevent[39m: "request.end"
    [35mstatusCode[39m: 200
    [35mdurationMs[39m: 10
[tools/cot] deafut.txt OK — 7 markets, history: 1 weeks
[tools/cot] OK — 7 live (12wk hist) + 2 fallback, total 9
[2026-06-06 21:43:37.575 +0200] [32mINFO[39m (23920): [36m→ GET /api/healthz[39m
    [35mrequestId[39m: "933c8ce0-1ab7-4761-a627-fb24961928e4"
    [35mmethod[39m: "GET"
    [35mpath[39m: "/api/healthz"
    [35mevent[39m: "request.start"
[2026-06-06 21:43:37.579 +0200] [32mINFO[39m (23920): [36m← GET /api/healthz 200 (4ms)[39m
    [35mrequestId[39m: "933c8ce0-1ab7-4761-a627-fb24961928e4"
    [35mmethod[39m: "GET"
    [35mpath[39m: "/api/healthz"
    [35mevent[39m: "request.end"
    [35mstatusCode[39m: 200
    [35mdurationMs[39m: 4
[2026-06-06 21:43:51.709 +0200] [32mINFO[39m (23920): [36m→ GET /api/account/connections[39m
    [35mrequestId[39m: "a6225162-301f-4cbb-9d30-f06c10883d78"
    [35mmethod[39m: "GET"
    [35mpath[39m: "/api/account/connections"
    [35mevent[39m: "request.start"
[2026-06-06 21:43:51.713 +0200] [32mINFO[39m (23920): [36m← GET /api/account/connections 200 (4ms)[39m
    [35mrequestId[39m: "a6225162-301f-4cbb-9d30-f06c10883d78"
    [35mmethod[39m: "GET"
    [35mpath[39m: "/api/account/connections"
    [35mevent[39m: "request.end"
    [35mstatusCode[39m: 200
    [35mdurationMs[39m: 4
[2026-06-06 21:44:49.438 +0200] [32mINFO[39m (23920): [36m→ GET /api/account/connections[39m
    [35mrequestId[39m: "cc3c1f90-b20b-4634-9fe5-662cc497a6a9"
    [35mmethod[39m: "GET"
    [35mpath[39m: "/api/account/connections"
    [35mevent[39m: "request.start"
[2026-06-06 21:44:49.440 +0200] [32mINFO[39m (23920): [36m← GET /api/account/connections 200 (2ms)[39m
    [35mrequestId[39m: "cc3c1f90-b20b-4634-9fe5-662cc497a6a9"
    [35mmethod[39m: "GET"
    [35mpath[39m: "/api/account/connections"
    [35mevent[39m: "request.end"
    [35mstatusCode[39m: 200
    [35mdurationMs[39m: 2
[2026-06-06 21:45:16.660 +0200] [32mINFO[39m (23920): [36m→ GET /api/tools/macro-news?currencies=USD%2CXAU&lang=it[39m
    [35mrequestId[39m: "010d0509-2947-4cf9-b3f7-e2e38362ff2b"
    [35mmethod[39m: "GET"
    [35mpath[39m: "/api/tools/macro-news"
    [35mevent[39m: "request.start"
[2026-06-06 21:45:18.422 +0200] [32mINFO[39m (23920): [36m→ GET /api/chat/unread[39m
    [35mrequestId[39m: "03aee6d0-2711-43fc-926c-2ec104fb5701"
    [35mmethod[39m: "GET"
    [35mpath[39m: "/api/chat/unread"
    [35mevent[39m: "request.start"
[2026-06-06 21:45:18.478 +0200] [31mERROR[39m (23920): [36m← GET /api/chat/unread 500 (56ms)[39m
    [35mrequestId[39m: "03aee6d0-2711-43fc-926c-2ec104fb5701"
    [35mmethod[39m: "GET"
    [35mpath[39m: "/api/chat/unread"
    [35muserId[39m: "user_3DrhamMSMhZSyS2DtR356YYgh2A"
    [35mevent[39m: "request.end"
    [35mstatusCode[39m: 500
    [35mdurationMs[39m: 56
[2026-06-06 21:45:19.156 +0200] [32mINFO[39m (23920): [36m← GET /api/tools/macro-news?currencies=USD%2CXAU&lang=it 200 (2495ms)[39m
    [35mrequestId[39m: "010d0509-2947-4cf9-b3f7-e2e38362ff2b"
    [35mmethod[39m: "GET"
    [35mpath[39m: "/api/tools/macro-news"
    [35muserId[39m: "user_3DrhamMSMhZSyS2DtR356YYgh2A"
    [35mevent[39m: "request.end"
    [35mstatusCode[39m: 200
    [35mdurationMs[39m: 2495
[2026-06-06 21:45:23.494 +0200] [32mINFO[39m (23920): [36m→ GET /api/chat/unread[39m
    [35mrequestId[39m: "c8927dec-ba41-4349-8c19-e72a9dcefa82"
    [35mmethod[39m: "GET"
    [35mpath[39m: "/api/chat/unread"
    [35mevent[39m: "request.start"
[2026-06-06 21:45:23.546 +0200] [31mERROR[39m (23920): [36m← GET /api/chat/unread 500 (52ms)[39m
    [35mrequestId[39m: "c8927dec-ba41-4349-8c19-e72a9dcefa82"
    [35mmethod[39m: "GET"
    [35mpath[39m: "/api/chat/unread"
    [35muserId[39m: "user_3DrhamMSMhZSyS2DtR356YYgh2A"
    [35mevent[39m: "request.end"
    [35mstatusCode[39m: 500
    [35mdurationMs[39m: 52
[2026-06-06 21:45:25.078 +0200] [32mINFO[39m (23920): [36m→ GET /api/tools/sentiment[39m
    [35mrequestId[39m: "b983cc23-a992-43d4-808b-136dabff9aae"
    [35mmethod[39m: "GET"
    [35mpath[39m: "/api/tools/sentiment"
    [35mevent[39m: "request.start"
[2026-06-06 21:45:25.084 +0200] [32mINFO[39m (23920): [36m← GET /api/tools/sentiment 200 (6ms)[39m
    [35mrequestId[39m: "b983cc23-a992-43d4-808b-136dabff9aae"
    [35mmethod[39m: "GET"
    [35mpath[39m: "/api/tools/sentiment"
    [35muserId[39m: "user_3DrhamMSMhZSyS2DtR356YYgh2A"
    [35mevent[39m: "request.end"
    [35mstatusCode[39m: 200
    [35mdurationMs[39m: 6
[2026-06-06 21:45:27.297 +0200] [32mINFO[39m (23920): [36m→ GET /api/tools/volatility?pair=EURUSD[39m
    [35mrequestId[39m: "63fc1322-15b4-48cd-b1c1-034cec2c85fa"
    [35mmethod[39m: "GET"
    [35mpath[39m: "/api/tools/volatility"
    [35mevent[39m: "request.start"
[2026-06-06 21:45:27.783 +0200] [32mINFO[39m (23920): [36m← GET /api/tools/volatility?pair=EURUSD 200 (486ms)[39m
    [35mrequestId[39m: "63fc1322-15b4-48cd-b1c1-034cec2c85fa"
    [35mmethod[39m: "GET"
    [35mpath[39m: "/api/tools/volatility"
    [35muserId[39m: "user_3DrhamMSMhZSyS2DtR356YYgh2A"
    [35mevent[39m: "request.end"
    [35mstatusCode[39m: 200
    [35mdurationMs[39m: 486
[2026-06-06 21:45:28.559 +0200] [32mINFO[39m (23920): [36m→ GET /api/chat/unread[39m
    [35mrequestId[39m: "7fa0c8fd-5187-491b-9f57-fcd073417ac5"
    [35mmethod[39m: "GET"
    [35mpath[39m: "/api/chat/unread"
    [35mevent[39m: "request.start"
[2026-06-06 21:45:28.621 +0200] [31mERROR[39m (23920): [36m← GET /api/chat/unread 500 (62ms)[39m
    [35mrequestId[39m: "7fa0c8fd-5187-491b-9f57-fcd073417ac5"
    [35mmethod[39m: "GET"
    [35mpath[39m: "/api/chat/unread"
    [35muserId[39m: "user_3DrhamMSMhZSyS2DtR356YYgh2A"
    [35mevent[39m: "request.end"
    [35mstatusCode[39m: 500
    [35mdurationMs[39m: 62
[2026-06-06 21:45:29.139 +0200] [32mINFO[39m (23920): [36m→ GET /api/tools/cot[39m
    [35mrequestId[39m: "bf82a1ab-a857-4e6a-bb3d-cf788a023580"
    [35mmethod[39m: "GET"
    [35mpath[39m: "/api/tools/cot"
    [35mevent[39m: "request.start"
[2026-06-06 21:45:29.144 +0200] [32mINFO[39m (23920): [36m← GET /api/tools/cot 200 (5ms)[39m
    [35mrequestId[39m: "bf82a1ab-a857-4e6a-bb3d-cf788a023580"
    [35mmethod[39m: "GET"
    [35mpath[39m: "/api/tools/cot"
    [35muserId[39m: "user_3DrhamMSMhZSyS2DtR356YYgh2A"
    [35mevent[39m: "request.end"
    [35mstatusCode[39m: 200
    [35mdurationMs[39m: 5
[2026-06-06 21:45:31.728 +0200] [32mINFO[39m (23920): [36m→ GET /api/account/connections[39m
    [35mrequestId[39m: "eff9d61b-1faf-4084-b99f-e583127977ec"
    [35mmethod[39m: "GET"
    [35mpath[39m: "/api/account/connections"
    [35mevent[39m: "request.start"
[2026-06-06 21:45:31.733 +0200] [32mINFO[39m (23920): [36m← GET /api/account/connections 200 (5ms)[39m
    [35mrequestId[39m: "eff9d61b-1faf-4084-b99f-e583127977ec"
    [35mmethod[39m: "GET"
    [35mpath[39m: "/api/account/connections"
    [35mevent[39m: "request.end"
    [35mstatusCode[39m: 200
    [35mdurationMs[39m: 5
[2026-06-06 21:45:33.636 +0200] [32mINFO[39m (23920): [36m→ GET /api/chat/unread[39m
    [35mrequestId[39m: "26b0718b-3e4e-4221-8186-ba7d4fb657a2"
    [35mmethod[39m: "GET"
    [35mpath[39m: "/api/chat/unread"
    [35mevent[39m: "request.start"
[2026-06-06 21:45:33.716 +0200] [31mERROR[39m (23920): [36m← GET /api/chat/unread 500 (80ms)[39m
    [35mrequestId[39m: "26b0718b-3e4e-4221-8186-ba7d4fb657a2"
    [35mmethod[39m: "GET"
    [35mpath[39m: "/api/chat/unread"
    [35muserId[39m: "user_3DrhamMSMhZSyS2DtR356YYgh2A"
    [35mevent[39m: "request.end"
    [35mstatusCode[39m: 500
    [35mdurationMs[39m: 80
[2026-06-06 21:45:38.733 +0200] [32mINFO[39m (23920): [36m→ GET /api/chat/unread[39m
    [35mrequestId[39m: "d8007a21-7b09-424a-83a0-f30072380c92"
    [35mmethod[39m: "GET"
    [35mpath[39m: "/api/chat/unread"
    [35mevent[39m: "request.start"
[2026-06-06 21:45:38.816 +0200] [31mERROR[39m (23920): [36m← GET /api/chat/unread 500 (82ms)[39m
    [35mrequestId[39m: "d8007a21-7b09-424a-83a0-f30072380c92"
    [35mmethod[39m: "GET"
    [35mpath[39m: "/api/chat/unread"
    [35muserId[39m: "user_3DrhamMSMhZSyS2DtR356YYgh2A"
    [35mevent[39m: "request.end"
    [35mstatusCode[39m: 500
    [35mdurationMs[39m: 82
[2026-06-06 21:45:43.831 +0200] [32mINFO[39m (23920): [36m→ GET /api/chat/unread[39m
    [35mrequestId[39m: "78218c9b-5d08-4c43-8b46-32b68a8ef991"
    [35mmethod[39m: "GET"
    [35mpath[39m: "/api/chat/unread"
    [35mevent[39m: "request.start"
[2026-06-06 21:45:43.897 +0200] [31mERROR[39m (23920): [36m← GET /api/chat/unread 500 (66ms)[39m
    [35mrequestId[39m: "78218c9b-5d08-4c43-8b46-32b68a8ef991"
    [35mmethod[39m: "GET"
    [35mpath[39m: "/api/chat/unread"
    [35muserId[39m: "user_3DrhamMSMhZSyS2DtR356YYgh2A"
    [35mevent[39m: "request.end"
    [35mstatusCode[39m: 500
    [35mdurationMs[39m: 66
[2026-06-06 21:45:48.910 +0200] [32mINFO[39m (23920): [36m→ GET /api/chat/unread[39m
    [35mrequestId[39m: "58bd358b-d252-4b49-8dd3-f56355782588"
    [35mmethod[39m: "GET"
    [35mpath[39m: "/api/chat/unread"
    [35mevent[39m: "request.start"
[2026-06-06 21:45:48.989 +0200] [31mERROR[39m (23920): [36m← GET /api/chat/unread 500 (79ms)[39m
    [35mrequestId[39m: "58bd358b-d252-4b49-8dd3-f56355782588"
    [35mmethod[39m: "GET"
    [35mpath[39m: "/api/chat/unread"
    [35muserId[39m: "user_3DrhamMSMhZSyS2DtR356YYgh2A"
    [35mevent[39m: "request.end"
    [35mstatusCode[39m: 500
    [35mdurationMs[39m: 79
[2026-06-06 21:45:54.006 +0200] [32mINFO[39m (23920): [36m→ GET /api/chat/unread[39m
    [35mrequestId[39m: "d28c4a4d-2bab-45c0-951d-1c0f33d03803"
    [35mmethod[39m: "GET"
    [35mpath[39m: "/api/chat/unread"
    [35mevent[39m: "request.start"
[2026-06-06 21:45:54.090 +0200] [31mERROR[39m (23920): [36m← GET /api/chat/unread 500 (84ms)[39m
    [35mrequestId[39m: "d28c4a4d-2bab-45c0-951d-1c0f33d03803"
    [35mmethod[39m: "GET"
    [35mpath[39m: "/api/chat/unread"
    [35muserId[39m: "user_3DrhamMSMhZSyS2DtR356YYgh2A"
    [35mevent[39m: "request.end"
    [35mstatusCode[39m: 500
    [35mdurationMs[39m: 84
[2026-06-06 21:45:57.335 +0200] [32mINFO[39m (23920): [36m→ GET /api/account/connections[39m
    [35mrequestId[39m: "e90e7164-2ef4-44e4-afda-caf74776c062"
    [35mmethod[39m: "GET"
    [35mpath[39m: "/api/account/connections"
    [35mevent[39m: "request.start"
[2026-06-06 21:45:57.341 +0200] [32mINFO[39m (23920): [36m← GET /api/account/connections 304 (6ms)[39m
    [35mrequestId[39m: "e90e7164-2ef4-44e4-afda-caf74776c062"
    [35mmethod[39m: "GET"
    [35mpath[39m: "/api/account/connections"
    [35mevent[39m: "request.end"
    [35mstatusCode[39m: 304
    [35mdurationMs[39m: 6
[2026-06-06 21:45:59.103 +0200] [32mINFO[39m (23920): [36m→ GET /api/chat/unread[39m
    [35mrequestId[39m: "c58f1d14-ff01-4a17-b0e1-8e960e09901d"
    [35mmethod[39m: "GET"
    [35mpath[39m: "/api/chat/unread"
    [35mevent[39m: "request.start"
[2026-06-06 21:45:59.177 +0200] [31mERROR[39m (23920): [36m← GET /api/chat/unread 500 (74ms)[39m
    [35mrequestId[39m: "c58f1d14-ff01-4a17-b0e1-8e960e09901d"
    [35mmethod[39m: "GET"
    [35mpath[39m: "/api/chat/unread"
    [35muserId[39m: "user_3DrhamMSMhZSyS2DtR356YYgh2A"
    [35mevent[39m: "request.end"
    [35mstatusCode[39m: 500
    [35mdurationMs[39m: 74
[2026-06-06 21:46:03.346 +0200] [32mINFO[39m (23920): [36m→ GET /api/account/connections[39m
    [35mrequestId[39m: "7aba0e99-1525-4291-925c-881e3762c58e"
    [35mmethod[39m: "GET"
    [35mpath[39m: "/api/account/connections"
    [35mevent[39m: "request.start"
[2026-06-06 21:46:03.349 +0200] [32mINFO[39m (23920): [36m← GET /api/account/connections 304 (2ms)[39m
    [35mrequestId[39m: "7aba0e99-1525-4291-925c-881e3762c58e"
    [35mmethod[39m: "GET"
    [35mpath[39m: "/api/account/connections"
    [35mevent[39m: "request.end"
    [35mstatusCode[39m: 304
    [35mdurationMs[39m: 2
[2026-06-06 21:46:04.195 +0200] [32mINFO[39m (23920): [36m→ GET /api/chat/unread[39m
    [35mrequestId[39m: "6f5e50e3-d9b6-48ed-ab33-d6535077fd9e"
    [35mmethod[39m: "GET"
    [35mpath[39m: "/api/chat/unread"
    [35mevent[39m: "request.start"
[2026-06-06 21:46:04.262 +0200] [31mERROR[39m (23920): [36m← GET /api/chat/unread 500 (67ms)[39m
    [35mrequestId[39m: "6f5e50e3-d9b6-48ed-ab33-d6535077fd9e"
    [35mmethod[39m: "GET"
    [35mpath[39m: "/api/chat/unread"
    [35muserId[39m: "user_3DrhamMSMhZSyS2DtR356YYgh2A"
    [35mevent[39m: "request.end"
    [35mstatusCode[39m: 500
    [35mdurationMs[39m: 67
[2026-06-06 21:46:09.274 +0200] [32mINFO[39m (23920): [36m→ GET /api/chat/unread[39m
    [35mrequestId[39m: "c3d299e2-0567-49cb-b962-c0652dc48707"
    [35mmethod[39m: "GET"
    [35mpath[39m: "/api/chat/unread"
    [35mevent[39m: "request.start"
[2026-06-06 21:46:09.358 +0200] [31mERROR[39m (23920): [36m← GET /api/chat/unread 500 (84ms)[39m
    [35mrequestId[39m: "c3d299e2-0567-49cb-b962-c0652dc48707"
    [35mmethod[39m: "GET"
    [35mpath[39m: "/api/chat/unread"
    [35muserId[39m: "user_3DrhamMSMhZSyS2DtR356YYgh2A"
    [35mevent[39m: "request.end"
    [35mstatusCode[39m: 500
    [35mdurationMs[39m: 84
[2026-06-06 22:23:58.390 +0200] [32mINFO[39m (23920): [36m→ GET /api/brokers/profiles[39m
    [35mrequestId[39m: "10ffdc56-34e8-429b-8aa1-37179b032973"
    [35mmethod[39m: "GET"
    [35mpath[39m: "/api/brokers/profiles"
    [35mevent[39m: "request.start"
[2026-06-06 22:23:58.396 +0200] [33mWARN[39m (23920): [36m← GET /api/brokers/profiles 404 (6ms)[39m
    [35mrequestId[39m: "10ffdc56-34e8-429b-8aa1-37179b032973"
    [35mmethod[39m: "GET"
    [35mpath[39m: "/api/brokers/profiles"
    [35mevent[39m: "request.end"
    [35mstatusCode[39m: 404
    [35mdurationMs[39m: 6
[2026-06-06 22:24:06.078 +0200] [32mINFO[39m (23920): [36m→ GET /api/brokers/profiles[39m
    [35mrequestId[39m: "d08b12e5-bab1-4178-8d34-2f01c6058931"
    [35mmethod[39m: "GET"
    [35mpath[39m: "/api/brokers/profiles"
    [35mevent[39m: "request.start"
[2026-06-06 22:24:06.079 +0200] [33mWARN[39m (23920): [36m← GET /api/brokers/profiles 404 (1ms)[39m
    [35mrequestId[39m: "d08b12e5-bab1-4178-8d34-2f01c6058931"
    [35mmethod[39m: "GET"
    [35mpath[39m: "/api/brokers/profiles"
    [35mevent[39m: "request.end"
    [35mstatusCode[39m: 404
    [35mdurationMs[39m: 1
undefined
C:\Users\osman\Desktop\TraderLoadingsLOCALE\artifacts\api-server:
[ERR_PNPM_RECURSIVE_EXEC_FIRST_FAIL] Command failed with exit code 4294967295: tsx ./src/index.ts
