[tools/cot] Fetching CFTC data...
Server listening on port 3001
[push] VAPID keys missing — session scheduler disabled
[brain-scan] disabilitato (BRAIN_SCAN_ENABLED != 'true')
[tools/cot] deafut.txt OK — 7 markets, history: 1 weeks
[tools/cot] OK — 7 live (12wk hist) + 2 fallback, total 9
[2026-06-06 20:48:36.553 +0200] [32mINFO[39m (17992): [36m→ GET /api/healthz[39m
    [35mrequestId[39m: "8c003f98-1a48-41b0-bb0f-398e88c4200a"
    [35mmethod[39m: "GET"
    [35mpath[39m: "/api/healthz"
    [35mevent[39m: "request.start"
[2026-06-06 20:48:36.569 +0200] [32mINFO[39m (17992): [36m← GET /api/healthz 200 (16ms)[39m
    [35mrequestId[39m: "8c003f98-1a48-41b0-bb0f-398e88c4200a"
    [35mmethod[39m: "GET"
    [35mpath[39m: "/api/healthz"
    [35mevent[39m: "request.end"
    [35mstatusCode[39m: 200
    [35mdurationMs[39m: 16
[2026-06-06 20:48:37.397 +0200] [32mINFO[39m (17992): [36m→ GET /api/healthz[39m
    [35mrequestId[39m: "adfedd08-30dd-476e-b904-9d045fe13fa2"
    [35mmethod[39m: "GET"
    [35mpath[39m: "/api/healthz"
    [35mevent[39m: "request.start"
[2026-06-06 20:48:37.399 +0200] [32mINFO[39m (17992): [36m← GET /api/healthz 200 (2ms)[39m
    [35mrequestId[39m: "adfedd08-30dd-476e-b904-9d045fe13fa2"
    [35mmethod[39m: "GET"
    [35mpath[39m: "/api/healthz"
    [35mevent[39m: "request.end"
    [35mstatusCode[39m: 200
    [35mdurationMs[39m: 2
[2026-06-06 20:48:37.658 +0200] [32mINFO[39m (17992): [36m→ GET /api/brain/graph[39m
    [35mrequestId[39m: "4106ead2-45b6-42bd-850f-ff0427fb815a"
    [35mmethod[39m: "GET"
    [35mpath[39m: "/api/brain/graph"
    [35mevent[39m: "request.start"
[2026-06-06 20:48:37.687 +0200] [32mINFO[39m (17992): [36m← GET /api/brain/graph 200 (28ms)[39m
    [35mrequestId[39m: "4106ead2-45b6-42bd-850f-ff0427fb815a"
    [35mmethod[39m: "GET"
    [35mpath[39m: "/api/brain/graph"
    [35mevent[39m: "request.end"
    [35mstatusCode[39m: 200
    [35mdurationMs[39m: 28
[2026-06-06 20:50:03.372 +0200] [32mINFO[39m (17992): [36m→ GET /api/healthz[39m
    [35mrequestId[39m: "8cd58685-8a3a-4a34-a4de-a97b65417b5b"
    [35mmethod[39m: "GET"
    [35mpath[39m: "/api/healthz"
    [35mevent[39m: "request.start"
[2026-06-06 20:50:03.374 +0200] [32mINFO[39m (17992): [36m← GET /api/healthz 200 (2ms)[39m
    [35mrequestId[39m: "8cd58685-8a3a-4a34-a4de-a97b65417b5b"
    [35mmethod[39m: "GET"
    [35mpath[39m: "/api/healthz"
    [35mevent[39m: "request.end"
    [35mstatusCode[39m: 200
    [35mdurationMs[39m: 2
undefined
C:\Users\osman\Desktop\TraderLoadingsLOCALE\artifacts\api-server:
[ERR_PNPM_RECURSIVE_EXEC_FIRST_FAIL] Command failed with exit code 4294967295: tsx ./src/index.ts
