
  [32m[1mVITE[22m v7.3.2[39m  [2mready in [0m[1m982[22m[2m[0m ms[22m

  [32m➜[39m  [1mLocal[22m:   [36mhttp://localhost:[1m5180[22m/[39m
  [32m➜[39m  [1mNetwork[22m: [36mhttp://172.20.10.4:[1m5180[22m/[39m
  [32m➜[39m  [1mNetwork[22m: [36mhttp://172.22.32.1:[1m5180[22m/[39m
[2m22:02:17[22m [36m[1m[vite][22m[39m [90m[2m(client)[22m[39m [32mhmr update [39m[2m/src/index.css[22m
[2m22:11:56[22m [36m[1m[vite][22m[39m [90m[2m(client)[22m[39m [32mhmr update [39m[2m/src/index.css[22m
[2m22:27:18[22m [36m[1m[vite][22m[39m [90m[2m(client)[22m[39m [32mhmr update [39m[2m/src/index.css[22m
[2m22:30:46[22m [36m[1m[vite][22m[39m [90m[2m(client)[22m[39m [32mhmr update [39m[2m/src/index.css[22m
[2m22:31:14[22m [36m[1m[vite][22m[39m [90m[2m(client)[22m[39m [32mhmr update [39m[2m/src/index.css[22m
[2m22:31:32[22m [36m[1m[vite][22m[39m [90m[2m(client)[22m[39m [32mhmr update [39m[2m/src/index.css[22m
[2m23:04:22[22m [36m[1m[vite][22m[39m [90m[2m(client)[22m[39m [32mhmr update [39m[2m/src/index.css[22m
[2m23:04:57[22m [36m[1m[vite][22m[39m [90m[2m(client)[22m[39m [32mhmr update [39m[2m/src/index.css[22m
[2m23:05:12[22m [36m[1m[vite][22m[39m [90m[2m(client)[22m[39m [32mhmr update [39m[2m/src/index.css[22m
[2m23:05:21[22m [36m[1m[vite][22m[39m [90m[2m(client)[22m[39m [32mhmr update [39m[2m/src/index.css[22m
[2m23:13:36[22m [36m[1m[vite][22m[39m [90m[2m(client)[22m[39m [32mhmr update [39m[2m/src/index.css[22m
[2m23:13:51[22m [36m[1m[vite][22m[39m [90m[2m(client)[22m[39m [32mhmr update [39m[2m/src/index.css[22m
[2m23:26:13[22m [36m[1m[vite][22m[39m [90m[2m(client)[22m[39m [32mhmr update [39m[2m/src/index.css[22m
[2m23:32:03[22m [36m[1m[vite][22m[39m [90m[2m(client)[22m[39m [32mhmr update [39m[2m/src/index.css[22m
[2m01:15:41[22m [36m[1m[vite][22m[39m [90m[2m(client)[22m[39m [32mhmr update [39m[2m/src/App.tsx, /src/components/DailyAlarmNotifier.tsx, /src/components/WelcomeNotification.tsx, /src/components/MacroNotifier.tsx, /src/components/BottomNav.tsx, /src/components/GoalReminders.tsx, /src/components/LevelRewardModal.tsx, /src/components/PairOnboardingWrapper.tsx, /src/contexts/BackgroundContext.tsx, /src/components/SessionCheckinModal.tsx, /src/components/ChecklistSetupModal.tsx[22m
[2m01:15:41[22m [36m[1m[vite][22m[39m [90m[2m(client)[22m[39m [32mhmr update [39m[2m/src/App.tsx, /src/components/DailyAlarmNotifier.tsx, /src/components/WelcomeNotification.tsx, /src/components/MacroNotifier.tsx, /src/components/BottomNav.tsx, /src/components/GoalReminders.tsx, /src/components/LevelRewardModal.tsx, /src/components/PairOnboardingWrapper.tsx, /src/contexts/BackgroundContext.tsx, /src/components/SessionCheckinModal.tsx, /src/components/ChecklistSetupModal.tsx[22m
[2m01:15:43[22m [36m[1m[vite][22m[39m [90m[2m(client)[22m[39m [32mhmr update [39m[2m/src/App.tsx, /src/components/DailyAlarmNotifier.tsx, /src/components/WelcomeNotification.tsx, /src/components/MacroNotifier.tsx, /src/components/BottomNav.tsx, /src/components/GoalReminders.tsx, /src/components/LevelRewardModal.tsx, /src/components/PairOnboardingWrapper.tsx, /src/contexts/BackgroundContext.tsx, /src/components/SessionCheckinModal.tsx, /src/components/ChecklistSetupModal.tsx[22m
[2m01:15:43[22m [36m[1m[vite][22m[39m [90m[2m(client)[22m[39m [32mhmr update [39m[2m/src/App.tsx, /src/components/DailyAlarmNotifier.tsx, /src/components/WelcomeNotification.tsx, /src/components/MacroNotifier.tsx, /src/components/BottomNav.tsx, /src/components/GoalReminders.tsx, /src/components/LevelRewardModal.tsx, /src/components/PairOnboardingWrapper.tsx, /src/contexts/BackgroundContext.tsx, /src/components/SessionCheckinModal.tsx, /src/components/ChecklistSetupModal.tsx[22m
[2m01:15:43[22m [36m[1m[vite][22m[39m [90m[2m(client)[22m[39m [32mhmr update [39m[2m/src/App.tsx, /src/components/DailyAlarmNotifier.tsx, /src/components/WelcomeNotification.tsx, /src/components/MacroNotifier.tsx, /src/components/BottomNav.tsx, /src/components/GoalReminders.tsx, /src/components/LevelRewardModal.tsx, /src/components/PairOnboardingWrapper.tsx, /src/contexts/BackgroundContext.tsx, /src/components/SessionCheckinModal.tsx, /src/components/ChecklistSetupModal.tsx[22m
[2m01:15:43[22m [36m[1m[vite][22m[39m [90m[2m(client)[22m[39m [32mhmr update [39m[2m/src/App.tsx, /src/components/DailyAlarmNotifier.tsx, /src/components/WelcomeNotification.tsx, /src/components/MacroNotifier.tsx, /src/components/BottomNav.tsx, /src/components/GoalReminders.tsx, /src/components/LevelRewardModal.tsx, /src/components/PairOnboardingWrapper.tsx, /src/contexts/BackgroundContext.tsx, /src/components/SessionCheckinModal.tsx, /src/components/ChecklistSetupModal.tsx[22m
[2m01:15:45[22m [36m[1m[vite][22m[39m [90m[2m(client)[22m[39m [32mhmr update [39m[2m/src/App.tsx, /src/components/DailyAlarmNotifier.tsx, /src/components/WelcomeNotification.tsx, /src/components/MacroNotifier.tsx, /src/components/BottomNav.tsx, /src/components/GoalReminders.tsx, /src/components/LevelRewardModal.tsx, /src/components/PairOnboardingWrapper.tsx, /src/contexts/BackgroundContext.tsx, /src/components/SessionCheckinModal.tsx, /src/components/ChecklistSetupModal.tsx[22m
[2m01:15:45[22m [36m[1m[vite][22m[39m [90m[2m(client)[22m[39m [32mhmr update [39m[2m/src/App.tsx, /src/components/DailyAlarmNotifier.tsx, /src/components/WelcomeNotification.tsx, /src/components/MacroNotifier.tsx, /src/components/BottomNav.tsx, /src/components/GoalReminders.tsx, /src/components/LevelRewardModal.tsx, /src/components/PairOnboardingWrapper.tsx, /src/contexts/BackgroundContext.tsx, /src/components/SessionCheckinModal.tsx, /src/components/ChecklistSetupModal.tsx[22m
[2m01:15:45[22m [36m[1m[vite][22m[39m [90m[2m(client)[22m[39m [32mhmr update [39m[2m/src/App.tsx, /src/components/DailyAlarmNotifier.tsx, /src/components/WelcomeNotification.tsx, /src/components/MacroNotifier.tsx, /src/components/BottomNav.tsx, /src/components/GoalReminders.tsx, /src/components/LevelRewardModal.tsx, /src/components/PairOnboardingWrapper.tsx, /src/contexts/BackgroundContext.tsx, /src/components/SessionCheckinModal.tsx, /src/components/ChecklistSetupModal.tsx[22m
[2m01:29:50[22m [36m[1m[vite][22m[39m [90m[2m(client)[22m[39m [32mhmr update [39m[2m/src/index.css[22m
[2m01:30:08[22m [36m[1m[vite][22m[39m [90m[2m(client)[22m[39m [32mhmr update [39m[2m/src/index.css[22m
[2m01:30:16[22m [36m[1m[vite][22m[39m [90m[2m(client)[22m[39m [32mhmr update [39m[2m/src/index.css[22m
[2m01:30:36[22m [36m[1m[vite][22m[39m [90m[2m(client)[22m[39m [32mhmr update [39m[2m/src/index.css[22m
[2m01:30:45[22m [36m[1m[vite][22m[39m [90m[2m(client)[22m[39m [32mhmr update [39m[2m/src/index.css[22m
[2m01:31:06[22m [36m[1m[vite][22m[39m [90m[2m(client)[22m[39m [32mhmr update [39m[2m/src/index.css[22m
[2m01:31:27[22m [36m[1m[vite][22m[39m [90m[2m(client)[22m[39m [32mhmr update [39m[2m/src/index.css[22m
[2m02:16:51[22m [36m[1m[vite][22m[39m [90m[2m(client)[22m[39m [32mhmr update [39m[2m/src/index.css[22m
[2m02:19:21[22m [36m[1m[vite][22m[39m [90m[2m(client)[22m[39m [32mhmr update [39m[2m/src/index.css[22m
[2m02:33:33[22m [36m[1m[vite][22m[39m [90m[2m(client)[22m[39m [32mhmr update [39m[2m/src/index.css, /src/components/DailyAlarmNotifier.tsx, /src/components/WelcomeNotification.tsx, /src/components/MacroNotifier.tsx, /src/components/GoalReminders.tsx, /src/components/SessionStartNotifier.tsx[22m
[2m02:37:53[22m [36m[1m[vite][22m[39m [90m[2m(client)[22m[39m [32mhmr update [39m[2m/src/index.css[22m
[2m02:38:05[22m [36m[1m[vite][22m[39m [90m[2m(client)[22m[39m [32mhmr update [39m[2m/src/App.tsx, /src/index.css[22m
[2m02:45:17[22m [36m[1m[vite][22m[39m [90m[2m(client)[22m[39m [32mhmr update [39m[2m/src/components/TopNav.tsx, /src/index.css[22m
[2m02:45:17[22m [36m[1m[vite][22m[39m [90m[2m(client)[22m[39m [32mhmr update [39m[2m/src/components/BottomNav.tsx, /src/index.css[22m
[2m02:47:14[22m [36m[1m[vite][22m[39m [90m[2m(client)[22m[39m [32mhmr update [39m[2m/src/index.css, /src/components/PairSelectionModal.tsx[22m
[2m02:57:52[22m [36m[1m[vite][22m[39m [90m[2m(client)[22m[39m [32mhmr update [39m[2m/src/index.css[22m
[2m02:57:59[22m [36m[1m[vite][22m[39m [90m[2m(client)[22m[39m [32mhmr update [39m[2m/src/index.css[22m
[2m02:58:05[22m [36m[1m[vite][22m[39m [90m[2m(client)[22m[39m [32mhmr update [39m[2m/src/index.css[22m
[2m02:58:14[22m [36m[1m[vite][22m[39m [90m[2m(client)[22m[39m [32mhmr update [39m[2m/src/index.css[22m
[2m02:58:19[22m [36m[1m[vite][22m[39m [90m[2m(client)[22m[39m [32mhmr update [39m[2m/src/index.css[22m
[2m02:58:38[22m [36m[1m[vite][22m[39m [90m[2m(client)[22m[39m [32mhmr update [39m[2m/src/App.tsx, /src/components/DailyAlarmNotifier.tsx, /src/components/WelcomeNotification.tsx, /src/components/MacroNotifier.tsx, /src/components/BottomNav.tsx, /src/components/GoalReminders.tsx, /src/components/LevelRewardModal.tsx, /src/components/PairOnboardingWrapper.tsx, /src/contexts/BackgroundContext.tsx, /src/components/SessionCheckinModal.tsx, /src/components/ChecklistSetupModal.tsx[22m
[2m02:58:38[22m [36m[1m[vite][22m[39m [90m[2m(client)[22m[39m [32mhmr update [39m[2m/src/App.tsx, /src/components/DailyAlarmNotifier.tsx, /src/components/WelcomeNotification.tsx, /src/components/MacroNotifier.tsx, /src/components/BottomNav.tsx, /src/components/GoalReminders.tsx, /src/components/LevelRewardModal.tsx, /src/components/PairOnboardingWrapper.tsx, /src/contexts/BackgroundContext.tsx, /src/components/SessionCheckinModal.tsx, /src/components/ChecklistSetupModal.tsx[22m
[2m02:58:38[22m [36m[1m[vite][22m[39m [90m[2m(client)[22m[39m [32mhmr update [39m[2m/src/App.tsx, /src/components/DailyAlarmNotifier.tsx, /src/components/WelcomeNotification.tsx, /src/components/MacroNotifier.tsx, /src/components/BottomNav.tsx, /src/components/GoalReminders.tsx, /src/components/LevelRewardModal.tsx, /src/components/PairOnboardingWrapper.tsx, /src/contexts/BackgroundContext.tsx, /src/components/SessionCheckinModal.tsx, /src/components/ChecklistSetupModal.tsx[22m
[2m02:58:38[22m [36m[1m[vite][22m[39m [90m[2m(client)[22m[39m [32mhmr update [39m[2m/src/App.tsx, /src/components/DailyAlarmNotifier.tsx, /src/components/WelcomeNotification.tsx, /src/components/MacroNotifier.tsx, /src/components/BottomNav.tsx, /src/components/GoalReminders.tsx, /src/components/LevelRewardModal.tsx, /src/components/PairOnboardingWrapper.tsx, /src/contexts/BackgroundContext.tsx, /src/components/SessionCheckinModal.tsx, /src/components/ChecklistSetupModal.tsx[22m
[2m02:58:40[22m [36m[1m[vite][22m[39m [90m[2m(client)[22m[39m [32mhmr update [39m[2m/src/App.tsx, /src/components/DailyAlarmNotifier.tsx, /src/components/WelcomeNotification.tsx, /src/components/MacroNotifier.tsx, /src/components/BottomNav.tsx, /src/components/GoalReminders.tsx, /src/components/LevelRewardModal.tsx, /src/components/PairOnboardingWrapper.tsx, /src/contexts/BackgroundContext.tsx, /src/components/SessionCheckinModal.tsx, /src/components/ChecklistSetupModal.tsx[22m
[2m02:58:40[22m [36m[1m[vite][22m[39m [90m[2m(client)[22m[39m [32mhmr update [39m[2m/src/App.tsx, /src/components/DailyAlarmNotifier.tsx, /src/components/WelcomeNotification.tsx, /src/components/MacroNotifier.tsx, /src/components/BottomNav.tsx, /src/components/GoalReminders.tsx, /src/components/LevelRewardModal.tsx, /src/components/PairOnboardingWrapper.tsx, /src/contexts/BackgroundContext.tsx, /src/components/SessionCheckinModal.tsx, /src/components/ChecklistSetupModal.tsx[22m
[2m02:58:40[22m [36m[1m[vite][22m[39m [90m[2m(client)[22m[39m [32mhmr update [39m[2m/src/App.tsx, /src/components/DailyAlarmNotifier.tsx, /src/components/WelcomeNotification.tsx, /src/components/MacroNotifier.tsx, /src/components/BottomNav.tsx, /src/components/GoalReminders.tsx, /src/components/LevelRewardModal.tsx, /src/components/PairOnboardingWrapper.tsx, /src/contexts/BackgroundContext.tsx, /src/components/SessionCheckinModal.tsx, /src/components/ChecklistSetupModal.tsx[22m
[2m02:58:55[22m [36m[1m[vite][22m[39m [90m[2m(client)[22m[39m [32mhmr update [39m[2m/src/index.css[22m
[2m02:59:06[22m [36m[1m[vite][22m[39m [90m[2m(client)[22m[39m [32mhmr update [39m[2m/src/index.css[22m
[2m02:59:12[22m [36m[1m[vite][22m[39m [90m[2m(client)[22m[39m [32mhmr update [39m[2m/src/index.css[22m
[2m02:59:32[22m [36m[1m[vite][22m[39m [90m[2m(client)[22m[39m [32mhmr update [39m[2m/src/index.css[22m
[2m02:59:39[22m [36m[1m[vite][22m[39m [90m[2m(client)[22m[39m [32mhmr update [39m[2m/src/index.css[22m
[2m03:01:19[22m [36m[1m[vite][22m[39m [90m[2m(client)[22m[39m [32mhmr update [39m[2m/src/index.css[22m
[2m03:02:57[22m [36m[1m[vite][22m[39m [90m[2m(client)[22m[39m [32mhmr update [39m[2m/src/App.tsx, /src/components/DailyAlarmNotifier.tsx, /src/components/WelcomeNotification.tsx, /src/components/MacroNotifier.tsx, /src/components/BottomNav.tsx, /src/components/GoalReminders.tsx, /src/components/LevelRewardModal.tsx, /src/components/PairOnboardingWrapper.tsx, /src/contexts/BackgroundContext.tsx, /src/components/SessionCheckinModal.tsx, /src/components/ChecklistSetupModal.tsx[22m
[2m03:02:57[22m [36m[1m[vite][22m[39m [90m[2m(client)[22m[39m [32mhmr update [39m[2m/src/App.tsx, /src/components/DailyAlarmNotifier.tsx, /src/components/WelcomeNotification.tsx, /src/components/MacroNotifier.tsx, /src/components/BottomNav.tsx, /src/components/GoalReminders.tsx, /src/components/LevelRewardModal.tsx, /src/components/PairOnboardingWrapper.tsx, /src/contexts/BackgroundContext.tsx, /src/components/SessionCheckinModal.tsx, /src/components/ChecklistSetupModal.tsx[22m
[2m03:02:57[22m [36m[1m[vite][22m[39m [90m[2m(client)[22m[39m [32mhmr update [39m[2m/src/App.tsx, /src/components/DailyAlarmNotifier.tsx, /src/components/WelcomeNotification.tsx, /src/components/MacroNotifier.tsx, /src/components/BottomNav.tsx, /src/components/GoalReminders.tsx, /src/components/LevelRewardModal.tsx, /src/components/PairOnboardingWrapper.tsx, /src/contexts/BackgroundContext.tsx, /src/components/SessionCheckinModal.tsx, /src/components/ChecklistSetupModal.tsx[22m
[2m03:02:58[22m [36m[1m[vite][22m[39m [90m[2m(client)[22m[39m [32mhmr update [39m[2m/src/App.tsx, /src/components/DailyAlarmNotifier.tsx, /src/components/WelcomeNotification.tsx, /src/components/MacroNotifier.tsx, /src/components/BottomNav.tsx, /src/components/GoalReminders.tsx, /src/components/LevelRewardModal.tsx, /src/components/PairOnboardingWrapper.tsx, /src/contexts/BackgroundContext.tsx, /src/components/SessionCheckinModal.tsx, /src/components/ChecklistSetupModal.tsx[22m
[2m03:02:58[22m [36m[1m[vite][22m[39m [90m[2m(client)[22m[39m [32mhmr update [39m[2m/src/App.tsx, /src/components/DailyAlarmNotifier.tsx, /src/components/WelcomeNotification.tsx, /src/components/MacroNotifier.tsx, /src/components/BottomNav.tsx, /src/components/GoalReminders.tsx, /src/components/LevelRewardModal.tsx, /src/components/PairOnboardingWrapper.tsx, /src/contexts/BackgroundContext.tsx, /src/components/SessionCheckinModal.tsx, /src/components/ChecklistSetupModal.tsx[22m
[2m03:02:58[22m [36m[1m[vite][22m[39m [90m[2m(client)[22m[39m [32mhmr update [39m[2m/src/App.tsx, /src/components/DailyAlarmNotifier.tsx, /src/components/WelcomeNotification.tsx, /src/components/MacroNotifier.tsx, /src/components/BottomNav.tsx, /src/components/GoalReminders.tsx, /src/components/LevelRewardModal.tsx, /src/components/PairOnboardingWrapper.tsx, /src/contexts/BackgroundContext.tsx, /src/components/SessionCheckinModal.tsx, /src/components/ChecklistSetupModal.tsx[22m
[2m03:02:58[22m [36m[1m[vite][22m[39m [90m[2m(client)[22m[39m [32mhmr update [39m[2m/src/App.tsx, /src/components/DailyAlarmNotifier.tsx, /src/components/WelcomeNotification.tsx, /src/components/MacroNotifier.tsx, /src/components/BottomNav.tsx, /src/components/GoalReminders.tsx, /src/components/LevelRewardModal.tsx, /src/components/PairOnboardingWrapper.tsx, /src/contexts/BackgroundContext.tsx, /src/components/SessionCheckinModal.tsx, /src/components/ChecklistSetupModal.tsx[22m
[2m03:21:59[22m [36m[1m[vite][22m[39m [90m[2m(client)[22m[39m [32mpage reload [39m[2mindex.html[22m
[2m03:21:59[22m [36m[1m[vite][22m[39m [90m[2m(client)[22m[39m [32mhmr update [39m[2m/src/App.tsx, /src/index.css[22m
[2m03:22:00[22m [36m[1m[vite][22m[39m [90m[2m(client)[22m[39m [32mhmr update [39m[2m/src/components/BottomNav.tsx, /src/index.css[22m
[2m03:22:00[22m [36m[1m[vite][22m[39m [90m[2m(client)[22m[39m [32mhmr update [39m[2m/src/components/GoalReminders.tsx, /src/index.css[22m
[2m03:22:00[22m [36m[1m[vite][22m[39m [90m[2m(client)[22m[39m [32mhmr update [39m[2m/src/components/DailyAlarmNotifier.tsx, /src/index.css[22m
[2m03:22:00[22m [36m[1m[vite][22m[39m [90m[2m(client)[22m[39m [32mhmr update [39m[2m/src/components/MacroNotifier.tsx, /src/index.css[22m
[2m03:22:00[22m [36m[1m[vite][22m[39m [90m[2m(client)[22m[39m [32mhmr update [39m[2m/src/components/MacroNotifier.tsx, /src/index.css[22m
[2m03:22:00[22m [36m[1m[vite][22m[39m [90m[2m(client)[22m[39m [32mhmr update [39m[2m/src/components/SessionStartNotifier.tsx, /src/index.css[22m
[2m03:22:00[22m [36m[1m[vite][22m[39m [90m[2m(client)[22m[39m [32mhmr update [39m[2m/src/components/SessionStartNotifier.tsx, /src/index.css[22m
[2m03:22:00[22m [36m[1m[vite][22m[39m [90m[2m(client)[22m[39m [32mhmr update [39m[2m/src/components/WelcomeNotification.tsx, /src/index.css[22m
[2m03:58:13[22m [36m[1m[vite][22m[39m [90m[2m(client)[22m[39m [32mhmr update [39m[2m/src/App.tsx, /src/components/DailyAlarmNotifier.tsx, /src/components/WelcomeNotification.tsx, /src/components/MacroNotifier.tsx, /src/components/BottomNav.tsx, /src/components/GoalReminders.tsx, /src/components/LevelRewardModal.tsx, /src/components/PairOnboardingWrapper.tsx, /src/contexts/BackgroundContext.tsx, /src/components/SessionCheckinModal.tsx, /src/components/ChecklistSetupModal.tsx[22m
[2m03:58:13[22m [36m[1m[vite][22m[39m [90m[2m(client)[22m[39m [32mhmr update [39m[2m/src/App.tsx, /src/components/DailyAlarmNotifier.tsx, /src/components/WelcomeNotification.tsx, /src/components/MacroNotifier.tsx, /src/components/BottomNav.tsx, /src/components/GoalReminders.tsx, /src/components/LevelRewardModal.tsx, /src/components/PairOnboardingWrapper.tsx, /src/contexts/BackgroundContext.tsx, /src/components/SessionCheckinModal.tsx, /src/components/ChecklistSetupModal.tsx[22m
[2m03:58:14[22m [36m[1m[vite][22m[39m [90m[2m(client)[22m[39m [32mhmr update [39m[2m/src/App.tsx, /src/components/DailyAlarmNotifier.tsx, /src/components/WelcomeNotification.tsx, /src/components/MacroNotifier.tsx, /src/components/BottomNav.tsx, /src/components/GoalReminders.tsx, /src/components/LevelRewardModal.tsx, /src/components/PairOnboardingWrapper.tsx, /src/contexts/BackgroundContext.tsx, /src/components/SessionCheckinModal.tsx, /src/components/ChecklistSetupModal.tsx[22m
[2m03:58:14[22m [36m[1m[vite][22m[39m [90m[2m(client)[22m[39m [32mhmr update [39m[2m/src/App.tsx, /src/components/DailyAlarmNotifier.tsx, /src/components/WelcomeNotification.tsx, /src/components/MacroNotifier.tsx, /src/components/BottomNav.tsx, /src/components/GoalReminders.tsx, /src/components/LevelRewardModal.tsx, /src/components/PairOnboardingWrapper.tsx, /src/contexts/BackgroundContext.tsx, /src/components/SessionCheckinModal.tsx, /src/components/ChecklistSetupModal.tsx[22m
[2m03:58:15[22m [36m[1m[vite][22m[39m [90m[2m(client)[22m[39m [32mhmr update [39m[2m/src/App.tsx, /src/components/DailyAlarmNotifier.tsx, /src/components/WelcomeNotification.tsx, /src/components/MacroNotifier.tsx, /src/components/BottomNav.tsx, /src/components/GoalReminders.tsx, /src/components/LevelRewardModal.tsx, /src/components/PairOnboardingWrapper.tsx, /src/contexts/BackgroundContext.tsx, /src/components/SessionCheckinModal.tsx, /src/components/ChecklistSetupModal.tsx[22m
[2m03:58:15[22m [36m[1m[vite][22m[39m [90m[2m(client)[22m[39m [32mhmr update [39m[2m/src/App.tsx, /src/components/DailyAlarmNotifier.tsx, /src/components/WelcomeNotification.tsx, /src/components/MacroNotifier.tsx, /src/components/BottomNav.tsx, /src/components/GoalReminders.tsx, /src/components/LevelRewardModal.tsx, /src/components/PairOnboardingWrapper.tsx, /src/contexts/BackgroundContext.tsx, /src/components/SessionCheckinModal.tsx, /src/components/ChecklistSetupModal.tsx[22m
[2m03:58:15[22m [36m[1m[vite][22m[39m [90m[2m(client)[22m[39m [32mhmr update [39m[2m/src/App.tsx, /src/components/DailyAlarmNotifier.tsx, /src/components/WelcomeNotification.tsx, /src/components/MacroNotifier.tsx, /src/components/BottomNav.tsx, /src/components/GoalReminders.tsx, /src/components/LevelRewardModal.tsx, /src/components/PairOnboardingWrapper.tsx, /src/contexts/BackgroundContext.tsx, /src/components/SessionCheckinModal.tsx, /src/components/ChecklistSetupModal.tsx[22m
[2m04:00:21[22m [36m[1m[vite][22m[39m [90m[2m(client)[22m[39m [32mhmr update [39m[2m/src/index.css[22m
[2m04:06:01[22m [36m[1m[vite][22m[39m [90m[2m(client)[22m[39m [32mhmr update [39m[2m/src/index.css, /src/components/MacroNewsTicker.tsx[22m
[2m04:28:14[22m [36m[1m[vite][22m[39m [90m[2m(client)[22m[39m [32mhmr update [39m[2m/src/index.css[22m
[2m04:36:35[22m [36m[1m[vite][22m[39m [90m[2m(client)[22m[39m [32mhmr update [39m[2m/src/index.css[22m
[2m04:37:20[22m [36m[1m[vite][22m[39m [90m[2m(client)[22m[39m [32mhmr update [39m[2m/src/index.css[22m
[2m04:37:29[22m [36m[1m[vite][22m[39m [90m[2m(client)[22m[39m [32mhmr update [39m[2m/src/index.css[22m
[2m04:37:48[22m [36m[1m[vite][22m[39m [90m[2m(client)[22m[39m [32mhmr update [39m[2m/src/index.css, /src/contexts/LanguageContext.tsx[22m
[2m04:38:06[22m [36m[1m[vite][22m[39m [90m[2m(client)[22m[39m [32mhmr update [39m[2m/src/index.css, /src/contexts/LanguageContext.tsx[22m
[2m04:39:59[22m [36m[1m[vite][22m[39m [90m[2m(client)[22m[39m [32mhmr update [39m[2m/src/index.css[22m
[2m05:06:28[22m [36m[1m[vite][22m[39m [90m[2m(client)[22m[39m [32mhmr update [39m[2m/src/index.css[22m
[2m05:07:07[22m [36m[1m[vite][22m[39m [90m[2m(client)[22m[39m [32mhmr update [39m[2m/src/index.css[22m
[2m05:07:18[22m [36m[1m[vite][22m[39m [90m[2m(client)[22m[39m [32mhmr update [39m[2m/src/index.css[22m
[2m05:07:32[22m [36m[1m[vite][22m[39m [90m[2m(client)[22m[39m [32mhmr update [39m[2m/src/index.css[22m
[2m05:07:47[22m [36m[1m[vite][22m[39m [90m[2m(client)[22m[39m [32mhmr update [39m[2m/src/index.css[22m
[2m05:08:50[22m [36m[1m[vite][22m[39m [90m[2m(client)[22m[39m [32mhmr update [39m[2m/src/index.css[22m
[2m05:09:19[22m [36m[1m[vite][22m[39m [90m[2m(client)[22m[39m [32mhmr update [39m[2m/src/index.css[22m
[2m05:10:47[22m [36m[1m[vite][22m[39m [90m[2m(client)[22m[39m [32mhmr update [39m[2m/src/index.css[22m
[2m05:11:03[22m [36m[1m[vite][22m[39m [90m[2m(client)[22m[39m [32mhmr update [39m[2m/src/index.css[22m
[2m05:12:02[22m [36m[1m[vite][22m[39m [90m[2m(client)[22m[39m [32mhmr update [39m[2m/src/index.css[22m
[2m05:16:01[22m [36m[1m[vite][22m[39m [90m[2m(client)[22m[39m [32mhmr update [39m[2m/src/App.tsx, /src/components/DailyAlarmNotifier.tsx, /src/components/WelcomeNotification.tsx, /src/components/MacroNotifier.tsx, /src/components/BottomNav.tsx, /src/components/GoalReminders.tsx, /src/components/LevelRewardModal.tsx, /src/components/PairOnboardingWrapper.tsx, /src/contexts/BackgroundContext.tsx, /src/components/SessionCheckinModal.tsx, /src/components/ChecklistSetupModal.tsx[22m
[2m05:16:01[22m [36m[1m[vite][22m[39m [90m[2m(client)[22m[39m [32mhmr update [39m[2m/src/App.tsx, /src/components/DailyAlarmNotifier.tsx, /src/components/WelcomeNotification.tsx, /src/components/MacroNotifier.tsx, /src/components/BottomNav.tsx, /src/components/GoalReminders.tsx, /src/components/LevelRewardModal.tsx, /src/components/PairOnboardingWrapper.tsx, /src/contexts/BackgroundContext.tsx, /src/components/SessionCheckinModal.tsx, /src/components/ChecklistSetupModal.tsx[22m
[2m05:16:01[22m [36m[1m[vite][22m[39m [90m[2m(client)[22m[39m [32mhmr update [39m[2m/src/App.tsx, /src/components/DailyAlarmNotifier.tsx, /src/components/WelcomeNotification.tsx, /src/components/MacroNotifier.tsx, /src/components/BottomNav.tsx, /src/components/GoalReminders.tsx, /src/components/LevelRewardModal.tsx, /src/components/PairOnboardingWrapper.tsx, /src/contexts/BackgroundContext.tsx, /src/components/SessionCheckinModal.tsx, /src/components/ChecklistSetupModal.tsx[22m
[2m05:16:01[22m [36m[1m[vite][22m[39m [90m[2m(client)[22m[39m [32mhmr update [39m[2m/src/App.tsx, /src/components/DailyAlarmNotifier.tsx, /src/components/WelcomeNotification.tsx, /src/components/MacroNotifier.tsx, /src/components/BottomNav.tsx, /src/components/GoalReminders.tsx, /src/components/LevelRewardModal.tsx, /src/components/PairOnboardingWrapper.tsx, /src/contexts/BackgroundContext.tsx, /src/components/SessionCheckinModal.tsx, /src/components/ChecklistSetupModal.tsx[22m
[2m05:16:02[22m [36m[1m[vite][22m[39m [90m[2m(client)[22m[39m [32mhmr update [39m[2m/src/App.tsx, /src/components/DailyAlarmNotifier.tsx, /src/components/WelcomeNotification.tsx, /src/components/MacroNotifier.tsx, /src/components/BottomNav.tsx, /src/components/GoalReminders.tsx, /src/components/LevelRewardModal.tsx, /src/components/PairOnboardingWrapper.tsx, /src/contexts/BackgroundContext.tsx, /src/components/SessionCheckinModal.tsx, /src/components/ChecklistSetupModal.tsx[22m
[2m05:16:02[22m [36m[1m[vite][22m[39m [90m[2m(client)[22m[39m [32mhmr update [39m[2m/src/App.tsx, /src/components/DailyAlarmNotifier.tsx, /src/components/WelcomeNotification.tsx, /src/components/MacroNotifier.tsx, /src/components/BottomNav.tsx, /src/components/GoalReminders.tsx, /src/components/LevelRewardModal.tsx, /src/components/PairOnboardingWrapper.tsx, /src/contexts/BackgroundContext.tsx, /src/components/SessionCheckinModal.tsx, /src/components/ChecklistSetupModal.tsx[22m
[2m05:16:02[22m [36m[1m[vite][22m[39m [90m[2m(client)[22m[39m [32mhmr update [39m[2m/src/App.tsx, /src/components/DailyAlarmNotifier.tsx, /src/components/WelcomeNotification.tsx, /src/components/MacroNotifier.tsx, /src/components/BottomNav.tsx, /src/components/GoalReminders.tsx, /src/components/LevelRewardModal.tsx, /src/components/PairOnboardingWrapper.tsx, /src/contexts/BackgroundContext.tsx, /src/components/SessionCheckinModal.tsx, /src/components/ChecklistSetupModal.tsx[22m
[2m05:21:34[22m [36m[1m[vite][22m[39m [90m[2m(client)[22m[39m [32mhmr update [39m[2m/src/index.css[22m
[2m05:27:32[22m [36m[1m[vite][22m[39m [90m[2m(client)[22m[39m [32mhmr update [39m[2m/src/index.css[22m
[2m05:27:32[22m [36m[1m[vite][22m[39m [90m[2m(client)[22m[39m [32mhmr update [39m[2m/src/index.css[22m
[2m05:28:02[22m [36m[1m[vite][22m[39m [90m[2m(client)[22m[39m [32mhmr update [39m[2m/src/index.css[22m
[2m05:28:18[22m [36m[1m[vite][22m[39m [90m[2m(client)[22m[39m [32mhmr update [39m[2m/src/index.css[22m
[2m05:28:18[22m [36m[1m[vite][22m[39m [90m[2m(client)[22m[39m [32mhmr update [39m[2m/src/index.css[22m
[2m05:28:33[22m [36m[1m[vite][22m[39m [90m[2m(client)[22m[39m [32mhmr update [39m[2m/src/index.css[22m
[2m05:28:43[22m [36m[1m[vite][22m[39m [90m[2m(client)[22m[39m [32mhmr update [39m[2m/src/index.css[22m
[2m05:41:03[22m [36m[1m[vite][22m[39m [90m[2m(client)[22m[39m [32mhmr update [39m[2m/src/index.css[22m
[2m05:41:16[22m [36m[1m[vite][22m[39m [90m[2m(client)[22m[39m [32mhmr update [39m[2m/src/index.css[22m
[2m05:47:39[22m [36m[1m[vite][22m[39m [90m[2m(client)[22m[39m [32mhmr update [39m[2m/src/App.tsx, /src/components/DailyAlarmNotifier.tsx, /src/components/WelcomeNotification.tsx, /src/components/MacroNotifier.tsx, /src/components/BottomNav.tsx, /src/components/GoalReminders.tsx, /src/components/LevelRewardModal.tsx, /src/components/PairOnboardingWrapper.tsx, /src/contexts/BackgroundContext.tsx, /src/components/SessionCheckinModal.tsx, /src/components/ChecklistSetupModal.tsx[22m
[2m05:47:39[22m [36m[1m[vite][22m[39m [90m[2m(client)[22m[39m [32mhmr update [39m[2m/src/App.tsx, /src/components/DailyAlarmNotifier.tsx, /src/components/WelcomeNotification.tsx, /src/components/MacroNotifier.tsx, /src/components/BottomNav.tsx, /src/components/GoalReminders.tsx, /src/components/LevelRewardModal.tsx, /src/components/PairOnboardingWrapper.tsx, /src/contexts/BackgroundContext.tsx, /src/components/SessionCheckinModal.tsx, /src/components/ChecklistSetupModal.tsx[22m
[2m05:47:39[22m [36m[1m[vite][22m[39m [90m[2m(client)[22m[39m [32mhmr update [39m[2m/src/App.tsx, /src/components/DailyAlarmNotifier.tsx, /src/components/WelcomeNotification.tsx, /src/components/MacroNotifier.tsx, /src/components/BottomNav.tsx, /src/components/GoalReminders.tsx, /src/components/LevelRewardModal.tsx, /src/components/PairOnboardingWrapper.tsx, /src/contexts/BackgroundContext.tsx, /src/components/SessionCheckinModal.tsx, /src/components/ChecklistSetupModal.tsx[22m
[2m05:47:39[22m [36m[1m[vite][22m[39m [90m[2m(client)[22m[39m [32mhmr update [39m[2m/src/App.tsx, /src/components/DailyAlarmNotifier.tsx, /src/components/WelcomeNotification.tsx, /src/components/MacroNotifier.tsx, /src/components/BottomNav.tsx, /src/components/GoalReminders.tsx, /src/components/LevelRewardModal.tsx, /src/components/PairOnboardingWrapper.tsx, /src/contexts/BackgroundContext.tsx, /src/components/SessionCheckinModal.tsx, /src/components/ChecklistSetupModal.tsx[22m
[2m05:47:39[22m [36m[1m[vite][22m[39m [90m[2m(client)[22m[39m [32mhmr update [39m[2m/src/App.tsx, /src/components/DailyAlarmNotifier.tsx, /src/components/WelcomeNotification.tsx, /src/components/MacroNotifier.tsx, /src/components/BottomNav.tsx, /src/components/GoalReminders.tsx, /src/components/LevelRewardModal.tsx, /src/components/PairOnboardingWrapper.tsx, /src/contexts/BackgroundContext.tsx, /src/components/SessionCheckinModal.tsx, /src/components/ChecklistSetupModal.tsx[22m
[2m05:47:40[22m [36m[1m[vite][22m[39m [90m[2m(client)[22m[39m [32mhmr update [39m[2m/src/App.tsx, /src/components/DailyAlarmNotifier.tsx, /src/components/WelcomeNotification.tsx, /src/components/MacroNotifier.tsx, /src/components/BottomNav.tsx, /src/components/GoalReminders.tsx, /src/components/LevelRewardModal.tsx, /src/components/PairOnboardingWrapper.tsx, /src/contexts/BackgroundContext.tsx, /src/components/SessionCheckinModal.tsx, /src/components/ChecklistSetupModal.tsx[22m
[2m05:47:40[22m [36m[1m[vite][22m[39m [90m[2m(client)[22m[39m [32mhmr update [39m[2m/src/App.tsx, /src/components/DailyAlarmNotifier.tsx, /src/components/WelcomeNotification.tsx, /src/components/MacroNotifier.tsx, /src/components/BottomNav.tsx, /src/components/GoalReminders.tsx, /src/components/LevelRewardModal.tsx, /src/components/PairOnboardingWrapper.tsx, /src/contexts/BackgroundContext.tsx, /src/components/SessionCheckinModal.tsx, /src/components/ChecklistSetupModal.tsx[22m
[2m05:47:40[22m [36m[1m[vite][22m[39m [90m[2m(client)[22m[39m [32mhmr update [39m[2m/src/App.tsx, /src/components/DailyAlarmNotifier.tsx, /src/components/WelcomeNotification.tsx, /src/components/MacroNotifier.tsx, /src/components/BottomNav.tsx, /src/components/GoalReminders.tsx, /src/components/LevelRewardModal.tsx, /src/components/PairOnboardingWrapper.tsx, /src/contexts/BackgroundContext.tsx, /src/components/SessionCheckinModal.tsx, /src/components/ChecklistSetupModal.tsx[22m
[2m05:50:14[22m [36m[1m[vite][22m[39m [90m[2m(client)[22m[39m [32mhmr update [39m[2m/src/index.css[22m
[2m05:50:14[22m [36m[1m[vite][22m[39m [90m[2m(client)[22m[39m [32mhmr update [39m[2m/src/index.css[22m
[2m05:57:32[22m [36m[1m[vite][22m[39m [90m[2m(client)[22m[39m [32mhmr update [39m[2m/src/App.tsx, /src/components/DailyAlarmNotifier.tsx, /src/components/WelcomeNotification.tsx, /src/components/MacroNotifier.tsx, /src/components/BottomNav.tsx, /src/components/GoalReminders.tsx, /src/components/LevelRewardModal.tsx, /src/components/PairOnboardingWrapper.tsx, /src/contexts/BackgroundContext.tsx, /src/components/SessionCheckinModal.tsx, /src/components/ChecklistSetupModal.tsx[22m
[2m05:57:32[22m [36m[1m[vite][22m[39m [90m[2m(client)[22m[39m [32mhmr update [39m[2m/src/App.tsx, /src/components/DailyAlarmNotifier.tsx, /src/components/WelcomeNotification.tsx, /src/components/MacroNotifier.tsx, /src/components/BottomNav.tsx, /src/components/GoalReminders.tsx, /src/components/LevelRewardModal.tsx, /src/components/PairOnboardingWrapper.tsx, /src/contexts/BackgroundContext.tsx, /src/components/SessionCheckinModal.tsx, /src/components/ChecklistSetupModal.tsx[22m
[2m05:57:32[22m [36m[1m[vite][22m[39m [90m[2m(client)[22m[39m [32mhmr update [39m[2m/src/App.tsx, /src/components/DailyAlarmNotifier.tsx, /src/components/WelcomeNotification.tsx, /src/components/MacroNotifier.tsx, /src/components/BottomNav.tsx, /src/components/GoalReminders.tsx, /src/components/LevelRewardModal.tsx, /src/components/PairOnboardingWrapper.tsx, /src/contexts/BackgroundContext.tsx, /src/components/SessionCheckinModal.tsx, /src/components/ChecklistSetupModal.tsx[22m
[2m05:57:33[22m [36m[1m[vite][22m[39m [90m[2m(client)[22m[39m [32mhmr update [39m[2m/src/App.tsx, /src/components/DailyAlarmNotifier.tsx, /src/components/WelcomeNotification.tsx, /src/components/MacroNotifier.tsx, /src/components/BottomNav.tsx, /src/components/GoalReminders.tsx, /src/components/LevelRewardModal.tsx, /src/components/PairOnboardingWrapper.tsx, /src/contexts/BackgroundContext.tsx, /src/components/SessionCheckinModal.tsx, /src/components/ChecklistSetupModal.tsx[22m
[2m05:57:33[22m [36m[1m[vite][22m[39m [90m[2m(client)[22m[39m [32mhmr update [39m[2m/src/App.tsx, /src/components/DailyAlarmNotifier.tsx, /src/components/WelcomeNotification.tsx, /src/components/MacroNotifier.tsx, /src/components/BottomNav.tsx, /src/components/GoalReminders.tsx, /src/components/LevelRewardModal.tsx, /src/components/PairOnboardingWrapper.tsx, /src/contexts/BackgroundContext.tsx, /src/components/SessionCheckinModal.tsx, /src/components/ChecklistSetupModal.tsx[22m
[2m05:57:34[22m [36m[1m[vite][22m[39m [90m[2m(client)[22m[39m [32mhmr update [39m[2m/src/App.tsx, /src/components/DailyAlarmNotifier.tsx, /src/components/WelcomeNotification.tsx, /src/components/MacroNotifier.tsx, /src/components/BottomNav.tsx, /src/components/GoalReminders.tsx, /src/components/LevelRewardModal.tsx, /src/components/PairOnboardingWrapper.tsx, /src/contexts/BackgroundContext.tsx, /src/components/SessionCheckinModal.tsx, /src/components/ChecklistSetupModal.tsx[22m
[2m05:57:34[22m [36m[1m[vite][22m[39m [90m[2m(client)[22m[39m [32mhmr update [39m[2m/src/App.tsx, /src/components/DailyAlarmNotifier.tsx, /src/components/WelcomeNotification.tsx, /src/components/MacroNotifier.tsx, /src/components/BottomNav.tsx, /src/components/GoalReminders.tsx, /src/components/LevelRewardModal.tsx, /src/components/PairOnboardingWrapper.tsx, /src/contexts/BackgroundContext.tsx, /src/components/SessionCheckinModal.tsx, /src/components/ChecklistSetupModal.tsx[22m
[2m05:59:27[22m [36m[1m[vite][22m[39m [90m[2m(client)[22m[39m [32mhmr update [39m[2m/src/App.tsx, /src/components/DailyAlarmNotifier.tsx, /src/components/WelcomeNotification.tsx, /src/components/MacroNotifier.tsx, /src/components/BottomNav.tsx, /src/components/GoalReminders.tsx, /src/components/LevelRewardModal.tsx, /src/components/PairOnboardingWrapper.tsx, /src/contexts/BackgroundContext.tsx, /src/components/SessionCheckinModal.tsx, /src/components/ChecklistSetupModal.tsx[22m
[2m06:03:12[22m [36m[1m[vite][22m[39m [90m[2m(client)[22m[39m [32mhmr update [39m[2m/src/App.tsx, /src/components/DailyAlarmNotifier.tsx, /src/components/WelcomeNotification.tsx, /src/components/MacroNotifier.tsx, /src/components/BottomNav.tsx, /src/components/GoalReminders.tsx, /src/components/LevelRewardModal.tsx, /src/components/PairOnboardingWrapper.tsx, /src/contexts/BackgroundContext.tsx, /src/components/SessionCheckinModal.tsx, /src/components/ChecklistSetupModal.tsx[22m
[2m06:03:12[22m [36m[1m[vite][22m[39m [90m[2m(client)[22m[39m [32mhmr update [39m[2m/src/App.tsx, /src/components/DailyAlarmNotifier.tsx, /src/components/WelcomeNotification.tsx, /src/components/MacroNotifier.tsx, /src/components/BottomNav.tsx, /src/components/GoalReminders.tsx, /src/components/LevelRewardModal.tsx, /src/components/PairOnboardingWrapper.tsx, /src/contexts/BackgroundContext.tsx, /src/components/SessionCheckinModal.tsx, /src/components/ChecklistSetupModal.tsx[22m
[2m06:03:12[22m [36m[1m[vite][22m[39m [90m[2m(client)[22m[39m [32mhmr update [39m[2m/src/App.tsx, /src/components/DailyAlarmNotifier.tsx, /src/components/WelcomeNotification.tsx, /src/components/MacroNotifier.tsx, /src/components/BottomNav.tsx, /src/components/GoalReminders.tsx, /src/components/LevelRewardModal.tsx, /src/components/PairOnboardingWrapper.tsx, /src/contexts/BackgroundContext.tsx, /src/components/SessionCheckinModal.tsx, /src/components/ChecklistSetupModal.tsx[22m
[2m06:03:12[22m [36m[1m[vite][22m[39m [90m[2m(client)[22m[39m [32mhmr update [39m[2m/src/App.tsx, /src/components/DailyAlarmNotifier.tsx, /src/components/WelcomeNotification.tsx, /src/components/MacroNotifier.tsx, /src/components/BottomNav.tsx, /src/components/GoalReminders.tsx, /src/components/LevelRewardModal.tsx, /src/components/PairOnboardingWrapper.tsx, /src/contexts/BackgroundContext.tsx, /src/components/SessionCheckinModal.tsx, /src/components/ChecklistSetupModal.tsx[22m
[2m06:03:12[22m [36m[1m[vite][22m[39m [90m[2m(client)[22m[39m [32mhmr update [39m[2m/src/App.tsx, /src/components/DailyAlarmNotifier.tsx, /src/components/WelcomeNotification.tsx, /src/components/MacroNotifier.tsx, /src/components/BottomNav.tsx, /src/components/GoalReminders.tsx, /src/components/LevelRewardModal.tsx, /src/components/PairOnboardingWrapper.tsx, /src/contexts/BackgroundContext.tsx, /src/components/SessionCheckinModal.tsx, /src/components/ChecklistSetupModal.tsx[22m
[2m06:03:13[22m [36m[1m[vite][22m[39m [90m[2m(client)[22m[39m [32mhmr update [39m[2m/src/App.tsx, /src/components/DailyAlarmNotifier.tsx, /src/components/WelcomeNotification.tsx, /src/components/MacroNotifier.tsx, /src/components/BottomNav.tsx, /src/components/GoalReminders.tsx, /src/components/LevelRewardModal.tsx, /src/components/PairOnboardingWrapper.tsx, /src/contexts/BackgroundContext.tsx, /src/components/SessionCheckinModal.tsx, /src/components/ChecklistSetupModal.tsx[22m
[2m06:03:13[22m [36m[1m[vite][22m[39m [90m[2m(client)[22m[39m [32mhmr update [39m[2m/src/App.tsx, /src/components/DailyAlarmNotifier.tsx, /src/components/WelcomeNotification.tsx, /src/components/MacroNotifier.tsx, /src/components/BottomNav.tsx, /src/components/GoalReminders.tsx, /src/components/LevelRewardModal.tsx, /src/components/PairOnboardingWrapper.tsx, /src/contexts/BackgroundContext.tsx, /src/components/SessionCheckinModal.tsx, /src/components/ChecklistSetupModal.tsx[22m
[2m06:05:36[22m [36m[1m[vite][22m[39m [90m[2m(client)[22m[39m [32mhmr update [39m[2m/src/App.tsx, /src/components/DailyAlarmNotifier.tsx, /src/components/WelcomeNotification.tsx, /src/components/MacroNotifier.tsx, /src/components/BottomNav.tsx, /src/components/GoalReminders.tsx, /src/components/LevelRewardModal.tsx, /src/components/PairOnboardingWrapper.tsx, /src/contexts/BackgroundContext.tsx, /src/components/SessionCheckinModal.tsx, /src/components/ChecklistSetupModal.tsx[22m
[2m06:05:36[22m [36m[1m[vite][22m[39m [90m[2m(client)[22m[39m [32mhmr update [39m[2m/src/App.tsx, /src/components/DailyAlarmNotifier.tsx, /src/components/WelcomeNotification.tsx, /src/components/MacroNotifier.tsx, /src/components/BottomNav.tsx, /src/components/GoalReminders.tsx, /src/components/LevelRewardModal.tsx, /src/components/PairOnboardingWrapper.tsx, /src/contexts/BackgroundContext.tsx, /src/components/SessionCheckinModal.tsx, /src/components/ChecklistSetupModal.tsx[22m
[2m06:05:36[22m [36m[1m[vite][22m[39m [90m[2m(client)[22m[39m [32mhmr update [39m[2m/src/App.tsx, /src/components/DailyAlarmNotifier.tsx, /src/components/WelcomeNotification.tsx, /src/components/MacroNotifier.tsx, /src/components/BottomNav.tsx, /src/components/GoalReminders.tsx, /src/components/LevelRewardModal.tsx, /src/components/PairOnboardingWrapper.tsx, /src/contexts/BackgroundContext.tsx, /src/components/SessionCheckinModal.tsx, /src/components/ChecklistSetupModal.tsx[22m
[2m06:05:36[22m [36m[1m[vite][22m[39m [90m[2m(client)[22m[39m [32mhmr update [39m[2m/src/App.tsx, /src/components/DailyAlarmNotifier.tsx, /src/components/WelcomeNotification.tsx, /src/components/MacroNotifier.tsx, /src/components/BottomNav.tsx, /src/components/GoalReminders.tsx, /src/components/LevelRewardModal.tsx, /src/components/PairOnboardingWrapper.tsx, /src/contexts/BackgroundContext.tsx, /src/components/SessionCheckinModal.tsx, /src/components/ChecklistSetupModal.tsx[22m
[2m06:05:36[22m [36m[1m[vite][22m[39m [90m[2m(client)[22m[39m [32mhmr update [39m[2m/src/App.tsx, /src/components/DailyAlarmNotifier.tsx, /src/components/WelcomeNotification.tsx, /src/components/MacroNotifier.tsx, /src/components/BottomNav.tsx, /src/components/GoalReminders.tsx, /src/components/LevelRewardModal.tsx, /src/components/PairOnboardingWrapper.tsx, /src/contexts/BackgroundContext.tsx, /src/components/SessionCheckinModal.tsx, /src/components/ChecklistSetupModal.tsx[22m
[2m06:05:36[22m [36m[1m[vite][22m[39m [90m[2m(client)[22m[39m [32mhmr update [39m[2m/src/App.tsx, /src/components/DailyAlarmNotifier.tsx, /src/components/WelcomeNotification.tsx, /src/components/MacroNotifier.tsx, /src/components/BottomNav.tsx, /src/components/GoalReminders.tsx, /src/components/LevelRewardModal.tsx, /src/components/PairOnboardingWrapper.tsx, /src/contexts/BackgroundContext.tsx, /src/components/SessionCheckinModal.tsx, /src/components/ChecklistSetupModal.tsx[22m
[2m06:05:36[22m [36m[1m[vite][22m[39m [90m[2m(client)[22m[39m [32mhmr update [39m[2m/src/App.tsx, /src/components/DailyAlarmNotifier.tsx, /src/components/WelcomeNotification.tsx, /src/components/MacroNotifier.tsx, /src/components/BottomNav.tsx, /src/components/GoalReminders.tsx, /src/components/LevelRewardModal.tsx, /src/components/PairOnboardingWrapper.tsx, /src/contexts/BackgroundContext.tsx, /src/components/SessionCheckinModal.tsx, /src/components/ChecklistSetupModal.tsx[22m
[2m06:14:23[22m [36m[1m[vite][22m[39m [90m[2m(client)[22m[39m [32mhmr update [39m[2m/src/App.tsx, /src/components/DailyAlarmNotifier.tsx, /src/components/WelcomeNotification.tsx, /src/components/MacroNotifier.tsx, /src/components/BottomNav.tsx, /src/components/GoalReminders.tsx, /src/components/LevelRewardModal.tsx, /src/components/PairOnboardingWrapper.tsx, /src/contexts/BackgroundContext.tsx, /src/components/SessionCheckinModal.tsx, /src/components/ChecklistSetupModal.tsx[22m
[2m06:14:23[22m [36m[1m[vite][22m[39m [90m[2m(client)[22m[39m [32mhmr update [39m[2m/src/App.tsx, /src/components/DailyAlarmNotifier.tsx, /src/components/WelcomeNotification.tsx, /src/components/MacroNotifier.tsx, /src/components/BottomNav.tsx, /src/components/GoalReminders.tsx, /src/components/LevelRewardModal.tsx, /src/components/PairOnboardingWrapper.tsx, /src/contexts/BackgroundContext.tsx, /src/components/SessionCheckinModal.tsx, /src/components/ChecklistSetupModal.tsx[22m
[2m06:14:23[22m [36m[1m[vite][22m[39m [90m[2m(client)[22m[39m [32mhmr update [39m[2m/src/App.tsx, /src/components/DailyAlarmNotifier.tsx, /src/components/WelcomeNotification.tsx, /src/components/MacroNotifier.tsx, /src/components/BottomNav.tsx, /src/components/GoalReminders.tsx, /src/components/LevelRewardModal.tsx, /src/components/PairOnboardingWrapper.tsx, /src/contexts/BackgroundContext.tsx, /src/components/SessionCheckinModal.tsx, /src/components/ChecklistSetupModal.tsx[22m
[2m06:14:23[22m [36m[1m[vite][22m[39m [90m[2m(client)[22m[39m [32mhmr update [39m[2m/src/App.tsx, /src/components/DailyAlarmNotifier.tsx, /src/components/WelcomeNotification.tsx, /src/components/MacroNotifier.tsx, /src/components/BottomNav.tsx, /src/components/GoalReminders.tsx, /src/components/LevelRewardModal.tsx, /src/components/PairOnboardingWrapper.tsx, /src/contexts/BackgroundContext.tsx, /src/components/SessionCheckinModal.tsx, /src/components/ChecklistSetupModal.tsx[22m
[2m06:14:24[22m [36m[1m[vite][22m[39m [90m[2m(client)[22m[39m [32mhmr update [39m[2m/src/App.tsx, /src/components/DailyAlarmNotifier.tsx, /src/components/WelcomeNotification.tsx, /src/components/MacroNotifier.tsx, /src/components/BottomNav.tsx, /src/components/GoalReminders.tsx, /src/components/LevelRewardModal.tsx, /src/components/PairOnboardingWrapper.tsx, /src/contexts/BackgroundContext.tsx, /src/components/SessionCheckinModal.tsx, /src/components/ChecklistSetupModal.tsx[22m
[2m06:14:24[22m [36m[1m[vite][22m[39m [90m[2m(client)[22m[39m [32mhmr update [39m[2m/src/App.tsx, /src/components/DailyAlarmNotifier.tsx, /src/components/WelcomeNotification.tsx, /src/components/MacroNotifier.tsx, /src/components/BottomNav.tsx, /src/components/GoalReminders.tsx, /src/components/LevelRewardModal.tsx, /src/components/PairOnboardingWrapper.tsx, /src/contexts/BackgroundContext.tsx, /src/components/SessionCheckinModal.tsx, /src/components/ChecklistSetupModal.tsx[22m
[2m06:14:24[22m [36m[1m[vite][22m[39m [90m[2m(client)[22m[39m [32mhmr update [39m[2m/src/App.tsx, /src/components/DailyAlarmNotifier.tsx, /src/components/WelcomeNotification.tsx, /src/components/MacroNotifier.tsx, /src/components/BottomNav.tsx, /src/components/GoalReminders.tsx, /src/components/LevelRewardModal.tsx, /src/components/PairOnboardingWrapper.tsx, /src/contexts/BackgroundContext.tsx, /src/components/SessionCheckinModal.tsx, /src/components/ChecklistSetupModal.tsx[22m
[2m06:29:32[22m [36m[1m[vite][22m[39m [90m[2m(client)[22m[39m [32mhmr update [39m[2m/src/App.tsx, /src/components/DailyAlarmNotifier.tsx, /src/components/WelcomeNotification.tsx, /src/components/MacroNotifier.tsx, /src/components/BottomNav.tsx, /src/components/GoalReminders.tsx, /src/components/LevelRewardModal.tsx, /src/components/PairOnboardingWrapper.tsx, /src/contexts/BackgroundContext.tsx, /src/components/SessionCheckinModal.tsx, /src/components/ChecklistSetupModal.tsx[22m
[2m06:29:32[22m [36m[1m[vite][22m[39m [90m[2m(client)[22m[39m [32mhmr update [39m[2m/src/App.tsx, /src/components/DailyAlarmNotifier.tsx, /src/components/WelcomeNotification.tsx, /src/components/MacroNotifier.tsx, /src/components/BottomNav.tsx, /src/components/GoalReminders.tsx, /src/components/LevelRewardModal.tsx, /src/components/PairOnboardingWrapper.tsx, /src/contexts/BackgroundContext.tsx, /src/components/SessionCheckinModal.tsx, /src/components/ChecklistSetupModal.tsx[22m
[2m06:29:33[22m [36m[1m[vite][22m[39m [90m[2m(client)[22m[39m [32mhmr update [39m[2m/src/App.tsx, /src/components/DailyAlarmNotifier.tsx, /src/components/WelcomeNotification.tsx, /src/components/MacroNotifier.tsx, /src/components/BottomNav.tsx, /src/components/GoalReminders.tsx, /src/components/LevelRewardModal.tsx, /src/components/PairOnboardingWrapper.tsx, /src/contexts/BackgroundContext.tsx, /src/components/SessionCheckinModal.tsx, /src/components/ChecklistSetupModal.tsx[22m
[2m06:29:33[22m [36m[1m[vite][22m[39m [90m[2m(client)[22m[39m [32mhmr update [39m[2m/src/App.tsx, /src/components/DailyAlarmNotifier.tsx, /src/components/WelcomeNotification.tsx, /src/components/MacroNotifier.tsx, /src/components/BottomNav.tsx, /src/components/GoalReminders.tsx, /src/components/LevelRewardModal.tsx, /src/components/PairOnboardingWrapper.tsx, /src/contexts/BackgroundContext.tsx, /src/components/SessionCheckinModal.tsx, /src/components/ChecklistSetupModal.tsx[22m
[2m06:29:35[22m [36m[1m[vite][22m[39m [90m[2m(client)[22m[39m [32mhmr update [39m[2m/src/App.tsx, /src/components/DailyAlarmNotifier.tsx, /src/components/WelcomeNotification.tsx, /src/components/MacroNotifier.tsx, /src/components/BottomNav.tsx, /src/components/GoalReminders.tsx, /src/components/LevelRewardModal.tsx, /src/components/PairOnboardingWrapper.tsx, /src/contexts/BackgroundContext.tsx, /src/components/SessionCheckinModal.tsx, /src/components/ChecklistSetupModal.tsx[22m
[2m06:29:35[22m [36m[1m[vite][22m[39m [90m[2m(client)[22m[39m [32mhmr update [39m[2m/src/App.tsx, /src/components/DailyAlarmNotifier.tsx, /src/components/WelcomeNotification.tsx, /src/components/MacroNotifier.tsx, /src/components/BottomNav.tsx, /src/components/GoalReminders.tsx, /src/components/LevelRewardModal.tsx, /src/components/PairOnboardingWrapper.tsx, /src/contexts/BackgroundContext.tsx, /src/components/SessionCheckinModal.tsx, /src/components/ChecklistSetupModal.tsx[22m
[2m06:29:35[22m [36m[1m[vite][22m[39m [90m[2m(client)[22m[39m [32mhmr update [39m[2m/src/App.tsx, /src/components/DailyAlarmNotifier.tsx, /src/components/WelcomeNotification.tsx, /src/components/MacroNotifier.tsx, /src/components/BottomNav.tsx, /src/components/GoalReminders.tsx, /src/components/LevelRewardModal.tsx, /src/components/PairOnboardingWrapper.tsx, /src/contexts/BackgroundContext.tsx, /src/components/SessionCheckinModal.tsx, /src/components/ChecklistSetupModal.tsx[22m
[2m06:45:24[22m [36m[1m[vite][22m[39m [90m[2m(client)[22m[39m [32mhmr update [39m[2m/src/App.tsx, /src/components/DailyAlarmNotifier.tsx, /src/components/WelcomeNotification.tsx, /src/components/MacroNotifier.tsx, /src/components/BottomNav.tsx, /src/components/GoalReminders.tsx, /src/components/LevelRewardModal.tsx, /src/components/PairOnboardingWrapper.tsx, /src/contexts/BackgroundContext.tsx, /src/components/SessionCheckinModal.tsx, /src/components/ChecklistSetupModal.tsx[22m
[2m06:45:24[22m [36m[1m[vite][22m[39m [90m[2m(client)[22m[39m [32mhmr update [39m[2m/src/App.tsx, /src/components/DailyAlarmNotifier.tsx, /src/components/WelcomeNotification.tsx, /src/components/MacroNotifier.tsx, /src/components/BottomNav.tsx, /src/components/GoalReminders.tsx, /src/components/LevelRewardModal.tsx, /src/components/PairOnboardingWrapper.tsx, /src/contexts/BackgroundContext.tsx, /src/components/SessionCheckinModal.tsx, /src/components/ChecklistSetupModal.tsx[22m
[2m06:45:25[22m [36m[1m[vite][22m[39m [90m[2m(client)[22m[39m [32mhmr update [39m[2m/src/App.tsx, /src/components/DailyAlarmNotifier.tsx, /src/components/WelcomeNotification.tsx, /src/components/MacroNotifier.tsx, /src/components/BottomNav.tsx, /src/components/GoalReminders.tsx, /src/components/LevelRewardModal.tsx, /src/components/PairOnboardingWrapper.tsx, /src/contexts/BackgroundContext.tsx, /src/components/SessionCheckinModal.tsx, /src/components/ChecklistSetupModal.tsx[22m
[2m06:45:25[22m [36m[1m[vite][22m[39m [90m[2m(client)[22m[39m [32mhmr update [39m[2m/src/App.tsx, /src/components/DailyAlarmNotifier.tsx, /src/components/WelcomeNotification.tsx, /src/components/MacroNotifier.tsx, /src/components/BottomNav.tsx, /src/components/GoalReminders.tsx, /src/components/LevelRewardModal.tsx, /src/components/PairOnboardingWrapper.tsx, /src/contexts/BackgroundContext.tsx, /src/components/SessionCheckinModal.tsx, /src/components/ChecklistSetupModal.tsx[22m
[2m06:45:26[22m [36m[1m[vite][22m[39m [90m[2m(client)[22m[39m [32mhmr update [39m[2m/src/App.tsx, /src/components/DailyAlarmNotifier.tsx, /src/components/WelcomeNotification.tsx, /src/components/MacroNotifier.tsx, /src/components/BottomNav.tsx, /src/components/GoalReminders.tsx, /src/components/LevelRewardModal.tsx, /src/components/PairOnboardingWrapper.tsx, /src/contexts/BackgroundContext.tsx, /src/components/SessionCheckinModal.tsx, /src/components/ChecklistSetupModal.tsx[22m
[2m06:45:26[22m [36m[1m[vite][22m[39m [90m[2m(client)[22m[39m [32mhmr update [39m[2m/src/App.tsx, /src/components/DailyAlarmNotifier.tsx, /src/components/WelcomeNotification.tsx, /src/components/MacroNotifier.tsx, /src/components/BottomNav.tsx, /src/components/GoalReminders.tsx, /src/components/LevelRewardModal.tsx, /src/components/PairOnboardingWrapper.tsx, /src/contexts/BackgroundContext.tsx, /src/components/SessionCheckinModal.tsx, /src/components/ChecklistSetupModal.tsx[22m
[2m06:45:26[22m [36m[1m[vite][22m[39m [90m[2m(client)[22m[39m [32mhmr update [39m[2m/src/App.tsx, /src/components/DailyAlarmNotifier.tsx, /src/components/WelcomeNotification.tsx, /src/components/MacroNotifier.tsx, /src/components/BottomNav.tsx, /src/components/GoalReminders.tsx, /src/components/LevelRewardModal.tsx, /src/components/PairOnboardingWrapper.tsx, /src/contexts/BackgroundContext.tsx, /src/components/SessionCheckinModal.tsx, /src/components/ChecklistSetupModal.tsx[22m
[2m06:57:14[22m [36m[1m[vite][22m[39m [90m[2m(client)[22m[39m [32mhmr update [39m[2m/src/App.tsx, /src/components/DailyAlarmNotifier.tsx, /src/components/WelcomeNotification.tsx, /src/components/MacroNotifier.tsx, /src/components/BottomNav.tsx, /src/components/GoalReminders.tsx, /src/components/LevelRewardModal.tsx, /src/components/PairOnboardingWrapper.tsx, /src/contexts/BackgroundContext.tsx, /src/components/SessionCheckinModal.tsx, /src/components/ChecklistSetupModal.tsx[22m
[2m06:57:14[22m [36m[1m[vite][22m[39m [90m[2m(client)[22m[39m [32mhmr update [39m[2m/src/App.tsx, /src/components/DailyAlarmNotifier.tsx, /src/components/WelcomeNotification.tsx, /src/components/MacroNotifier.tsx, /src/components/BottomNav.tsx, /src/components/GoalReminders.tsx, /src/components/LevelRewardModal.tsx, /src/components/PairOnboardingWrapper.tsx, /src/contexts/BackgroundContext.tsx, /src/components/SessionCheckinModal.tsx, /src/components/ChecklistSetupModal.tsx[22m
[2m06:57:15[22m [36m[1m[vite][22m[39m [90m[2m(client)[22m[39m [32mhmr update [39m[2m/src/App.tsx, /src/components/DailyAlarmNotifier.tsx, /src/components/WelcomeNotification.tsx, /src/components/MacroNotifier.tsx, /src/components/BottomNav.tsx, /src/components/GoalReminders.tsx, /src/components/LevelRewardModal.tsx, /src/components/PairOnboardingWrapper.tsx, /src/contexts/BackgroundContext.tsx, /src/components/SessionCheckinModal.tsx, /src/components/ChecklistSetupModal.tsx[22m
[2m06:57:16[22m [36m[1m[vite][22m[39m [90m[2m(client)[22m[39m [32mhmr update [39m[2m/src/App.tsx, /src/components/DailyAlarmNotifier.tsx, /src/components/WelcomeNotification.tsx, /src/components/MacroNotifier.tsx, /src/components/BottomNav.tsx, /src/components/GoalReminders.tsx, /src/components/LevelRewardModal.tsx, /src/components/PairOnboardingWrapper.tsx, /src/contexts/BackgroundContext.tsx, /src/components/SessionCheckinModal.tsx, /src/components/ChecklistSetupModal.tsx[22m
[2m06:57:17[22m [36m[1m[vite][22m[39m [90m[2m(client)[22m[39m [32mhmr update [39m[2m/src/App.tsx, /src/components/DailyAlarmNotifier.tsx, /src/components/WelcomeNotification.tsx, /src/components/MacroNotifier.tsx, /src/components/BottomNav.tsx, /src/components/GoalReminders.tsx, /src/components/LevelRewardModal.tsx, /src/components/PairOnboardingWrapper.tsx, /src/contexts/BackgroundContext.tsx, /src/components/SessionCheckinModal.tsx, /src/components/ChecklistSetupModal.tsx[22m
[2m06:57:17[22m [36m[1m[vite][22m[39m [90m[2m(client)[22m[39m [32mhmr update [39m[2m/src/App.tsx, /src/components/DailyAlarmNotifier.tsx, /src/components/WelcomeNotification.tsx, /src/components/MacroNotifier.tsx, /src/components/BottomNav.tsx, /src/components/GoalReminders.tsx, /src/components/LevelRewardModal.tsx, /src/components/PairOnboardingWrapper.tsx, /src/contexts/BackgroundContext.tsx, /src/components/SessionCheckinModal.tsx, /src/components/ChecklistSetupModal.tsx[22m
[2m06:57:17[22m [36m[1m[vite][22m[39m [90m[2m(client)[22m[39m [32mhmr update [39m[2m/src/App.tsx, /src/components/DailyAlarmNotifier.tsx, /src/components/WelcomeNotification.tsx, /src/components/MacroNotifier.tsx, /src/components/BottomNav.tsx, /src/components/GoalReminders.tsx, /src/components/LevelRewardModal.tsx, /src/components/PairOnboardingWrapper.tsx, /src/contexts/BackgroundContext.tsx, /src/components/SessionCheckinModal.tsx, /src/components/ChecklistSetupModal.tsx[22m
[2m07:06:26[22m [36m[1m[vite][22m[39m [90m[2m(client)[22m[39m [32mhmr update [39m[2m/src/App.tsx, /src/components/DailyAlarmNotifier.tsx, /src/components/WelcomeNotification.tsx, /src/components/MacroNotifier.tsx, /src/components/BottomNav.tsx, /src/components/GoalReminders.tsx, /src/components/LevelRewardModal.tsx, /src/components/PairOnboardingWrapper.tsx, /src/contexts/BackgroundContext.tsx, /src/components/SessionCheckinModal.tsx, /src/components/ChecklistSetupModal.tsx[22m
[2m07:06:26[22m [36m[1m[vite][22m[39m [90m[2m(client)[22m[39m [32mhmr update [39m[2m/src/App.tsx, /src/components/DailyAlarmNotifier.tsx, /src/components/WelcomeNotification.tsx, /src/components/MacroNotifier.tsx, /src/components/BottomNav.tsx, /src/components/GoalReminders.tsx, /src/components/LevelRewardModal.tsx, /src/components/PairOnboardingWrapper.tsx, /src/contexts/BackgroundContext.tsx, /src/components/SessionCheckinModal.tsx, /src/components/ChecklistSetupModal.tsx[22m
[2m07:06:26[22m [36m[1m[vite][22m[39m [90m[2m(client)[22m[39m [32mhmr update [39m[2m/src/App.tsx, /src/components/DailyAlarmNotifier.tsx, /src/components/WelcomeNotification.tsx, /src/components/MacroNotifier.tsx, /src/components/BottomNav.tsx, /src/components/GoalReminders.tsx, /src/components/LevelRewardModal.tsx, /src/components/PairOnboardingWrapper.tsx, /src/contexts/BackgroundContext.tsx, /src/components/SessionCheckinModal.tsx, /src/components/ChecklistSetupModal.tsx[22m
[2m07:06:27[22m [36m[1m[vite][22m[39m [90m[2m(client)[22m[39m [32mhmr update [39m[2m/src/App.tsx, /src/components/DailyAlarmNotifier.tsx, /src/components/WelcomeNotification.tsx, /src/components/MacroNotifier.tsx, /src/components/BottomNav.tsx, /src/components/GoalReminders.tsx, /src/components/LevelRewardModal.tsx, /src/components/PairOnboardingWrapper.tsx, /src/contexts/BackgroundContext.tsx, /src/components/SessionCheckinModal.tsx, /src/components/ChecklistSetupModal.tsx[22m
[2m07:06:28[22m [36m[1m[vite][22m[39m [90m[2m(client)[22m[39m [32mhmr update [39m[2m/src/App.tsx, /src/components/DailyAlarmNotifier.tsx, /src/components/WelcomeNotification.tsx, /src/components/MacroNotifier.tsx, /src/components/BottomNav.tsx, /src/components/GoalReminders.tsx, /src/components/LevelRewardModal.tsx, /src/components/PairOnboardingWrapper.tsx, /src/contexts/BackgroundContext.tsx, /src/components/SessionCheckinModal.tsx, /src/components/ChecklistSetupModal.tsx[22m
[2m07:06:28[22m [36m[1m[vite][22m[39m [90m[2m(client)[22m[39m [32mhmr update [39m[2m/src/App.tsx, /src/components/DailyAlarmNotifier.tsx, /src/components/WelcomeNotification.tsx, /src/components/MacroNotifier.tsx, /src/components/BottomNav.tsx, /src/components/GoalReminders.tsx, /src/components/LevelRewardModal.tsx, /src/components/PairOnboardingWrapper.tsx, /src/contexts/BackgroundContext.tsx, /src/components/SessionCheckinModal.tsx, /src/components/ChecklistSetupModal.tsx[22m
[2m07:06:28[22m [36m[1m[vite][22m[39m [90m[2m(client)[22m[39m [32mhmr update [39m[2m/src/App.tsx, /src/components/DailyAlarmNotifier.tsx, /src/components/WelcomeNotification.tsx, /src/components/MacroNotifier.tsx, /src/components/BottomNav.tsx, /src/components/GoalReminders.tsx, /src/components/LevelRewardModal.tsx, /src/components/PairOnboardingWrapper.tsx, /src/contexts/BackgroundContext.tsx, /src/components/SessionCheckinModal.tsx, /src/components/ChecklistSetupModal.tsx[22m
[2m07:06:29[22m [36m[1m[vite][22m[39m [90m[2m(client)[22m[39m [32mhmr update [39m[2m/src/App.tsx, /src/components/DailyAlarmNotifier.tsx, /src/components/WelcomeNotification.tsx, /src/components/MacroNotifier.tsx, /src/components/BottomNav.tsx, /src/components/GoalReminders.tsx, /src/components/LevelRewardModal.tsx, /src/components/PairOnboardingWrapper.tsx, /src/contexts/BackgroundContext.tsx, /src/components/SessionCheckinModal.tsx, /src/components/ChecklistSetupModal.tsx[22m
[2m07:06:29[22m [36m[1m[vite][22m[39m [90m[2m(client)[22m[39m [32mhmr update [39m[2m/src/App.tsx, /src/components/DailyAlarmNotifier.tsx, /src/components/WelcomeNotification.tsx, /src/components/MacroNotifier.tsx, /src/components/BottomNav.tsx, /src/components/GoalReminders.tsx, /src/components/LevelRewardModal.tsx, /src/components/PairOnboardingWrapper.tsx, /src/contexts/BackgroundContext.tsx, /src/components/SessionCheckinModal.tsx, /src/components/ChecklistSetupModal.tsx[22m
[2m07:49:55[22m [36m[1m[vite][22m[39m [90m[2m(client)[22m[39m [32mhmr update [39m[2m/src/index.css[22m
[2m07:51:10[22m [36m[1m[vite][22m[39m [90m[2m(client)[22m[39m [32mpage reload [39m[2mindex.html[22m
[2m07:53:31[22m [36m[1m[vite][22m[39m [90m[2m(client)[22m[39m [32mhmr update [39m[2m/src/App.tsx, /src/components/DailyAlarmNotifier.tsx, /src/components/WelcomeNotification.tsx, /src/components/MacroNotifier.tsx, /src/components/BottomNav.tsx, /src/components/GoalReminders.tsx, /src/components/LevelRewardModal.tsx, /src/components/PairOnboardingWrapper.tsx, /src/contexts/BackgroundContext.tsx, /src/components/SessionCheckinModal.tsx, /src/components/ChecklistSetupModal.tsx[22m
[2m07:53:31[22m [36m[1m[vite][22m[39m [90m[2m(client)[22m[39m [32mhmr update [39m[2m/src/App.tsx, /src/components/DailyAlarmNotifier.tsx, /src/components/WelcomeNotification.tsx, /src/components/MacroNotifier.tsx, /src/components/BottomNav.tsx, /src/components/GoalReminders.tsx, /src/components/LevelRewardModal.tsx, /src/components/PairOnboardingWrapper.tsx, /src/contexts/BackgroundContext.tsx, /src/components/SessionCheckinModal.tsx, /src/components/ChecklistSetupModal.tsx[22m
[2m07:53:32[22m [36m[1m[vite][22m[39m [90m[2m(client)[22m[39m [32mhmr update [39m[2m/src/App.tsx, /src/components/DailyAlarmNotifier.tsx, /src/components/WelcomeNotification.tsx, /src/components/MacroNotifier.tsx, /src/components/BottomNav.tsx, /src/components/GoalReminders.tsx, /src/components/LevelRewardModal.tsx, /src/components/PairOnboardingWrapper.tsx, /src/contexts/BackgroundContext.tsx, /src/components/SessionCheckinModal.tsx, /src/components/ChecklistSetupModal.tsx[22m
[2m07:53:32[22m [36m[1m[vite][22m[39m [90m[2m(client)[22m[39m [32mhmr update [39m[2m/src/App.tsx, /src/components/DailyAlarmNotifier.tsx, /src/components/WelcomeNotification.tsx, /src/components/MacroNotifier.tsx, /src/components/BottomNav.tsx, /src/components/GoalReminders.tsx, /src/components/LevelRewardModal.tsx, /src/components/PairOnboardingWrapper.tsx, /src/contexts/BackgroundContext.tsx, /src/components/SessionCheckinModal.tsx, /src/components/ChecklistSetupModal.tsx[22m
[2m07:53:33[22m [36m[1m[vite][22m[39m [90m[2m(client)[22m[39m [32mhmr update [39m[2m/src/App.tsx, /src/components/DailyAlarmNotifier.tsx, /src/components/WelcomeNotification.tsx, /src/components/MacroNotifier.tsx, /src/components/BottomNav.tsx, /src/components/GoalReminders.tsx, /src/components/LevelRewardModal.tsx, /src/components/PairOnboardingWrapper.tsx, /src/contexts/BackgroundContext.tsx, /src/components/SessionCheckinModal.tsx, /src/components/ChecklistSetupModal.tsx[22m
[2m07:53:33[22m [36m[1m[vite][22m[39m [90m[2m(client)[22m[39m [32mhmr update [39m[2m/src/App.tsx, /src/components/DailyAlarmNotifier.tsx, /src/components/WelcomeNotification.tsx, /src/components/MacroNotifier.tsx, /src/components/BottomNav.tsx, /src/components/GoalReminders.tsx, /src/components/LevelRewardModal.tsx, /src/components/PairOnboardingWrapper.tsx, /src/contexts/BackgroundContext.tsx, /src/components/SessionCheckinModal.tsx, /src/components/ChecklistSetupModal.tsx[22m
[2m07:53:33[22m [36m[1m[vite][22m[39m [90m[2m(client)[22m[39m [32mhmr update [39m[2m/src/App.tsx, /src/components/DailyAlarmNotifier.tsx, /src/components/WelcomeNotification.tsx, /src/components/MacroNotifier.tsx, /src/components/BottomNav.tsx, /src/components/GoalReminders.tsx, /src/components/LevelRewardModal.tsx, /src/components/PairOnboardingWrapper.tsx, /src/contexts/BackgroundContext.tsx, /src/components/SessionCheckinModal.tsx, /src/components/ChecklistSetupModal.tsx[22m
[2m08:06:32[22m [36m[1m[vite][22m[39m [90m[2m(client)[22m[39m [32mhmr update [39m[2m/src/App.tsx, /src/index.css[22m
[2m08:06:40[22m [36m[1m[vite][22m[39m [90m[2m(client)[22m[39m [32mhmr update [39m[2m/src/App.tsx, /src/index.css[22m
[2m08:08:24[22m [36m[1m[vite][22m[39m [90m[2m(client)[22m[39m [32mhmr update [39m[2m/src/index.css[22m
[2m08:09:39[22m [36m[1m[vite][22m[39m [90m[2m(client)[22m[39m [32mhmr update [39m[2m/src/index.css[22m
[2m16:48:54[22m [36m[1m[vite][22m[39m [90m[2m(client)[22m[39m [32mhmr update [39m[2m/src/index.css, /src/components/DailyAlarmNotifier.tsx, /src/components/MacroNotifier.tsx, /src/components/GoalReminders.tsx, /src/components/SessionStartNotifier.tsx[22m
[2m17:29:27[22m [36m[1m[vite][22m[39m [90m[2m(client)[22m[39m [32mhmr update [39m[2m/src/App.tsx, /src/components/DailyAlarmNotifier.tsx, /src/components/WelcomeNotification.tsx, /src/components/MacroNotifier.tsx, /src/components/BottomNav.tsx, /src/components/GoalReminders.tsx, /src/components/LevelRewardModal.tsx, /src/components/PairOnboardingWrapper.tsx, /src/contexts/BackgroundContext.tsx, /src/components/SessionCheckinModal.tsx, /src/components/ChecklistSetupModal.tsx[22m
[2m17:29:27[22m [36m[1m[vite][22m[39m [90m[2m(client)[22m[39m [32mhmr update [39m[2m/src/App.tsx, /src/components/DailyAlarmNotifier.tsx, /src/components/WelcomeNotification.tsx, /src/components/MacroNotifier.tsx, /src/components/BottomNav.tsx, /src/components/GoalReminders.tsx, /src/components/LevelRewardModal.tsx, /src/components/PairOnboardingWrapper.tsx, /src/contexts/BackgroundContext.tsx, /src/components/SessionCheckinModal.tsx, /src/components/ChecklistSetupModal.tsx[22m
[2m17:29:28[22m [36m[1m[vite][22m[39m [90m[2m(client)[22m[39m [32mhmr update [39m[2m/src/App.tsx, /src/components/DailyAlarmNotifier.tsx, /src/components/WelcomeNotification.tsx, /src/components/MacroNotifier.tsx, /src/components/BottomNav.tsx, /src/components/GoalReminders.tsx, /src/components/LevelRewardModal.tsx, /src/components/PairOnboardingWrapper.tsx, /src/contexts/BackgroundContext.tsx, /src/components/SessionCheckinModal.tsx, /src/components/ChecklistSetupModal.tsx[22m
[2m17:29:28[22m [36m[1m[vite][22m[39m [90m[2m(client)[22m[39m [32mhmr update [39m[2m/src/App.tsx, /src/components/DailyAlarmNotifier.tsx, /src/components/WelcomeNotification.tsx, /src/components/MacroNotifier.tsx, /src/components/BottomNav.tsx, /src/components/GoalReminders.tsx, /src/components/LevelRewardModal.tsx, /src/components/PairOnboardingWrapper.tsx, /src/contexts/BackgroundContext.tsx, /src/components/SessionCheckinModal.tsx, /src/components/ChecklistSetupModal.tsx[22m
[2m17:29:28[22m [36m[1m[vite][22m[39m [90m[2m(client)[22m[39m [32mhmr update [39m[2m/src/App.tsx, /src/components/DailyAlarmNotifier.tsx, /src/components/WelcomeNotification.tsx, /src/components/MacroNotifier.tsx, /src/components/BottomNav.tsx, /src/components/GoalReminders.tsx, /src/components/LevelRewardModal.tsx, /src/components/PairOnboardingWrapper.tsx, /src/contexts/BackgroundContext.tsx, /src/components/SessionCheckinModal.tsx, /src/components/ChecklistSetupModal.tsx[22m
[2m17:29:28[22m [36m[1m[vite][22m[39m [90m[2m(client)[22m[39m [32mhmr update [39m[2m/src/App.tsx, /src/components/DailyAlarmNotifier.tsx, /src/components/WelcomeNotification.tsx, /src/components/MacroNotifier.tsx, /src/components/BottomNav.tsx, /src/components/GoalReminders.tsx, /src/components/LevelRewardModal.tsx, /src/components/PairOnboardingWrapper.tsx, /src/contexts/BackgroundContext.tsx, /src/components/SessionCheckinModal.tsx, /src/components/ChecklistSetupModal.tsx[22m
[2m17:29:28[22m [36m[1m[vite][22m[39m [90m[2m(client)[22m[39m [32mhmr update [39m[2m/src/App.tsx, /src/components/DailyAlarmNotifier.tsx, /src/components/WelcomeNotification.tsx, /src/components/MacroNotifier.tsx, /src/components/BottomNav.tsx, /src/components/GoalReminders.tsx, /src/components/LevelRewardModal.tsx, /src/components/PairOnboardingWrapper.tsx, /src/contexts/BackgroundContext.tsx, /src/components/SessionCheckinModal.tsx, /src/components/ChecklistSetupModal.tsx[22m
[2m17:41:04[22m [36m[1m[vite][22m[39m [90m[2m(client)[22m[39m [32mhmr update [39m[2m/src/index.css[22m
[2m17:43:27[22m [36m[1m[vite][22m[39m [90m[2m(client)[22m[39m [32mhmr update [39m[2m/src/App.tsx, /src/components/DailyAlarmNotifier.tsx, /src/components/WelcomeNotification.tsx, /src/components/MacroNotifier.tsx, /src/components/BottomNav.tsx, /src/components/GoalReminders.tsx, /src/components/LevelRewardModal.tsx, /src/components/PairOnboardingWrapper.tsx, /src/contexts/BackgroundContext.tsx, /src/components/SessionCheckinModal.tsx, /src/components/ChecklistSetupModal.tsx[22m
[2m17:43:27[22m [36m[1m[vite][22m[39m [90m[2m(client)[22m[39m [32mhmr update [39m[2m/src/App.tsx, /src/components/DailyAlarmNotifier.tsx, /src/components/WelcomeNotification.tsx, /src/components/MacroNotifier.tsx, /src/components/BottomNav.tsx, /src/components/GoalReminders.tsx, /src/components/LevelRewardModal.tsx, /src/components/PairOnboardingWrapper.tsx, /src/contexts/BackgroundContext.tsx, /src/components/SessionCheckinModal.tsx, /src/components/ChecklistSetupModal.tsx[22m
[2m17:43:27[22m [36m[1m[vite][22m[39m [90m[2m(client)[22m[39m [32mhmr update [39m[2m/src/App.tsx, /src/components/DailyAlarmNotifier.tsx, /src/components/WelcomeNotification.tsx, /src/components/MacroNotifier.tsx, /src/components/BottomNav.tsx, /src/components/GoalReminders.tsx, /src/components/LevelRewardModal.tsx, /src/components/PairOnboardingWrapper.tsx, /src/contexts/BackgroundContext.tsx, /src/components/SessionCheckinModal.tsx, /src/components/ChecklistSetupModal.tsx[22m
[2m17:43:28[22m [36m[1m[vite][22m[39m [90m[2m(client)[22m[39m [32mhmr update [39m[2m/src/App.tsx, /src/components/DailyAlarmNotifier.tsx, /src/components/WelcomeNotification.tsx, /src/components/MacroNotifier.tsx, /src/components/BottomNav.tsx, /src/components/GoalReminders.tsx, /src/components/LevelRewardModal.tsx, /src/components/PairOnboardingWrapper.tsx, /src/contexts/BackgroundContext.tsx, /src/components/SessionCheckinModal.tsx, /src/components/ChecklistSetupModal.tsx[22m
[2m17:43:28[22m [36m[1m[vite][22m[39m [90m[2m(client)[22m[39m [32mhmr update [39m[2m/src/App.tsx, /src/components/DailyAlarmNotifier.tsx, /src/components/WelcomeNotification.tsx, /src/components/MacroNotifier.tsx, /src/components/BottomNav.tsx, /src/components/GoalReminders.tsx, /src/components/LevelRewardModal.tsx, /src/components/PairOnboardingWrapper.tsx, /src/contexts/BackgroundContext.tsx, /src/components/SessionCheckinModal.tsx, /src/components/ChecklistSetupModal.tsx[22m
[2m17:43:28[22m [36m[1m[vite][22m[39m [90m[2m(client)[22m[39m [32mhmr update [39m[2m/src/App.tsx, /src/components/DailyAlarmNotifier.tsx, /src/components/WelcomeNotification.tsx, /src/components/MacroNotifier.tsx, /src/components/BottomNav.tsx, /src/components/GoalReminders.tsx, /src/components/LevelRewardModal.tsx, /src/components/PairOnboardingWrapper.tsx, /src/contexts/BackgroundContext.tsx, /src/components/SessionCheckinModal.tsx, /src/components/ChecklistSetupModal.tsx[22m
[2m17:43:28[22m [36m[1m[vite][22m[39m [90m[2m(client)[22m[39m [32mhmr update [39m[2m/src/App.tsx, /src/components/DailyAlarmNotifier.tsx, /src/components/WelcomeNotification.tsx, /src/components/MacroNotifier.tsx, /src/components/BottomNav.tsx, /src/components/GoalReminders.tsx, /src/components/LevelRewardModal.tsx, /src/components/PairOnboardingWrapper.tsx, /src/contexts/BackgroundContext.tsx, /src/components/SessionCheckinModal.tsx, /src/components/ChecklistSetupModal.tsx[22m
[2m17:46:27[22m [36m[1m[vite][22m[39m [90m[2m(client)[22m[39m [32mhmr update [39m[2m/src/App.tsx, /src/components/DailyAlarmNotifier.tsx, /src/components/WelcomeNotification.tsx, /src/components/MacroNotifier.tsx, /src/components/BottomNav.tsx, /src/components/GoalReminders.tsx, /src/components/LevelRewardModal.tsx, /src/components/PairOnboardingWrapper.tsx, /src/contexts/BackgroundContext.tsx, /src/components/SessionCheckinModal.tsx, /src/components/ChecklistSetupModal.tsx[22m
[2m17:46:27[22m [36m[1m[vite][22m[39m [90m[2m(client)[22m[39m [32mhmr update [39m[2m/src/App.tsx, /src/components/DailyAlarmNotifier.tsx, /src/components/WelcomeNotification.tsx, /src/components/MacroNotifier.tsx, /src/components/BottomNav.tsx, /src/components/GoalReminders.tsx, /src/components/LevelRewardModal.tsx, /src/components/PairOnboardingWrapper.tsx, /src/contexts/BackgroundContext.tsx, /src/components/SessionCheckinModal.tsx, /src/components/ChecklistSetupModal.tsx[22m
[2m17:46:27[22m [36m[1m[vite][22m[39m [90m[2m(client)[22m[39m [32mhmr update [39m[2m/src/App.tsx, /src/components/DailyAlarmNotifier.tsx, /src/components/WelcomeNotification.tsx, /src/components/MacroNotifier.tsx, /src/components/BottomNav.tsx, /src/components/GoalReminders.tsx, /src/components/LevelRewardModal.tsx, /src/components/PairOnboardingWrapper.tsx, /src/contexts/BackgroundContext.tsx, /src/components/SessionCheckinModal.tsx, /src/components/ChecklistSetupModal.tsx[22m
[2m17:46:27[22m [36m[1m[vite][22m[39m [90m[2m(client)[22m[39m [32mhmr update [39m[2m/src/App.tsx, /src/components/DailyAlarmNotifier.tsx, /src/components/WelcomeNotification.tsx, /src/components/MacroNotifier.tsx, /src/components/BottomNav.tsx, /src/components/GoalReminders.tsx, /src/components/LevelRewardModal.tsx, /src/components/PairOnboardingWrapper.tsx, /src/contexts/BackgroundContext.tsx, /src/components/SessionCheckinModal.tsx, /src/components/ChecklistSetupModal.tsx[22m
[2m17:46:28[22m [36m[1m[vite][22m[39m [90m[2m(client)[22m[39m [32mhmr update [39m[2m/src/App.tsx, /src/components/DailyAlarmNotifier.tsx, /src/components/WelcomeNotification.tsx, /src/components/MacroNotifier.tsx, /src/components/BottomNav.tsx, /src/components/GoalReminders.tsx, /src/components/LevelRewardModal.tsx, /src/components/PairOnboardingWrapper.tsx, /src/contexts/BackgroundContext.tsx, /src/components/SessionCheckinModal.tsx, /src/components/ChecklistSetupModal.tsx[22m
[2m17:46:28[22m [36m[1m[vite][22m[39m [90m[2m(client)[22m[39m [32mhmr update [39m[2m/src/App.tsx, /src/components/DailyAlarmNotifier.tsx, /src/components/WelcomeNotification.tsx, /src/components/MacroNotifier.tsx, /src/components/BottomNav.tsx, /src/components/GoalReminders.tsx, /src/components/LevelRewardModal.tsx, /src/components/PairOnboardingWrapper.tsx, /src/contexts/BackgroundContext.tsx, /src/components/SessionCheckinModal.tsx, /src/components/ChecklistSetupModal.tsx[22m
[2m17:46:28[22m [36m[1m[vite][22m[39m [90m[2m(client)[22m[39m [32mhmr update [39m[2m/src/App.tsx, /src/components/DailyAlarmNotifier.tsx, /src/components/WelcomeNotification.tsx, /src/components/MacroNotifier.tsx, /src/components/BottomNav.tsx, /src/components/GoalReminders.tsx, /src/components/LevelRewardModal.tsx, /src/components/PairOnboardingWrapper.tsx, /src/contexts/BackgroundContext.tsx, /src/components/SessionCheckinModal.tsx, /src/components/ChecklistSetupModal.tsx[22m
[2m17:47:23[22m [36m[1m[vite][22m[39m [90m[2m(client)[22m[39m [32mhmr update [39m[2m/src/App.tsx, /src/components/DailyAlarmNotifier.tsx, /src/components/WelcomeNotification.tsx, /src/components/MacroNotifier.tsx, /src/components/BottomNav.tsx, /src/components/GoalReminders.tsx, /src/components/LevelRewardModal.tsx, /src/components/PairOnboardingWrapper.tsx, /src/contexts/BackgroundContext.tsx, /src/components/SessionCheckinModal.tsx, /src/components/ChecklistSetupModal.tsx[22m
[2m17:47:23[22m [36m[1m[vite][22m[39m [90m[2m(client)[22m[39m [32mhmr update [39m[2m/src/App.tsx, /src/components/DailyAlarmNotifier.tsx, /src/components/WelcomeNotification.tsx, /src/components/MacroNotifier.tsx, /src/components/BottomNav.tsx, /src/components/GoalReminders.tsx, /src/components/LevelRewardModal.tsx, /src/components/PairOnboardingWrapper.tsx, /src/contexts/BackgroundContext.tsx, /src/components/SessionCheckinModal.tsx, /src/components/ChecklistSetupModal.tsx[22m
[2m17:47:23[22m [36m[1m[vite][22m[39m [90m[2m(client)[22m[39m [32mhmr update [39m[2m/src/App.tsx, /src/components/DailyAlarmNotifier.tsx, /src/components/WelcomeNotification.tsx, /src/components/MacroNotifier.tsx, /src/components/BottomNav.tsx, /src/components/GoalReminders.tsx, /src/components/LevelRewardModal.tsx, /src/components/PairOnboardingWrapper.tsx, /src/contexts/BackgroundContext.tsx, /src/components/SessionCheckinModal.tsx, /src/components/ChecklistSetupModal.tsx[22m
[2m17:47:23[22m [36m[1m[vite][22m[39m [90m[2m(client)[22m[39m [32mhmr update [39m[2m/src/App.tsx, /src/components/DailyAlarmNotifier.tsx, /src/components/WelcomeNotification.tsx, /src/components/MacroNotifier.tsx, /src/components/BottomNav.tsx, /src/components/GoalReminders.tsx, /src/components/LevelRewardModal.tsx, /src/components/PairOnboardingWrapper.tsx, /src/contexts/BackgroundContext.tsx, /src/components/SessionCheckinModal.tsx, /src/components/ChecklistSetupModal.tsx[22m
[2m17:47:25[22m [36m[1m[vite][22m[39m [90m[2m(client)[22m[39m [32mhmr update [39m[2m/src/App.tsx, /src/components/DailyAlarmNotifier.tsx, /src/components/WelcomeNotification.tsx, /src/components/MacroNotifier.tsx, /src/components/BottomNav.tsx, /src/components/GoalReminders.tsx, /src/components/LevelRewardModal.tsx, /src/components/PairOnboardingWrapper.tsx, /src/contexts/BackgroundContext.tsx, /src/components/SessionCheckinModal.tsx, /src/components/ChecklistSetupModal.tsx[22m
[2m17:47:25[22m [36m[1m[vite][22m[39m [90m[2m(client)[22m[39m [32mhmr update [39m[2m/src/App.tsx, /src/components/DailyAlarmNotifier.tsx, /src/components/WelcomeNotification.tsx, /src/components/MacroNotifier.tsx, /src/components/BottomNav.tsx, /src/components/GoalReminders.tsx, /src/components/LevelRewardModal.tsx, /src/components/PairOnboardingWrapper.tsx, /src/contexts/BackgroundContext.tsx, /src/components/SessionCheckinModal.tsx, /src/components/ChecklistSetupModal.tsx[22m
[2m17:47:25[22m [36m[1m[vite][22m[39m [90m[2m(client)[22m[39m [32mhmr update [39m[2m/src/App.tsx, /src/components/DailyAlarmNotifier.tsx, /src/components/WelcomeNotification.tsx, /src/components/MacroNotifier.tsx, /src/components/BottomNav.tsx, /src/components/GoalReminders.tsx, /src/components/LevelRewardModal.tsx, /src/components/PairOnboardingWrapper.tsx, /src/contexts/BackgroundContext.tsx, /src/components/SessionCheckinModal.tsx, /src/components/ChecklistSetupModal.tsx[22m
[2m17:53:01[22m [36m[1m[vite][22m[39m [90m[2m(client)[22m[39m [32mhmr update [39m[2m/src/index.css[22m
[2m17:53:48[22m [36m[1m[vite][22m[39m [90m[2m(client)[22m[39m [32mhmr update [39m[2m/src/index.css[22m
[2m17:53:55[22m [36m[1m[vite][22m[39m [90m[2m(client)[22m[39m [32mhmr update [39m[2m/src/index.css[22m
[2m17:54:24[22m [36m[1m[vite][22m[39m [90m[2m(client)[22m[39m [32mhmr update [39m[2m/src/App.tsx, /src/components/DailyAlarmNotifier.tsx, /src/components/WelcomeNotification.tsx, /src/components/MacroNotifier.tsx, /src/components/BottomNav.tsx, /src/components/GoalReminders.tsx, /src/components/LevelRewardModal.tsx, /src/components/PairOnboardingWrapper.tsx, /src/contexts/BackgroundContext.tsx, /src/components/SessionCheckinModal.tsx, /src/components/ChecklistSetupModal.tsx[22m
[2m17:54:24[22m [36m[1m[vite][22m[39m [90m[2m(client)[22m[39m [32mhmr update [39m[2m/src/App.tsx, /src/components/DailyAlarmNotifier.tsx, /src/components/WelcomeNotification.tsx, /src/components/MacroNotifier.tsx, /src/components/BottomNav.tsx, /src/components/GoalReminders.tsx, /src/components/LevelRewardModal.tsx, /src/components/PairOnboardingWrapper.tsx, /src/contexts/BackgroundContext.tsx, /src/components/SessionCheckinModal.tsx, /src/components/ChecklistSetupModal.tsx[22m
[2m17:54:24[22m [36m[1m[vite][22m[39m [90m[2m(client)[22m[39m [32mhmr update [39m[2m/src/App.tsx, /src/components/DailyAlarmNotifier.tsx, /src/components/WelcomeNotification.tsx, /src/components/MacroNotifier.tsx, /src/components/BottomNav.tsx, /src/components/GoalReminders.tsx, /src/components/LevelRewardModal.tsx, /src/components/PairOnboardingWrapper.tsx, /src/contexts/BackgroundContext.tsx, /src/components/SessionCheckinModal.tsx, /src/components/ChecklistSetupModal.tsx[22m
[2m17:54:24[22m [36m[1m[vite][22m[39m [90m[2m(client)[22m[39m [32mhmr update [39m[2m/src/App.tsx, /src/components/DailyAlarmNotifier.tsx, /src/components/WelcomeNotification.tsx, /src/components/MacroNotifier.tsx, /src/components/BottomNav.tsx, /src/components/GoalReminders.tsx, /src/components/LevelRewardModal.tsx, /src/components/PairOnboardingWrapper.tsx, /src/contexts/BackgroundContext.tsx, /src/components/SessionCheckinModal.tsx, /src/components/ChecklistSetupModal.tsx[22m
[2m17:54:24[22m [36m[1m[vite][22m[39m [90m[2m(client)[22m[39m [32mhmr update [39m[2m/src/App.tsx, /src/components/DailyAlarmNotifier.tsx, /src/components/WelcomeNotification.tsx, /src/components/MacroNotifier.tsx, /src/components/BottomNav.tsx, /src/components/GoalReminders.tsx, /src/components/LevelRewardModal.tsx, /src/components/PairOnboardingWrapper.tsx, /src/contexts/BackgroundContext.tsx, /src/components/SessionCheckinModal.tsx, /src/components/ChecklistSetupModal.tsx[22m
[2m17:54:26[22m [36m[1m[vite][22m[39m [90m[2m(client)[22m[39m [32mhmr update [39m[2m/src/App.tsx, /src/components/DailyAlarmNotifier.tsx, /src/components/WelcomeNotification.tsx, /src/components/MacroNotifier.tsx, /src/components/BottomNav.tsx, /src/components/GoalReminders.tsx, /src/components/LevelRewardModal.tsx, /src/components/PairOnboardingWrapper.tsx, /src/contexts/BackgroundContext.tsx, /src/components/SessionCheckinModal.tsx, /src/components/ChecklistSetupModal.tsx[22m
[2m17:54:26[22m [36m[1m[vite][22m[39m [90m[2m(client)[22m[39m [32mhmr update [39m[2m/src/App.tsx, /src/components/DailyAlarmNotifier.tsx, /src/components/WelcomeNotification.tsx, /src/components/MacroNotifier.tsx, /src/components/BottomNav.tsx, /src/components/GoalReminders.tsx, /src/components/LevelRewardModal.tsx, /src/components/PairOnboardingWrapper.tsx, /src/contexts/BackgroundContext.tsx, /src/components/SessionCheckinModal.tsx, /src/components/ChecklistSetupModal.tsx[22m
[2m18:20:29[22m [36m[1m[vite][22m[39m [90m[2m(client)[22m[39m [32mpage reload [39m[2mindex.html[22m
[2m18:29:16[22m [36m[1m[vite][22m[39m [90m[2m(client)[22m[39m [32mhmr update [39m[2m/src/index.css, /src/components/MacroNewsTicker.tsx[22m
[2m18:42:22[22m [36m[1m[vite][22m[39m [90m[2m(client)[22m[39m [32mhmr update [39m[2m/src/index.css, /src/components/MacroNewsTicker.tsx[22m
[2m18:48:51[22m [36m[1m[vite][22m[39m [90m[2m(client)[22m[39m [32mhmr update [39m[2m/src/App.tsx, /src/index.css[22m
[2m18:53:17[22m [36m[1m[vite][22m[39m [90m[2m(client)[22m[39m [32mhmr update [39m[2m/src/index.css, /src/components/MacroNewsTicker.tsx[22m
[2m18:56:46[22m [36m[1m[vite][22m[39m [90m[2m(client)[22m[39m [32mhmr update [39m[2m/src/App.tsx, /src/index.css[22m
[2m18:57:17[22m [36m[1m[vite][22m[39m [90m[2m(client)[22m[39m [32mhmr update [39m[2m/src/App.tsx, /src/components/DailyAlarmNotifier.tsx, /src/components/WelcomeNotification.tsx, /src/components/MacroNotifier.tsx, /src/components/BottomNav.tsx, /src/components/GoalReminders.tsx, /src/components/LevelRewardModal.tsx, /src/components/PairOnboardingWrapper.tsx, /src/contexts/BackgroundContext.tsx, /src/components/SessionCheckinModal.tsx, /src/components/ChecklistSetupModal.tsx[22m
[2m19:02:15[22m [36m[1m[vite][22m[39m [90m[2m(client)[22m[39m [32mhmr update [39m[2m/src/App.tsx, /src/index.css[22m
[2m20:19:12[22m [36m[1m[vite][22m[39m [90m[2m(client)[22m[39m [32mhmr update [39m[2m/src/index.css, /src/components/MacroNewsTicker.tsx[22m
[2m20:20:30[22m [36m[1m[vite][22m[39m [90m[2m(client)[22m[39m [32mhmr update [39m[2m/src/index.css, /src/components/MacroNewsTicker.tsx[22m
[2m20:23:32[22m [36m[1m[vite][22m[39m [90m[2m(client)[22m[39m [32mhmr update [39m[2m/src/contexts/AudioContext.tsx, /src/index.css[22m
[2m20:26:43[22m [36m[1m[vite][22m[39m [90m[2m(client)[22m[39m [32mpage reload [39m[2mindex.html[22m
[2m20:26:43[22m [36m[1m[vite][22m[39m [90m[2m(client)[22m[39m [32mhmr update [39m[2m/src/index.css[22m
[2m20:26:43[22m [36m[1m[vite][22m[39m [90m[2m(client)[22m[39m [32mhmr update [39m[2m/src/index.css, /src/contexts/LanguageContext.tsx[22m
[2m20:26:43[22m [36m[1m[vite][22m[39m [90m[2m(client)[22m[39m [32mhmr update [39m[2m/src/components/BottomNav.tsx, /src/index.css[22m
[2m20:26:43[22m [36m[1m[vite][22m[39m [90m[2m(client)[22m[39m [32mhmr update [39m[2m/src/index.css[22m
[2m20:26:43[22m [36m[1m[vite][22m[39m [90m[2m(client)[22m[39m [32mhmr update [39m[2m/src/index.css, /src/components/LevelRewardModal.tsx[22m
[2m20:27:37[22m [36m[1m[vite][22m[39m [90m[2m(client)[22m[39m [32mhmr update [39m[2m/src/components/TopNav.tsx, /src/index.css[22m
[2m20:27:37[22m [36m[1m[vite][22m[39m [90m[2m(client)[22m[39m [32mhmr update [39m[2m/src/index.css[22m
[2m20:28:35[22m [36m[1m[vite][22m[39m [90m[2m(client)[22m[39m [32mhmr update [39m[2m/src/index.css[22m
[2m20:30:06[22m [36m[1m[vite][22m[39m [90m[2m(client)[22m[39m [32mpage reload [39m[2mC:/Users/osman/Desktop/TraderLoadingsLOCALE/lib/api-client-react/src/custom-fetch.ts[22m
[2m20:33:14[22m [36m[1m[vite][22m[39m [90m[2m(client)[22m[39m [32mhmr update [39m[2m/src/App.tsx, /src/index.css[22m
[2m23:09:25[22m [36m[1m[vite][22m[39m [90m[2m(client)[22m[39m [32mhmr update [39m[2m/src/index.css[22m
[2m23:10:19[22m [36m[1m[vite][22m[39m [90m[2m(client)[22m[39m [32mhmr update [39m[2m/src/index.css[22m
[2m23:24:24[22m [36m[1m[vite][22m[39m [90m[2m(client)[22m[39m [32mhmr update [39m[2m/src/App.tsx, /src/index.css[22m
[2m23:24:25[22m [36m[1m[vite][22m[39m [90m[2m(client)[22m[39m [32mhmr update [39m[2m/src/App.tsx, /src/index.css[22m
[2m23:25:07[22m [36m[1m[vite][22m[39m [90m[2m(client)[22m[39m [32mhmr update [39m[2m/src/components/BottomNav.tsx, /src/index.css[22m
[2m23:25:10[22m [36m[1m[vite][22m[39m [90m[2m(client)[22m[39m [32mhmr update [39m[2m/src/components/BottomNav.tsx, /src/index.css[22m
[2m23:25:22[22m [36m[1m[vite][22m[39m [90m[2m(client)[22m[39m [32mhmr update [39m[2m/src/index.css, /src/contexts/LanguageContext.tsx[22m
[2m23:25:24[22m [36m[1m[vite][22m[39m [90m[2m(client)[22m[39m [32mhmr update [39m[2m/src/index.css, /src/contexts/LanguageContext.tsx[22m
[2m23:29:57[22m [36m[1m[vite][22m[39m [90m[2m(client)[22m[39m [32mhmr update [39m[2m/src/index.css[22m
[2m00:16:39[22m [36m[1m[vite][22m[39m [90m[2m(client)[22m[39m [32mhmr update [39m[2m/src/index.css[22m
[2m15:08:01[22m [36m[1m[vite][22m[39m [90m[2m(client)[22m[39m [32mhmr update [39m[2m/src/index.css, /src/components/MacroNewsTicker.tsx[22m
[2m15:08:05[22m [36m[1m[vite][22m[39m [90m[2m(client)[22m[39m [32mhmr update [39m[2m/src/index.css, /src/components/MacroNewsTicker.tsx[22m
[2m15:13:45[22m [36m[1m[vite][22m[39m [90m[2m(client)[22m[39m [32mhmr update [39m[2m/src/index.css[22m
[2m16:09:56[22m [36m[1m[vite][22m[39m [90m[2m(client)[22m[39m [32mhmr update [39m[2m/src/index.css[22m
[2m16:09:58[22m [36m[1m[vite][22m[39m [90m[2m(client)[22m[39m [32mhmr update [39m[2m/src/index.css[22m
[2m16:10:00[22m [36m[1m[vite][22m[39m [90m[2m(client)[22m[39m [32mhmr update [39m[2m/src/index.css[22m
[2m16:10:02[22m [36m[1m[vite][22m[39m [90m[2m(client)[22m[39m [32mhmr update [39m[2m/src/index.css[22m
[2m16:10:17[22m [36m[1m[vite][22m[39m [90m[2m(client)[22m[39m [32mhmr update [39m[2m/src/index.css[22m
[2m16:10:48[22m [36m[1m[vite][22m[39m [90m[2m(client)[22m[39m [32mhmr update [39m[2m/src/index.css[22m
[2m16:13:51[22m [36m[1m[vite][22m[39m [90m[2m(client)[22m[39m [32mhmr update [39m[2m/src/index.css[22m
[2m16:15:32[22m [36m[1m[vite][22m[39m [90m[2m(client)[22m[39m [32mhmr update [39m[2m/src/index.css[22m
[2m16:15:44[22m [36m[1m[vite][22m[39m [90m[2m(client)[22m[39m [32mhmr update [39m[2m/src/index.css[22m
[2m16:15:45[22m [36m[1m[vite][22m[39m [90m[2m(client)[22m[39m [32mhmr update [39m[2m/src/index.css[22m
[2m16:15:46[22m [36m[1m[vite][22m[39m [90m[2m(client)[22m[39m [32mhmr update [39m[2m/src/index.css[22m
[2m16:15:47[22m [36m[1m[vite][22m[39m [90m[2m(client)[22m[39m [32mhmr update [39m[2m/src/index.css[22m
[2m16:15:51[22m [36m[1m[vite][22m[39m [90m[2m(client)[22m[39m [32mhmr update [39m[2m/src/index.css[22m
[2m16:16:34[22m [36m[1m[vite][22m[39m [90m[2m(client)[22m[39m [32mhmr update [39m[2m/src/index.css[22m
[2m16:16:38[22m [36m[1m[vite][22m[39m [90m[2m(client)[22m[39m [32mhmr update [39m[2m/src/index.css[22m
[2m16:16:40[22m [36m[1m[vite][22m[39m [90m[2m(client)[22m[39m [32mhmr update [39m[2m/src/index.css[22m
[2m16:16:42[22m [36m[1m[vite][22m[39m [90m[2m(client)[22m[39m [32mhmr update [39m[2m/src/index.css[22m
[2m16:20:49[22m [36m[1m[vite][22m[39m [90m[2m(client)[22m[39m [32mhmr update [39m[2m/src/index.css[22m
[2m16:39:48[22m [36m[1m[vite][22m[39m [90m[2m(client)[22m[39m [32mhmr update [39m[2m/src/index.css[22m
[2m16:45:48[22m [36m[1m[vite][22m[39m [90m[2m(client)[22m[39m [32mhmr update [39m[2m/src/index.css, /src/components/MacroNewsTicker.tsx[22m
[2m16:45:59[22m [36m[1m[vite][22m[39m [90m[2m(client)[22m[39m [32mhmr update [39m[2m/src/index.css, /src/contexts/LanguageContext.tsx[22m
[2m16:50:29[22m [36m[1m[vite][22m[39m [90m[2m(client)[22m[39m [32mhmr update [39m[2m/src/index.css[22m
[2m16:59:07[22m [36m[1m[vite][22m[39m [90m[2m(client)[22m[39m [32mhmr update [39m[2m/src/index.css, /src/components/MacroNewsTicker.tsx[22m
[2m17:12:31[22m [36m[1m[vite][22m[39m [90m[2m(client)[22m[39m [32mhmr update [39m[2m/src/App.tsx, /src/index.css[22m
[2m17:12:31[22m [36m[1m[vite][22m[39m [90m[2m(client)[22m[39m [32mhmr update [39m[2m/src/components/BottomNav.tsx, /src/index.css[22m
[2m17:12:31[22m [36m[1m[vite][22m[39m [90m[2m(client)[22m[39m [32mhmr update [39m[2m/src/index.css[22m
[2m17:14:08[22m [36m[1m[vite][22m[39m [90m[2m(client)[22m[39m [32mhmr update [39m[2m/src/index.css[22m
[2m17:27:12[22m [36m[1m[vite][22m[39m [90m[2m(client)[22m[39m [32mhmr update [39m[2m/src/App.tsx, /src/components/DailyAlarmNotifier.tsx, /src/components/WelcomeNotification.tsx, /src/components/MacroNotifier.tsx, /src/components/BottomNav.tsx, /src/components/GoalReminders.tsx, /src/components/LevelRewardModal.tsx, /src/components/PairOnboardingWrapper.tsx, /src/contexts/BackgroundContext.tsx, /src/components/SessionCheckinModal.tsx, /src/components/ChecklistSetupModal.tsx[22m
[2m17:27:12[22m [36m[1m[vite][22m[39m [90m[2m(client)[22m[39m [32mhmr update [39m[2m/src/App.tsx, /src/components/DailyAlarmNotifier.tsx, /src/components/WelcomeNotification.tsx, /src/components/MacroNotifier.tsx, /src/components/BottomNav.tsx, /src/components/GoalReminders.tsx, /src/components/LevelRewardModal.tsx, /src/components/PairOnboardingWrapper.tsx, /src/contexts/BackgroundContext.tsx, /src/components/SessionCheckinModal.tsx, /src/components/ChecklistSetupModal.tsx[22m
[2m17:27:12[22m [36m[1m[vite][22m[39m [90m[2m(client)[22m[39m [32mhmr update [39m[2m/src/App.tsx, /src/components/DailyAlarmNotifier.tsx, /src/components/WelcomeNotification.tsx, /src/components/MacroNotifier.tsx, /src/components/BottomNav.tsx, /src/components/GoalReminders.tsx, /src/components/LevelRewardModal.tsx, /src/components/PairOnboardingWrapper.tsx, /src/contexts/BackgroundContext.tsx, /src/components/SessionCheckinModal.tsx, /src/components/ChecklistSetupModal.tsx[22m
[2m17:27:12[22m [36m[1m[vite][22m[39m [90m[2m(client)[22m[39m [32mhmr update [39m[2m/src/App.tsx, /src/components/DailyAlarmNotifier.tsx, /src/components/WelcomeNotification.tsx, /src/components/MacroNotifier.tsx, /src/components/BottomNav.tsx, /src/components/GoalReminders.tsx, /src/components/LevelRewardModal.tsx, /src/components/PairOnboardingWrapper.tsx, /src/contexts/BackgroundContext.tsx, /src/components/SessionCheckinModal.tsx, /src/components/ChecklistSetupModal.tsx[22m
[2m17:27:12[22m [36m[1m[vite][22m[39m [90m[2m(client)[22m[39m [32mhmr update [39m[2m/src/App.tsx, /src/components/DailyAlarmNotifier.tsx, /src/components/WelcomeNotification.tsx, /src/components/MacroNotifier.tsx, /src/components/BottomNav.tsx, /src/components/GoalReminders.tsx, /src/components/LevelRewardModal.tsx, /src/components/PairOnboardingWrapper.tsx, /src/contexts/BackgroundContext.tsx, /src/components/SessionCheckinModal.tsx, /src/components/ChecklistSetupModal.tsx[22m
[2m17:27:12[22m [36m[1m[vite][22m[39m [90m[2m(client)[22m[39m [32mhmr update [39m[2m/src/App.tsx, /src/components/DailyAlarmNotifier.tsx, /src/components/WelcomeNotification.tsx, /src/components/MacroNotifier.tsx, /src/components/BottomNav.tsx, /src/components/GoalReminders.tsx, /src/components/LevelRewardModal.tsx, /src/components/PairOnboardingWrapper.tsx, /src/contexts/BackgroundContext.tsx, /src/components/SessionCheckinModal.tsx, /src/components/ChecklistSetupModal.tsx[22m
[2m17:27:12[22m [36m[1m[vite][22m[39m [90m[2m(client)[22m[39m [32mhmr update [39m[2m/src/App.tsx, /src/components/DailyAlarmNotifier.tsx, /src/components/WelcomeNotification.tsx, /src/components/MacroNotifier.tsx, /src/components/BottomNav.tsx, /src/components/GoalReminders.tsx, /src/components/LevelRewardModal.tsx, /src/components/PairOnboardingWrapper.tsx, /src/contexts/BackgroundContext.tsx, /src/components/SessionCheckinModal.tsx, /src/components/ChecklistSetupModal.tsx[22m
