$ pnpm --filter ./scripts exec tsx local/start.ts
$ orval --config ./orval.config.ts
$ drizzle-kit push --config ./drizzle.config.ts
$ vite --config vite.config.ts --host 0.0.0.0 --strictPort
[tools/sentiment] No credentials
[2m03:02:56[22m [31m[1m[vite][22m[39m [31m[2m(client)[22m[39m Pre-transform error: Failed to load url /@fs/C:/Users/osman/Desktop/TraderLoadingsLOCALE/lib/api-client-react/src/generated/api.ts (resolved id: C:/Users/osman/Desktop/TraderLoadingsLOCALE/lib/api-client-react/src/generated/api.ts) in C:/Users/osman/Desktop/TraderLoadingsLOCALE/lib/api-client-react/src/index.ts. Does the file exist?
[2m03:02:56[22m [31m[1m[vite][22m[39m [31m[2m(client)[22m[39m Pre-transform error: Failed to load url /@fs/C:/Users/osman/Desktop/TraderLoadingsLOCALE/lib/api-client-react/src/generated/api.schemas.ts (resolved id: C:/Users/osman/Desktop/TraderLoadingsLOCALE/lib/api-client-react/src/generated/api.schemas.ts) in C:/Users/osman/Desktop/TraderLoadingsLOCALE/lib/api-client-react/src/index.ts. Does the file exist?
[tools/sentiment] No credentials
[RUNTIME_ERROR]{"type":"runtime-error","timestamp":1780880578852,"name":"Error","message":"signal is aborted without reason","stack":"\n\n\n\n\n\n\n\n\n"}
[RUNTIME_ERROR]{"type":"runtime-error","timestamp":1780880578867,"name":"Error","message":"signal is aborted without reason","stack":"\n\n\n\n\n\n\n\n\n"}
[RUNTIME_ERROR]{"type":"runtime-error","timestamp":1780880578875,"name":"Error","message":"signal is aborted without reason","stack":"\n\n\n\n\n\n\n\n\n"}
[RUNTIME_ERROR]{"type":"runtime-error","timestamp":1780880578894,"name":"Error","message":"signal is aborted without reason","stack":"\n\n\n\n\n\n\n\n\n"}
[tools/sentiment] No credentials
[RUNTIME_ERROR]{"type":"runtime-error","timestamp":1780880579500,"name":"Error","message":"signal is aborted without reason","stack":"\n\n\n\n\n\n\n\n\n"}
[RUNTIME_ERROR]{"type":"runtime-error","timestamp":1780880579505,"name":"Error","message":"signal is aborted without reason","stack":"\n\n\n\n\n\n\n\n\n"}
[RUNTIME_ERROR]{"type":"runtime-error","timestamp":1780880579515,"name":"Error","message":"signal is aborted without reason","stack":"\n\n\n\n\n\n\n\n\n"}
[RUNTIME_ERROR]{"type":"runtime-error","timestamp":1780880579517,"name":"Error","message":"signal is aborted without reason","stack":"\n\n\n\n\n\n\n\n\n"}
[RUNTIME_ERROR]{"type":"runtime-error","timestamp":1780880579517,"name":"Error","message":"signal is aborted without reason","stack":"\n\n\n\n\n\n\n\n\n"}
[RUNTIME_ERROR]{"type":"runtime-error","timestamp":1780880579518,"name":"Error","message":"signal is aborted without reason","stack":"\n\n\n\n\n\n\n\n\n"}
[RUNTIME_ERROR]{"type":"runtime-error","timestamp":1780880580465,"name":"Error","message":"signal is aborted without reason","stack":"\n\n\n\n\n\n\n\n\n"}
[tools/sentiment] No credentials
[RUNTIME_ERROR]{"type":"runtime-error","timestamp":1780880580763,"name":"Error","message":"signal is aborted without reason","stack":"\n\n\n\n\n\n\n\n\n"}
[RUNTIME_ERROR]{"type":"runtime-error","timestamp":1780880580772,"name":"Error","message":"signal is aborted without reason","stack":"\n\n\n\n\n\n\n\n\n"}
[RUNTIME_ERROR]{"type":"runtime-error","timestamp":1780880580772,"name":"Error","message":"signal is aborted without reason","stack":"\n\n\n\n\n\n\n\n\n"}
[RUNTIME_ERROR]{"type":"runtime-error","timestamp":1780880580776,"name":"Error","message":"The user aborted a request.","stack":"    at file:///C:/Users/osman/Desktop/TraderLoadingsLOCALE/node_modules/.pnpm/@replit+vite-plugin-runtime-error-modal@0.0.6/node_modules/@replit/vite-plugin-runtime-error-modal/dist/index.mjs:60:37\n    at emitCustomEvent (file:///C:/Users/osman/Desktop/TraderLoadingsLOCALE/node_modules/.pnpm/vite@7.3.2_@types+node@25.3_c373a534d96a187d1d51fc2c1d515988/node_modules/vite/dist/node/chunks/config.js:20443:39)\n    at WebSocket$2.<anonymous> (file:///C:/Users/osman/Desktop/TraderLoadingsLOCALE/node_modules/.pnpm/vite@7.3.2_@types+node@25.3_c373a534d96a187d1d51fc2c1d515988/node_modules/vite/dist/node/chunks/config.js:20453:4)\n    at WebSocket$2.emit (node:events:509:28)\n    at Receiver$2.receiverOnMessage (file:///C:/Users/osman/Desktop/TraderLoadingsLOCALE/node_modules/.pnpm/vite@7.3.2_@types+node@25.3_c373a534d96a187d1d51fc2c1d515988/node_modules/vite/dist/node/chunks/config.js:19601:22)\n    at Receiver$2.emit (node:events:509:28)\n    at Receiver$2.dataMessage (file:///C:/Users/osman/Desktop/TraderLoadingsLOCALE/node_modules/.pnpm/vite@7.3.2_@types+node@25.3_c373a534d96a187d1d51fc2c1d515988/node_modules/vite/dist/node/chunks/config.js:17812:11)\n    at Receiver$2.getData (file:///C:/Users/osman/Desktop/TraderLoadingsLOCALE/node_modules/.pnpm/vite@7.3.2_@types+node@25.3_c373a534d96a187d1d51fc2c1d515988/node_modules/vite/dist/node/chunks/config.js:17747:9)\n    at Receiver$2.startLoop (file:///C:/Users/osman/Desktop/TraderLoadingsLOCALE/node_modules/.pnpm/vite@7.3.2_@types+node@25.3_c373a534d96a187d1d51fc2c1d515988/node_modules/vite/dist/node/chunks/config.js:17572:12)\n    at Receiver$2._write (file:///C:/Users/osman/Desktop/TraderLoadingsLOCALE/node_modules/.pnpm/vite@7.3.2_@types+node@25.3_c373a534d96a187d1d51fc2c1d515988/node_modules/vite/dist/node/chunks/config.js:17519:9)\n    at writeOrBuffer (node:internal/streams/writable:570:12)\n    at _write (node:internal/streams/writable:499:10)\n    at Writable.write (node:internal/streams/writable:508:10)\n    at Socket.socketOnData (file:///C:/Users/osman/Desktop/TraderLoadingsLOCALE/node_modules/.pnpm/vite@7.3.2_@types+node@25.3_c373a534d96a187d1d51fc2c1d515988/node_modules/vite/dist/node/chunks/config.js:19689:37)\n    at Socket.emit (node:events:509:28)\n    at addChunk (node:internal/streams/readable:563:12)\n    at readableAddChunkPushByteMode (node:internal/streams/readable:514:3)\n    at Readable.push (node:internal/streams/readable:394:5)\n    at TCP.onStreamRead (node:internal/stream_base_commons:189:23)"}
[RUNTIME_ERROR]{"type":"runtime-error","timestamp":1780880580783,"name":"Error","message":"signal is aborted without reason","stack":"\n\n\n\n\n\n\n\n\n"}
[tools/sentiment] No credentials
[tools/sentiment] No credentials
[tools/sentiment] No credentials
[tools/sentiment] No credentials
[tools/sentiment] No credentials
[tools/sentiment] No credentials
[tools/sentiment] No credentials
[tools/sentiment] No credentials
[tools/sentiment] No credentials
