$ pnpm --filter ./scripts exec tsx local/start.ts
$ drizzle-kit push --config ./drizzle.config.ts
$ vite --config vite.config.ts --host 0.0.0.0
[tools/sentiment] No credentials
[tools/sentiment] No credentials
[tools/sentiment] No credentials
[2m16:01:43[22m [31m[1m[vite][22m[39m [31m[2m(client)[22m[39m Pre-transform error: Failed to load url /@fs/C:/Users/osman/Desktop/TraderLoadingsLOCALE/lib/api-client-react/src/generated/api.schemas.ts (resolved id: C:/Users/osman/Desktop/TraderLoadingsLOCALE/lib/api-client-react/src/generated/api.schemas.ts) in C:/Users/osman/Desktop/TraderLoadingsLOCALE/lib/api-client-react/src/index.ts. Does the file exist?
[2m16:01:43[22m [31m[1m[vite][22m[39m [31m[2m(client)[22m[39m Pre-transform error: Failed to load url /@fs/C:/Users/osman/Desktop/TraderLoadingsLOCALE/lib/api-client-react/src/generated/api.ts (resolved id: C:/Users/osman/Desktop/TraderLoadingsLOCALE/lib/api-client-react/src/generated/api.ts) in C:/Users/osman/Desktop/TraderLoadingsLOCALE/lib/api-client-react/src/index.ts. Does the file exist?
[2m16:02:24[22m [31m[1m[vite][22m[39m [31m[2m(client)[22m[39m Pre-transform error: Failed to load url /@fs/C:/Users/osman/Desktop/TraderLoadingsLOCALE/lib/api-client-react/src/generated/api.ts (resolved id: C:/Users/osman/Desktop/TraderLoadingsLOCALE/lib/api-client-react/src/generated/api.ts) in C:/Users/osman/Desktop/TraderLoadingsLOCALE/lib/api-client-react/src/index.ts. Does the file exist?
[2m16:02:24[22m [31m[1m[vite][22m[39m [31m[2m(client)[22m[39m Pre-transform error: Failed to load url /@fs/C:/Users/osman/Desktop/TraderLoadingsLOCALE/lib/api-client-react/src/generated/api.schemas.ts (resolved id: C:/Users/osman/Desktop/TraderLoadingsLOCALE/lib/api-client-react/src/generated/api.schemas.ts) in C:/Users/osman/Desktop/TraderLoadingsLOCALE/lib/api-client-react/src/index.ts. Does the file exist?
[RUNTIME_ERROR]{"type":"runtime-error","timestamp":1780840945730,"name":"Error","message":"The requested module '/@fs/C:/Users/osman/Desktop/TraderLoadingsLOCALE/lib/api-client-react/src/index.ts?t=1780840945534' does not provide an export named 'useGetUserSettings'","stack":""}
[RUNTIME_ERROR]{"type":"runtime-error","timestamp":1780840945851,"name":"Error","message":"The requested module '/@fs/C:/Users/osman/Desktop/TraderLoadingsLOCALE/lib/api-client-react/src/index.ts?t=1780840945534' does not provide an export named 'useGetUserSettings'","stack":""}
[RUNTIME_ERROR]{"type":"runtime-error","timestamp":1780840946193,"name":"Error","message":"The requested module '/@fs/C:/Users/osman/Desktop/TraderLoadingsLOCALE/lib/api-client-react/src/index.ts?t=1780840945534' does not provide an export named 'useGetUserSettings'","stack":""}
[RUNTIME_ERROR]{"type":"runtime-error","timestamp":1780840946550,"name":"Error","message":"The requested module '/@fs/C:/Users/osman/Desktop/TraderLoadingsLOCALE/lib/api-client-react/src/index.ts?t=1780840945534' does not provide an export named 'useGetUserSettings'","stack":""}
[tools/sentiment] No credentials
[2m16:02:36[22m [31m[1m[vite][22m[39m [31m[2m(client)[22m[39m Pre-transform error: Failed to load url /@fs/C:/Users/osman/Desktop/TraderLoadingsLOCALE/lib/api-client-react/src/generated/api.schemas.ts (resolved id: C:/Users/osman/Desktop/TraderLoadingsLOCALE/lib/api-client-react/src/generated/api.schemas.ts) in C:/Users/osman/Desktop/TraderLoadingsLOCALE/lib/api-client-react/src/index.ts. Does the file exist?
[2m16:02:36[22m [31m[1m[vite][22m[39m [31m[2m(client)[22m[39m Pre-transform error: Failed to load url /@fs/C:/Users/osman/Desktop/TraderLoadingsLOCALE/lib/api-client-react/src/generated/api.ts (resolved id: C:/Users/osman/Desktop/TraderLoadingsLOCALE/lib/api-client-react/src/generated/api.ts) in C:/Users/osman/Desktop/TraderLoadingsLOCALE/lib/api-client-react/src/index.ts. Does the file exist?
[tools/sentiment] No credentials
[tools/sentiment] No credentials
[tools/sentiment] No credentials
[2m16:05:10[22m [31m[1m[vite][22m[39m [31m[2m(client)[22m[39m Pre-transform error: Failed to load url /@fs/C:/Users/osman/Desktop/TraderLoadingsLOCALE/lib/api-client-react/src/generated/api.ts (resolved id: C:/Users/osman/Desktop/TraderLoadingsLOCALE/lib/api-client-react/src/generated/api.ts) in C:/Users/osman/Desktop/TraderLoadingsLOCALE/lib/api-client-react/src/index.ts. Does the file exist?
[2m16:05:10[22m [31m[1m[vite][22m[39m [31m[2m(client)[22m[39m Pre-transform error: Failed to load url /@fs/C:/Users/osman/Desktop/TraderLoadingsLOCALE/lib/api-client-react/src/generated/api.schemas.ts (resolved id: C:/Users/osman/Desktop/TraderLoadingsLOCALE/lib/api-client-react/src/generated/api.schemas.ts) in C:/Users/osman/Desktop/TraderLoadingsLOCALE/lib/api-client-react/src/index.ts. Does the file exist?
[2m16:05:48[22m [31m[1m[vite][22m[39m [31m[2m(client)[22m[39m Pre-transform error: Failed to load url /@fs/C:/Users/osman/Desktop/TraderLoadingsLOCALE/lib/api-client-react/src/generated/api.ts (resolved id: C:/Users/osman/Desktop/TraderLoadingsLOCALE/lib/api-client-react/src/generated/api.ts) in C:/Users/osman/Desktop/TraderLoadingsLOCALE/lib/api-client-react/src/index.ts. Does the file exist?
[2m16:05:48[22m [31m[1m[vite][22m[39m [31m[2m(client)[22m[39m Pre-transform error: Failed to load url /@fs/C:/Users/osman/Desktop/TraderLoadingsLOCALE/lib/api-client-react/src/generated/api.schemas.ts (resolved id: C:/Users/osman/Desktop/TraderLoadingsLOCALE/lib/api-client-react/src/generated/api.schemas.ts) in C:/Users/osman/Desktop/TraderLoadingsLOCALE/lib/api-client-react/src/index.ts. Does the file exist?
[RUNTIME_ERROR]{"type":"runtime-error","timestamp":1780841150161,"name":"Error","message":"The requested module '/@fs/C:/Users/osman/Desktop/TraderLoadingsLOCALE/lib/api-client-react/src/index.ts?t=1780841149685' does not provide an export named 'useGetUserSettings'","stack":""}
[RUNTIME_ERROR]{"type":"runtime-error","timestamp":1780841150440,"name":"Error","message":"The requested module '/@fs/C:/Users/osman/Desktop/TraderLoadingsLOCALE/lib/api-client-react/src/index.ts?t=1780841149685' does not provide an export named 'useGetUserSettings'","stack":""}
[RUNTIME_ERROR]{"type":"runtime-error","timestamp":1780841150650,"name":"Error","message":"The requested module '/@fs/C:/Users/osman/Desktop/TraderLoadingsLOCALE/lib/api-client-react/src/index.ts?t=1780841149685' does not provide an export named 'useGetUserSettings'","stack":""}
[RUNTIME_ERROR]{"type":"runtime-error","timestamp":1780841150790,"name":"Error","message":"The requested module '/@fs/C:/Users/osman/Desktop/TraderLoadingsLOCALE/lib/api-client-react/src/index.ts?t=1780841149685' does not provide an export named 'useGetUserSettings'","stack":""}
[RUNTIME_ERROR]{"type":"runtime-error","timestamp":1780841150902,"name":"Error","message":"The requested module '/@fs/C:/Users/osman/Desktop/TraderLoadingsLOCALE/lib/api-client-react/src/index.ts?t=1780841149685' does not provide an export named 'useGetUserSettings'","stack":""}
[RUNTIME_ERROR]{"type":"runtime-error","timestamp":1780841151017,"name":"Error","message":"The requested module '/@fs/C:/Users/osman/Desktop/TraderLoadingsLOCALE/lib/api-client-react/src/index.ts?t=1780841149685' does not provide an export named 'useGetUserSettings'","stack":""}
[tools/sentiment] No credentials
[2m16:06:00[22m [31m[1m[vite][22m[39m [31m[2m(client)[22m[39m Pre-transform error: Failed to load url /@fs/C:/Users/osman/Desktop/TraderLoadingsLOCALE/lib/api-client-react/src/generated/api.ts (resolved id: C:/Users/osman/Desktop/TraderLoadingsLOCALE/lib/api-client-react/src/generated/api.ts) in C:/Users/osman/Desktop/TraderLoadingsLOCALE/lib/api-client-react/src/index.ts. Does the file exist?
[2m16:06:00[22m [31m[1m[vite][22m[39m [31m[2m(client)[22m[39m Pre-transform error: Failed to load url /@fs/C:/Users/osman/Desktop/TraderLoadingsLOCALE/lib/api-client-react/src/generated/api.schemas.ts (resolved id: C:/Users/osman/Desktop/TraderLoadingsLOCALE/lib/api-client-react/src/generated/api.schemas.ts) in C:/Users/osman/Desktop/TraderLoadingsLOCALE/lib/api-client-react/src/index.ts. Does the file exist?
[RUNTIME_ERROR]{"type":"runtime-error","timestamp":1780841575803,"name":"Error","message":"prevSessionRef is not defined","stack":"    at C:/Users/osman/Desktop/TraderLoadingsLOCALE/artifacts/trader-dashboard/src/components/ClockWidget.tsx:78:26\n\n\n\n\n\n\n\n\n","loc":{"line":78,"column":26,"file":"C:/Users/osman/Desktop/TraderLoadingsLOCALE/artifacts/trader-dashboard/src/components/ClockWidget.tsx"},"frame":"76 |    useEffect(() => {\n77 |      const name = activeSession?.name ?? null;\n78 |      if (name && name !== prevSessionRef.current) {\n   |                           ^\n79 |        if (\"Notification\" in window && notifPermissionRef.current === \"granted\") {\n80 |          new Notification(`Sessione ${name} iniziata`, {"}
[tools/sentiment] No credentials
[2m16:19:19[22m [31m[1m[vite][22m[39m [31m[2m(client)[22m[39m Pre-transform error: Failed to load url /@fs/C:/Users/osman/Desktop/TraderLoadingsLOCALE/lib/api-client-react/src/generated/api.schemas.ts (resolved id: C:/Users/osman/Desktop/TraderLoadingsLOCALE/lib/api-client-react/src/generated/api.schemas.ts) in C:/Users/osman/Desktop/TraderLoadingsLOCALE/lib/api-client-react/src/index.ts. Does the file exist?
[2m16:19:19[22m [31m[1m[vite][22m[39m [31m[2m(client)[22m[39m Pre-transform error: Failed to load url /@fs/C:/Users/osman/Desktop/TraderLoadingsLOCALE/lib/api-client-react/src/generated/api.ts (resolved id: C:/Users/osman/Desktop/TraderLoadingsLOCALE/lib/api-client-react/src/generated/api.ts) in C:/Users/osman/Desktop/TraderLoadingsLOCALE/lib/api-client-react/src/index.ts. Does the file exist?
[tools/sentiment] No credentials
[tools/sentiment] No credentials
[2m16:21:04[22m [31m[1m[vite][22m[39m [31m[2m(client)[22m[39m Pre-transform error: Failed to load url /@fs/C:/Users/osman/Desktop/TraderLoadingsLOCALE/lib/api-client-react/src/generated/api.schemas.ts (resolved id: C:/Users/osman/Desktop/TraderLoadingsLOCALE/lib/api-client-react/src/generated/api.schemas.ts) in C:/Users/osman/Desktop/TraderLoadingsLOCALE/lib/api-client-react/src/index.ts. Does the file exist?
[2m16:21:04[22m [31m[1m[vite][22m[39m [31m[2m(client)[22m[39m Pre-transform error: Failed to load url /@fs/C:/Users/osman/Desktop/TraderLoadingsLOCALE/lib/api-client-react/src/generated/api.ts (resolved id: C:/Users/osman/Desktop/TraderLoadingsLOCALE/lib/api-client-react/src/generated/api.ts) in C:/Users/osman/Desktop/TraderLoadingsLOCALE/lib/api-client-react/src/index.ts. Does the file exist?
[2m16:23:25[22m [31m[1m[vite][22m[39m [31m[2m(client)[22m[39m Pre-transform error: Failed to load url /@fs/C:/Users/osman/Desktop/TraderLoadingsLOCALE/lib/api-client-react/src/generated/api.ts (resolved id: C:/Users/osman/Desktop/TraderLoadingsLOCALE/lib/api-client-react/src/generated/api.ts) in C:/Users/osman/Desktop/TraderLoadingsLOCALE/lib/api-client-react/src/index.ts. Does the file exist?
[2m16:23:25[22m [31m[1m[vite][22m[39m [31m[2m(client)[22m[39m Pre-transform error: Failed to load url /@fs/C:/Users/osman/Desktop/TraderLoadingsLOCALE/lib/api-client-react/src/generated/api.schemas.ts (resolved id: C:/Users/osman/Desktop/TraderLoadingsLOCALE/lib/api-client-react/src/generated/api.schemas.ts) in C:/Users/osman/Desktop/TraderLoadingsLOCALE/lib/api-client-react/src/index.ts. Does the file exist?
[tools/sentiment] No credentials
[tools/sentiment] No credentials
[2m16:23:45[22m [31m[1m[vite][22m[39m [31m[2m(client)[22m[39m Pre-transform error: Failed to load url /@fs/C:/Users/osman/Desktop/TraderLoadingsLOCALE/lib/api-client-react/src/generated/api.schemas.ts (resolved id: C:/Users/osman/Desktop/TraderLoadingsLOCALE/lib/api-client-react/src/generated/api.schemas.ts) in C:/Users/osman/Desktop/TraderLoadingsLOCALE/lib/api-client-react/src/index.ts. Does the file exist?
[2m16:23:45[22m [31m[1m[vite][22m[39m [31m[2m(client)[22m[39m Pre-transform error: Failed to load url /@fs/C:/Users/osman/Desktop/TraderLoadingsLOCALE/lib/api-client-react/src/generated/api.ts (resolved id: C:/Users/osman/Desktop/TraderLoadingsLOCALE/lib/api-client-react/src/generated/api.ts) in C:/Users/osman/Desktop/TraderLoadingsLOCALE/lib/api-client-react/src/index.ts. Does the file exist?
[tools/sentiment] No credentials
[tools/sentiment] No credentials
[tools/sentiment] No credentials
[2m16:24:43[22m [31m[1m[vite][22m[39m [31m[2m(client)[22m[39m Pre-transform error: Failed to load url /@fs/C:/Users/osman/Desktop/TraderLoadingsLOCALE/lib/api-client-react/src/generated/api.ts (resolved id: C:/Users/osman/Desktop/TraderLoadingsLOCALE/lib/api-client-react/src/generated/api.ts) in C:/Users/osman/Desktop/TraderLoadingsLOCALE/lib/api-client-react/src/index.ts. Does the file exist?
[2m16:24:43[22m [31m[1m[vite][22m[39m [31m[2m(client)[22m[39m Pre-transform error: Failed to load url /@fs/C:/Users/osman/Desktop/TraderLoadingsLOCALE/lib/api-client-react/src/generated/api.schemas.ts (resolved id: C:/Users/osman/Desktop/TraderLoadingsLOCALE/lib/api-client-react/src/generated/api.schemas.ts) in C:/Users/osman/Desktop/TraderLoadingsLOCALE/lib/api-client-react/src/index.ts. Does the file exist?
[RUNTIME_ERROR]{"type":"runtime-error","timestamp":1780842284857,"name":"Error","message":"The requested module '/@fs/C:/Users/osman/Desktop/TraderLoadingsLOCALE/lib/api-client-react/src/index.ts?t=1780842284370' does not provide an export named 'useGetUserSettings'","stack":""}
[RUNTIME_ERROR]{"type":"runtime-error","timestamp":1780842284988,"name":"Error","message":"The requested module '/@fs/C:/Users/osman/Desktop/TraderLoadingsLOCALE/lib/api-client-react/src/index.ts?t=1780842284370' does not provide an export named 'useGetUserSettings'","stack":""}
[RUNTIME_ERROR]{"type":"runtime-error","timestamp":1780842285146,"name":"Error","message":"The requested module '/@fs/C:/Users/osman/Desktop/TraderLoadingsLOCALE/lib/api-client-react/src/index.ts?t=1780842284370' does not provide an export named 'useGetUserSettings'","stack":""}
[RUNTIME_ERROR]{"type":"runtime-error","timestamp":1780842285303,"name":"Error","message":"The requested module '/@fs/C:/Users/osman/Desktop/TraderLoadingsLOCALE/lib/api-client-react/src/index.ts?t=1780842284370' does not provide an export named 'useGetUserSettings'","stack":""}
[RUNTIME_ERROR]{"type":"runtime-error","timestamp":1780842285418,"name":"Error","message":"The requested module '/@fs/C:/Users/osman/Desktop/TraderLoadingsLOCALE/lib/api-client-react/src/index.ts?t=1780842284370' does not provide an export named 'useGetUserSettings'","stack":""}
[RUNTIME_ERROR]{"type":"runtime-error","timestamp":1780842285520,"name":"Error","message":"The requested module '/@fs/C:/Users/osman/Desktop/TraderLoadingsLOCALE/lib/api-client-react/src/index.ts?t=1780842284370' does not provide an export named 'useGetUserSettings'","stack":""}
[tools/sentiment] No credentials
[2m16:25:39[22m [31m[1m[vite][22m[39m [31m[2m(client)[22m[39m Pre-transform error: Failed to load url /@fs/C:/Users/osman/Desktop/TraderLoadingsLOCALE/lib/api-client-react/src/generated/api.ts (resolved id: C:/Users/osman/Desktop/TraderLoadingsLOCALE/lib/api-client-react/src/generated/api.ts) in C:/Users/osman/Desktop/TraderLoadingsLOCALE/lib/api-client-react/src/index.ts. Does the file exist?
[2m16:25:39[22m [31m[1m[vite][22m[39m [31m[2m(client)[22m[39m Pre-transform error: Failed to load url /@fs/C:/Users/osman/Desktop/TraderLoadingsLOCALE/lib/api-client-react/src/generated/api.schemas.ts (resolved id: C:/Users/osman/Desktop/TraderLoadingsLOCALE/lib/api-client-react/src/generated/api.schemas.ts) in C:/Users/osman/Desktop/TraderLoadingsLOCALE/lib/api-client-react/src/index.ts. Does the file exist?
[2m16:26:24[22m [31m[1m[vite][22m[39m [31m[2m(client)[22m[39m Pre-transform error: Failed to load url /@fs/C:/Users/osman/Desktop/TraderLoadingsLOCALE/lib/api-client-react/src/generated/api.schemas.ts (resolved id: C:/Users/osman/Desktop/TraderLoadingsLOCALE/lib/api-client-react/src/generated/api.schemas.ts) in C:/Users/osman/Desktop/TraderLoadingsLOCALE/lib/api-client-react/src/index.ts. Does the file exist?
[2m16:26:24[22m [31m[1m[vite][22m[39m [31m[2m(client)[22m[39m Pre-transform error: Failed to load url /@fs/C:/Users/osman/Desktop/TraderLoadingsLOCALE/lib/api-client-react/src/generated/api.ts (resolved id: C:/Users/osman/Desktop/TraderLoadingsLOCALE/lib/api-client-react/src/generated/api.ts) in C:/Users/osman/Desktop/TraderLoadingsLOCALE/lib/api-client-react/src/index.ts. Does the file exist?
[tools/sentiment] No credentials
[2m16:26:41[22m [31m[1m[vite][22m[39m [31m[2m(client)[22m[39m Pre-transform error: Failed to load url /@fs/C:/Users/osman/Desktop/TraderLoadingsLOCALE/lib/api-client-react/src/generated/api.ts (resolved id: C:/Users/osman/Desktop/TraderLoadingsLOCALE/lib/api-client-react/src/generated/api.ts) in C:/Users/osman/Desktop/TraderLoadingsLOCALE/lib/api-client-react/src/index.ts. Does the file exist?
[2m16:26:41[22m [31m[1m[vite][22m[39m [31m[2m(client)[22m[39m Pre-transform error: Failed to load url /@fs/C:/Users/osman/Desktop/TraderLoadingsLOCALE/lib/api-client-react/src/generated/api.schemas.ts (resolved id: C:/Users/osman/Desktop/TraderLoadingsLOCALE/lib/api-client-react/src/generated/api.schemas.ts) in C:/Users/osman/Desktop/TraderLoadingsLOCALE/lib/api-client-react/src/index.ts. Does the file exist?
